<?xml version="1.0" encoding="UTF-8"?>
<coverage generated="1743899004222" clover="3.2.0">
  <project timestamp="1743899004222" name="All files">
    <metrics statements="42" coveredstatements="42" conditionals="36" coveredconditionals="33" methods="6" coveredmethods="6" elements="84" coveredelements="81" complexity="0" loc="42" ncloc="42" packages="3" files="5" classes="5"/>
    <package name="components.common">
      <metrics statements="21" coveredstatements="21" conditionals="34" coveredconditionals="31" methods="3" coveredmethods="3"/>
      <file name="Alert.tsx" path="/home/ubuntu/PMS/frontend/src/components/common/Alert.tsx">
        <metrics statements="5" coveredstatements="5" conditionals="4" coveredconditionals="3" methods="1" coveredmethods="1"/>
        <line num="1" count="2" type="stmt"/>
        <line num="12" count="2" type="stmt"/>
        <line num="18" count="9" type="stmt"/>
        <line num="20" count="9" type="stmt"/>
        <line num="36" count="2" type="stmt"/>
      </file>
      <file name="Button.tsx" path="/home/ubuntu/PMS/frontend/src/components/common/Button.tsx">
        <metrics statements="9" coveredstatements="9" conditionals="15" coveredconditionals="15" methods="1" coveredmethods="1"/>
        <line num="1" count="2" type="stmt"/>
        <line num="14" count="2" type="stmt"/>
        <line num="24" count="15" type="stmt"/>
        <line num="25" count="15" type="stmt"/>
        <line num="26" count="15" type="stmt"/>
        <line num="31" count="15" type="cond" truecount="2" falsecount="0"/>
        <line num="32" count="15" type="cond" truecount="4" falsecount="0"/>
        <line num="34" count="15" type="stmt"/>
        <line num="52" count="2" type="stmt"/>
      </file>
      <file name="Input.tsx" path="/home/ubuntu/PMS/frontend/src/components/common/Input.tsx">
        <metrics statements="7" coveredstatements="7" conditionals="15" coveredconditionals="13" methods="1" coveredmethods="1"/>
        <line num="1" count="2" type="stmt"/>
        <line num="10" count="2" type="stmt"/>
        <line num="19" count="22" type="cond" truecount="2" falsecount="0"/>
        <line num="20" count="22" type="cond" truecount="2" falsecount="0"/>
        <line num="21" count="22" type="cond" truecount="2" falsecount="0"/>
        <line num="23" count="22" type="stmt"/>
        <line num="41" count="2" type="stmt"/>
      </file>
    </package>
    <package name="components.forms">
      <metrics statements="16" coveredstatements="16" conditionals="2" coveredconditionals="2" methods="2" coveredmethods="2"/>
      <file name="LoginForm.tsx" path="/home/ubuntu/PMS/frontend/src/components/forms/LoginForm.tsx">
        <metrics statements="16" coveredstatements="16" conditionals="2" coveredconditionals="2" methods="2" coveredmethods="2"/>
        <line num="1" count="1" type="stmt"/>
        <line num="2" count="1" type="stmt"/>
        <line num="3" count="1" type="stmt"/>
        <line num="4" count="1" type="stmt"/>
        <line num="5" count="1" type="stmt"/>
        <line num="6" count="1" type="stmt"/>
        <line num="7" count="1" type="stmt"/>
        <line num="8" count="1" type="stmt"/>
        <line num="11" count="1" type="stmt"/>
        <line num="19" count="1" type="stmt"/>
        <line num="20" count="7" type="stmt"/>
        <line num="26" count="7" type="stmt"/>
        <line num="30" count="7" type="stmt"/>
        <line num="31" count="1" type="stmt"/>
        <line num="34" count="7" type="stmt"/>
        <line num="75" count="1" type="stmt"/>
      </file>
    </package>
    <package name="pages">
      <metrics statements="5" coveredstatements="5" conditionals="0" coveredconditionals="0" methods="1" coveredmethods="1"/>
      <file name="Login.tsx" path="/home/ubuntu/PMS/frontend/src/pages/Login.tsx">
        <metrics statements="5" coveredstatements="5" conditionals="0" coveredconditionals="0" methods="1" coveredmethods="1"/>
        <line num="1" count="1" type="stmt"/>
        <line num="2" count="1" type="stmt"/>
        <line num="4" count="1" type="stmt"/>
        <line num="5" count="5" type="stmt"/>
        <line num="18" count="1" type="stmt"/>
      </file>
    </package>
  </project>
</coverage>
