{"/home/ubuntu/PMS/frontend/src/components/common/Alert.tsx": {"path":"/home/ubuntu/PMS/frontend/src/components/common/Alert.tsx","statementMap":{"0":{"start":{"line":1,"column":0},"end":{"line":1,"column":26}},"1":{"start":{"line":12,"column":36},"end":{"line":34,"column":1}},"2":{"start":{"line":18,"column":21},"end":{"line":18,"column":45}},"3":{"start":{"line":20,"column":2},"end":{"line":33,"column":4}},"4":{"start":{"line":36,"column":0},"end":{"line":36,"column":21}}},"fnMap":{"0":{"name":"(anonymous_0)","decl":{"start":{"line":12,"column":36},"end":{"line":12,"column":37}},"loc":{"start":{"line":17,"column":5},"end":{"line":34,"column":1}}}},"branchMap":{"0":{"loc":{"start":{"line":22,"column":7},"end":{"line":22,"column":61}},"type":"binary-expr","locations":[{"start":{"line":22,"column":7},"end":{"line":22,"column":12}},{"start":{"line":22,"column":16},"end":{"line":22,"column":61}}]},"1":{"loc":{"start":{"line":24,"column":7},"end":{"line":30,"column":null}},"type":"binary-expr","locations":[{"start":{"line":24,"column":7},"end":{"line":24,"column":14}},{"start":{"line":25,"column":8},"end":{"line":27,"column":null}}]}},"s":{"0":2,"1":2,"2":9,"3":9,"4":2},"f":{"0":9},"b":{"0":[9,0],"1":[9,2]}}
,"/home/ubuntu/PMS/frontend/src/components/common/Button.tsx": {"path":"/home/ubuntu/PMS/frontend/src/components/common/Button.tsx","statementMap":{"0":{"start":{"line":1,"column":0},"end":{"line":1,"column":52}},"1":{"start":{"line":14,"column":38},"end":{"line":50,"column":1}},"2":{"start":{"line":24,"column":22},"end":{"line":24,"column":27}},"3":{"start":{"line":25,"column":25},"end":{"line":25,"column":41}},"4":{"start":{"line":26,"column":22},"end":{"line":30,"column":4}},"5":{"start":{"line":31,"column":21},"end":{"line":31,"column":46}},"6":{"start":{"line":32,"column":24},"end":{"line":32,"column":84}},"7":{"start":{"line":34,"column":2},"end":{"line":49,"column":4}},"8":{"start":{"line":52,"column":0},"end":{"line":52,"column":22}}},"fnMap":{"0":{"name":"(anonymous_0)","decl":{"start":{"line":14,"column":38},"end":{"line":14,"column":39}},"loc":{"start":{"line":23,"column":5},"end":{"line":50,"column":1}}}},"branchMap":{"0":{"loc":{"start":{"line":15,"column":2},"end":{"line":15,"column":21}},"type":"default-arg","locations":[{"start":{"line":15,"column":12},"end":{"line":15,"column":21}}]},"1":{"loc":{"start":{"line":16,"column":2},"end":{"line":16,"column":13}},"type":"default-arg","locations":[{"start":{"line":16,"column":9},"end":{"line":16,"column":13}}]},"2":{"loc":{"start":{"line":17,"column":2},"end":{"line":17,"column":19}},"type":"default-arg","locations":[{"start":{"line":17,"column":14},"end":{"line":17,"column":19}}]},"3":{"loc":{"start":{"line":18,"column":2},"end":{"line":18,"column":19}},"type":"default-arg","locations":[{"start":{"line":18,"column":14},"end":{"line":18,"column":19}}]},"4":{"loc":{"start":{"line":20,"column":2},"end":{"line":20,"column":16}},"type":"default-arg","locations":[{"start":{"line":20,"column":14},"end":{"line":20,"column":16}}]},"5":{"loc":{"start":{"line":31,"column":21},"end":{"line":31,"column":46}},"type":"cond-expr","locations":[{"start":{"line":31,"column":33},"end":{"line":31,"column":41}},{"start":{"line":31,"column":44},"end":{"line":31,"column":46}}]},"6":{"loc":{"start":{"line":32,"column":24},"end":{"line":32,"column":84}},"type":"cond-expr","locations":[{"start":{"line":32,"column":48},"end":{"line":32,"column":79}},{"start":{"line":32,"column":82},"end":{"line":32,"column":84}}]},"7":{"loc":{"start":{"line":32,"column":24},"end":{"line":32,"column":45}},"type":"binary-expr","locations":[{"start":{"line":32,"column":24},"end":{"line":32,"column":32}},{"start":{"line":32,"column":36},"end":{"line":32,"column":45}}]},"8":{"loc":{"start":{"line":37,"column":16},"end":{"line":37,"column":37}},"type":"binary-expr","locations":[{"start":{"line":37,"column":16},"end":{"line":37,"column":24}},{"start":{"line":37,"column":28},"end":{"line":37,"column":37}}]},"9":{"loc":{"start":{"line":40,"column":7},"end":{"line":46,"column":null}},"type":"cond-expr","locations":[{"start":{"line":41,"column":8},"end":{"line":42,"column":null}},{"start":{"line":46,"column":8},"end":{"line":46,"column":16}}]}},"s":{"0":2,"1":2,"2":15,"3":15,"4":15,"5":15,"6":15,"7":15,"8":2},"f":{"0":15},"b":{"0":[5],"1":[15],"2":[8],"3":[8],"4":[14],"5":[7,8],"6":[3,12],"7":[15,13],"8":[15,13],"9":[1,14]}}
,"/home/ubuntu/PMS/frontend/src/components/common/Input.tsx": {"path":"/home/ubuntu/PMS/frontend/src/components/common/Input.tsx","statementMap":{"0":{"start":{"line":1,"column":0},"end":{"line":1,"column":51}},"1":{"start":{"line":10,"column":36},"end":{"line":39,"column":1}},"2":{"start":{"line":19,"column":18},"end":{"line":19,"column":74}},"3":{"start":{"line":20,"column":21},"end":{"line":20,"column":46}},"4":{"start":{"line":21,"column":21},"end":{"line":21,"column":54}},"5":{"start":{"line":23,"column":2},"end":{"line":38,"column":4}},"6":{"start":{"line":41,"column":0},"end":{"line":41,"column":21}}},"fnMap":{"0":{"name":"(anonymous_0)","decl":{"start":{"line":10,"column":36},"end":{"line":10,"column":37}},"loc":{"start":{"line":18,"column":5},"end":{"line":39,"column":1}}}},"branchMap":{"0":{"loc":{"start":{"line":14,"column":2},"end":{"line":14,"column":19}},"type":"default-arg","locations":[{"start":{"line":14,"column":14},"end":{"line":14,"column":19}}]},"1":{"loc":{"start":{"line":15,"column":2},"end":{"line":15,"column":16}},"type":"default-arg","locations":[{"start":{"line":15,"column":14},"end":{"line":15,"column":16}}]},"2":{"loc":{"start":{"line":19,"column":18},"end":{"line":19,"column":74}},"type":"binary-expr","locations":[{"start":{"line":19,"column":18},"end":{"line":19,"column":20}},{"start":{"line":19,"column":24},"end":{"line":19,"column":74}}]},"3":{"loc":{"start":{"line":20,"column":21},"end":{"line":20,"column":46}},"type":"cond-expr","locations":[{"start":{"line":20,"column":33},"end":{"line":20,"column":41}},{"start":{"line":20,"column":44},"end":{"line":20,"column":46}}]},"4":{"loc":{"start":{"line":21,"column":21},"end":{"line":21,"column":54}},"type":"cond-expr","locations":[{"start":{"line":21,"column":29},"end":{"line":21,"column":49}},{"start":{"line":21,"column":52},"end":{"line":21,"column":54}}]},"5":{"loc":{"start":{"line":25,"column":7},"end":{"line":28,"column":null}},"type":"binary-expr","locations":[{"start":{"line":25,"column":7},"end":{"line":25,"column":12}},{"start":{"line":26,"column":8},"end":{"line":27,"column":null}}]},"6":{"loc":{"start":{"line":35,"column":7},"end":{"line":35,"column":57}},"type":"binary-expr","locations":[{"start":{"line":35,"column":7},"end":{"line":35,"column":12}},{"start":{"line":35,"column":16},"end":{"line":35,"column":57}}]},"7":{"loc":{"start":{"line":36,"column":7},"end":{"line":36,"column":93}},"type":"binary-expr","locations":[{"start":{"line":36,"column":7},"end":{"line":36,"column":17}},{"start":{"line":36,"column":21},"end":{"line":36,"column":27}},{"start":{"line":36,"column":31},"end":{"line":36,"column":93}}]}},"s":{"0":2,"1":2,"2":22,"3":22,"4":22,"5":22,"6":2},"f":{"0":22},"b":{"0":[8],"1":[22],"2":[22,22],"3":[14,8],"4":[3,19],"5":[22,22],"6":[22,3],"7":[22,0,0]}}
,"/home/ubuntu/PMS/frontend/src/components/forms/LoginForm.tsx": {"path":"/home/ubuntu/PMS/frontend/src/components/forms/LoginForm.tsx","statementMap":{"0":{"start":{"line":1,"column":0},"end":{"line":1,"column":26}},"1":{"start":{"line":2,"column":0},"end":{"line":2,"column":57}},"2":{"start":{"line":3,"column":0},"end":{"line":3,"column":54}},"3":{"start":{"line":4,"column":0},"end":{"line":4,"column":24}},"4":{"start":{"line":5,"column":0},"end":{"line":5,"column":36}},"5":{"start":{"line":6,"column":0},"end":{"line":6,"column":38}},"6":{"start":{"line":7,"column":0},"end":{"line":7,"column":36}},"7":{"start":{"line":8,"column":0},"end":{"line":8,"column":53}},"8":{"start":{"line":11,"column":20},"end":{"line":14,"column":2}},"9":{"start":{"line":19,"column":28},"end":{"line":73,"column":1}},"10":{"start":{"line":20,"column":50},"end":{"line":20,"column":64}},"11":{"start":{"line":26,"column":6},"end":{"line":28,"column":4}},"12":{"start":{"line":30,"column":51},"end":{"line":32,"column":3}},"13":{"start":{"line":31,"column":4},"end":{"line":31,"column":46}},"14":{"start":{"line":34,"column":2},"end":{"line":72,"column":4}},"15":{"start":{"line":75,"column":0},"end":{"line":75,"column":25}}},"fnMap":{"0":{"name":"(anonymous_0)","decl":{"start":{"line":19,"column":28},"end":{"line":19,"column":31}},"loc":{"start":{"line":19,"column":33},"end":{"line":73,"column":1}}},"1":{"name":"(anonymous_1)","decl":{"start":{"line":30,"column":51},"end":{"line":30,"column":56}},"loc":{"start":{"line":30,"column":66},"end":{"line":32,"column":3}}}},"branchMap":{"0":{"loc":{"start":{"line":38,"column":7},"end":{"line":43,"column":null}},"type":"binary-expr","locations":[{"start":{"line":38,"column":7},"end":{"line":38,"column":12}},{"start":{"line":39,"column":8},"end":{"line":42,"column":null}}]}},"s":{"0":1,"1":1,"2":1,"3":1,"4":1,"5":1,"6":1,"7":1,"8":1,"9":1,"10":7,"11":7,"12":7,"13":1,"14":7,"15":1},"f":{"0":7,"1":1},"b":{"0":[7,1]}}
,"/home/ubuntu/PMS/frontend/src/pages/Login.tsx": {"path":"/home/ubuntu/PMS/frontend/src/pages/Login.tsx","statementMap":{"0":{"start":{"line":1,"column":0},"end":{"line":1,"column":26}},"1":{"start":{"line":2,"column":0},"end":{"line":2,"column":54}},"2":{"start":{"line":4,"column":24},"end":{"line":16,"column":1}},"3":{"start":{"line":5,"column":2},"end":{"line":15,"column":4}},"4":{"start":{"line":18,"column":0},"end":{"line":18,"column":21}}},"fnMap":{"0":{"name":"(anonymous_0)","decl":{"start":{"line":4,"column":24},"end":{"line":4,"column":27}},"loc":{"start":{"line":4,"column":29},"end":{"line":16,"column":1}}}},"branchMap":{},"s":{"0":1,"1":1,"2":1,"3":5,"4":1},"f":{"0":5},"b":{}}
}
