TN:
SF:src/components/common/Alert.tsx
FN:12,(anonymous_0)
FNF:1
FNH:1
FNDA:9,(anonymous_0)
DA:1,2
DA:12,2
DA:18,9
DA:20,9
DA:36,2
LF:5
LH:5
BRDA:22,0,0,9
BRDA:22,0,1,0
BRDA:24,1,0,9
BRDA:24,1,1,2
BRF:4
BRH:3
end_of_record
TN:
SF:src/components/common/Button.tsx
FN:14,(anonymous_0)
FNF:1
FNH:1
FNDA:15,(anonymous_0)
DA:1,2
DA:14,2
DA:24,15
DA:25,15
DA:26,15
DA:31,15
DA:32,15
DA:34,15
DA:52,2
LF:9
LH:9
BRDA:15,0,0,5
BRDA:16,1,0,15
BRDA:17,2,0,8
BRDA:18,3,0,8
BRDA:20,4,0,14
BRDA:31,5,0,7
BRDA:31,5,1,8
BRDA:32,6,0,3
BRDA:32,6,1,12
BRDA:32,7,0,15
BRDA:32,7,1,13
BRDA:37,8,0,15
BRDA:37,8,1,13
BRDA:40,9,0,1
BRDA:40,9,1,14
BRF:15
BRH:15
end_of_record
TN:
SF:src/components/common/Input.tsx
FN:10,(anonymous_0)
FNF:1
FNH:1
FNDA:22,(anonymous_0)
DA:1,2
DA:10,2
DA:19,22
DA:20,22
DA:21,22
DA:23,22
DA:41,2
LF:7
LH:7
BRDA:14,0,0,8
BRDA:15,1,0,22
BRDA:19,2,0,22
BRDA:19,2,1,22
BRDA:20,3,0,14
BRDA:20,3,1,8
BRDA:21,4,0,3
BRDA:21,4,1,19
BRDA:25,5,0,22
BRDA:25,5,1,22
BRDA:35,6,0,22
BRDA:35,6,1,3
BRDA:36,7,0,22
BRDA:36,7,1,0
BRDA:36,7,2,0
BRF:15
BRH:13
end_of_record
TN:
SF:src/components/forms/LoginForm.tsx
FN:19,(anonymous_0)
FN:30,(anonymous_1)
FNF:2
FNH:2
FNDA:7,(anonymous_0)
FNDA:1,(anonymous_1)
DA:1,1
DA:2,1
DA:3,1
DA:4,1
DA:5,1
DA:6,1
DA:7,1
DA:8,1
DA:11,1
DA:19,1
DA:20,7
DA:26,7
DA:30,7
DA:31,1
DA:34,7
DA:75,1
LF:16
LH:16
BRDA:38,0,0,7
BRDA:38,0,1,1
BRF:2
BRH:2
end_of_record
TN:
SF:src/pages/Login.tsx
FN:4,(anonymous_0)
FNF:1
FNH:1
FNDA:5,(anonymous_0)
DA:1,1
DA:2,1
DA:4,1
DA:5,5
DA:18,1
LF:5
LH:5
BRF:0
BRH:0
end_of_record
