TN:
SF:frontend/src/App.tsx
FN:24,(anonymous_1)
FNF:1
FNH:0
FNDA:0,(anonymous_1)
DA:1,0
DA:2,0
DA:3,0
DA:4,0
DA:5,0
DA:6,0
DA:7,0
DA:8,0
DA:9,0
DA:10,0
DA:11,0
DA:12,0
DA:13,0
DA:14,0
DA:15,0
DA:16,0
DA:17,0
DA:18,0
DA:19,0
DA:20,0
DA:21,0
DA:24,0
DA:25,0
DA:54,0
LF:24
LH:0
BRF:0
BRH:0
end_of_record
TN:
SF:frontend/src/main.tsx
FNF:0
FNH:0
DA:1,0
DA:2,0
DA:3,0
DA:4,0
DA:6,0
LF:5
LH:0
BRF:0
BRH:0
end_of_record
TN:
SF:frontend/src/setupTests.ts
FN:8,(anonymous_2)
FN:10,BrowserRouter
FN:11,Routes
FN:12,Route
FN:13,Navigate
FN:14,Outlet
FN:15,(anonymous_8)
FN:16,Link
FN:20,(anonymous_10)
FNF:9
FNH:0
FNDA:0,(anonymous_2)
FNDA:0,BrowserRouter
FNDA:0,Routes
FNDA:0,Route
FNDA:0,Navigate
FNDA:0,Outlet
FNDA:0,(anonymous_8)
FNDA:0,Link
FNDA:0,(anonymous_10)
DA:1,0
DA:4,0
DA:5,0
DA:8,0
DA:10,0
DA:11,0
DA:12,0
DA:13,0
DA:14,0
DA:15,0
DA:16,0
DA:20,0
LF:12
LH:0
BRF:0
BRH:0
end_of_record
TN:
SF:frontend/src/components/applications/ApplicationList.tsx
FN:9,(anonymous_1)
FN:11,(anonymous_2)
FN:35,(anonymous_3)
FN:42,(anonymous_4)
FN:60,(anonymous_5)
FN:76,(anonymous_6)
FNF:6
FNH:0
FNDA:0,(anonymous_1)
FNDA:0,(anonymous_2)
FNDA:0,(anonymous_3)
FNDA:0,(anonymous_4)
FNDA:0,(anonymous_5)
FNDA:0,(anonymous_6)
DA:1,0
DA:9,0
DA:11,0
DA:12,0
DA:14,0
DA:16,0
DA:18,0
DA:20,0
DA:22,0
DA:24,0
DA:26,0
DA:28,0
DA:30,0
DA:35,0
DA:36,0
DA:37,0
DA:38,0
DA:42,0
DA:43,0
DA:44,0
DA:47,0
DA:60,0
DA:76,0
DA:104,0
LF:24
LH:0
BRDA:12,0,0,0
BRDA:12,0,1,0
BRDA:12,0,2,0
BRDA:12,0,3,0
BRDA:12,0,4,0
BRDA:12,0,5,0
BRDA:12,0,6,0
BRDA:12,0,7,0
BRDA:12,0,8,0
BRDA:36,1,0,0
BRDA:65,2,0,0
BRDA:65,2,1,0
BRDA:65,3,0,0
BRDA:65,3,1,0
BRDA:65,4,0,0
BRDA:65,4,1,0
BRF:16
BRH:0
end_of_record
TN:
SF:frontend/src/components/common/Alert.tsx
FN:18,(anonymous_9)
FN:73,(anonymous_10)
FN:75,(anonymous_11)
FN:80,(anonymous_12)
FN:85,(anonymous_13)
FN:87,(anonymous_14)
FNF:6
FNH:0
FNDA:0,(anonymous_9)
FNDA:0,(anonymous_10)
FNDA:0,(anonymous_11)
FNDA:0,(anonymous_12)
FNDA:0,(anonymous_13)
FNDA:0,(anonymous_14)
DA:1,0
DA:18,0
DA:19,0
DA:20,0
DA:21,0
DA:22,0
DA:23,0
DA:24,0
DA:26,0
DA:29,0
DA:73,0
DA:74,0
DA:75,0
DA:76,0
DA:77,0
DA:80,0
DA:85,0
DA:86,0
DA:87,0
DA:88,0
DA:93,0
DA:96,0
DA:98,0
DA:124,0
LF:24
LH:0
BRDA:19,0,0,0
BRDA:19,0,1,0
BRDA:22,1,0,0
BRDA:22,1,1,0
BRDA:23,2,0,0
BRDA:23,2,1,0
BRDA:24,3,0,0
BRDA:24,3,1,0
BRDA:74,4,0,0
BRDA:74,5,0,0
BRDA:74,5,1,0
BRDA:88,6,0,0
BRDA:93,7,0,0
BRDA:93,8,0,0
BRDA:93,8,1,0
BRDA:100,9,0,0
BRDA:100,9,1,0
BRDA:109,10,0,0
BRDA:109,10,1,0
BRF:19
BRH:0
end_of_record
TN:
SF:frontend/src/components/common/Badge.tsx
FN:12,(anonymous_1)
FNF:1
FNH:0
FNDA:0,(anonymous_1)
DA:1,0
DA:12,0
DA:13,0
DA:14,0
DA:15,0
DA:18,0
DA:26,0
DA:39,0
LF:8
LH:0
BRDA:14,0,0,0
BRDA:14,0,1,0
BRDA:15,1,0,0
BRDA:15,1,1,0
BRF:4
BRH:0
end_of_record
TN:
SF:frontend/src/components/common/Button.tsx
FN:20,(anonymous_4)
FNF:1
FNH:0
FNDA:0,(anonymous_4)
DA:1,0
DA:20,0
DA:21,0
DA:22,0
DA:23,0
DA:24,0
DA:25,0
DA:26,0
DA:27,0
DA:28,0
DA:29,0
DA:30,0
DA:33,0
DA:44,0
DA:51,0
DA:56,0
DA:58,0
DA:95,0
LF:18
LH:0
BRDA:22,0,0,0
BRDA:22,0,1,0
BRDA:23,1,0,0
BRDA:23,1,1,0
BRDA:24,2,0,0
BRDA:24,2,1,0
BRDA:25,3,0,0
BRDA:25,3,1,0
BRDA:27,4,0,0
BRDA:27,4,1,0
BRDA:28,5,0,0
BRDA:28,5,1,0
BRDA:51,6,0,0
BRDA:51,6,1,0
BRDA:51,7,0,0
BRDA:51,7,1,0
BRDA:56,8,0,0
BRDA:56,8,1,0
BRDA:71,9,0,0
BRDA:71,9,1,0
BRDA:72,10,0,0
BRDA:72,10,1,0
BRDA:75,11,0,0
BRDA:75,11,1,0
BRDA:82,12,0,0
BRDA:82,12,1,0
BRDA:82,12,2,0
BRDA:82,12,3,0
BRDA:83,13,0,0
BRDA:83,13,1,0
BRDA:88,14,0,0
BRDA:88,14,1,0
BRDA:88,14,2,0
BRF:33
BRH:0
end_of_record
TN:
SF:frontend/src/components/common/Card.tsx
FN:16,(anonymous_1)
FNF:1
FNH:0
FNDA:0,(anonymous_1)
DA:1,0
DA:16,0
DA:17,0
DA:18,0
DA:19,0
DA:20,0
DA:21,0
DA:22,0
DA:24,0
DA:49,0
LF:10
LH:0
BRDA:20,0,0,0
BRDA:20,0,1,0
BRDA:26,1,0,0
BRDA:26,1,1,0
BRDA:26,1,2,0
BRDA:26,1,3,0
BRDA:30,2,0,0
BRDA:30,2,1,0
BRDA:31,3,0,0
BRDA:31,3,1,0
BRDA:33,4,0,0
BRDA:33,4,1,0
BRDA:40,5,0,0
BRDA:40,5,1,0
BRF:14
BRH:0
end_of_record
TN:
SF:frontend/src/components/common/DatePicker.tsx
FN:17,(anonymous_1)
FN:30,(anonymous_2)
FNF:2
FNH:0
FNDA:0,(anonymous_1)
FNDA:0,(anonymous_2)
DA:1,0
DA:17,0
DA:18,0
DA:19,0
DA:20,0
DA:21,0
DA:22,0
DA:23,0
DA:24,0
DA:25,0
DA:26,0
DA:27,0
DA:28,0
DA:30,0
DA:31,0
DA:34,0
DA:63,0
LF:17
LH:0
BRDA:22,0,0,0
BRDA:22,0,1,0
BRDA:23,1,0,0
BRDA:23,1,1,0
BRDA:25,2,0,0
BRDA:25,2,1,0
BRDA:28,3,0,0
BRDA:28,3,1,0
BRDA:36,4,0,0
BRDA:36,4,1,0
BRDA:39,5,0,0
BRDA:39,5,1,0
BRDA:54,6,0,0
BRDA:54,6,1,0
BRDA:55,7,0,0
BRDA:55,7,1,0
BRDA:58,8,0,0
BRDA:58,8,1,0
BRF:18
BRH:0
end_of_record
TN:
SF:frontend/src/components/common/FileUploader.tsx
FN:11,(anonymous_14)
FN:17,(anonymous_15)
FN:23,(anonymous_16)
FN:42,(anonymous_19)
FN:111,(anonymous_20)
FNF:5
FNH:0
FNDA:0,(anonymous_14)
FNDA:0,(anonymous_15)
FNDA:0,(anonymous_16)
FNDA:0,(anonymous_19)
FNDA:0,(anonymous_20)
DA:1,0
DA:2,0
DA:3,0
DA:11,0
DA:12,0
DA:13,0
DA:14,0
DA:15,0
DA:17,0
DA:18,0
DA:19,0
DA:23,0
DA:24,0
DA:25,0
DA:26,0
DA:29,0
DA:30,0
DA:31,0
DA:34,0
DA:35,0
DA:36,0
DA:38,0
DA:39,0
DA:40,0
DA:42,0
DA:43,0
DA:45,0
DA:48,0
DA:49,0
DA:51,0
DA:52,0
DA:55,0
DA:56,0
DA:58,0
DA:62,0
DA:111,0
DA:123,0
LF:37
LH:0
BRDA:18,0,0,0
BRDA:24,1,0,0
BRDA:38,2,0,0
BRDA:51,3,0,0
BRDA:55,4,0,0
BRDA:55,4,1,0
BRDA:55,5,0,0
BRDA:55,5,1,0
BRDA:55,6,0,0
BRDA:55,6,1,0
BRDA:55,7,0,0
BRDA:55,7,1,0
BRDA:55,8,0,0
BRDA:55,8,1,0
BRDA:66,9,0,0
BRDA:66,9,1,0
BRDA:72,10,0,0
BRDA:72,10,1,0
BRDA:100,11,0,0
BRDA:100,11,1,0
BRDA:103,12,0,0
BRDA:103,12,1,0
BRDA:107,13,0,0
BRDA:107,13,1,0
BRF:24
BRH:0
end_of_record
TN:
SF:frontend/src/components/common/Input.tsx
FN:15,(anonymous_12)
FNF:1
FNH:0
FNDA:0,(anonymous_12)
DA:1,0
DA:14,0
DA:15,0
DA:17,0
DA:20,0
DA:23,0
DA:26,0
DA:28,0
DA:62,0
DA:64,0
LF:10
LH:0
BRDA:15,0,0,0
BRDA:15,0,1,0
BRDA:15,1,0,0
BRDA:15,1,1,0
BRDA:17,2,0,0
BRDA:17,2,1,0
BRDA:17,3,0,0
BRDA:17,3,1,0
BRDA:20,4,0,0
BRDA:20,4,1,0
BRDA:23,5,0,0
BRDA:23,5,1,0
BRDA:26,6,0,0
BRDA:26,6,1,0
BRDA:30,7,0,0
BRDA:30,7,1,0
BRDA:33,8,0,0
BRDA:33,8,1,0
BRDA:41,9,0,0
BRDA:41,9,1,0
BRDA:42,10,0,0
BRDA:42,10,1,0
BRDA:42,11,0,0
BRDA:42,11,1,0
BRDA:46,12,0,0
BRDA:46,12,1,0
BRDA:52,13,0,0
BRDA:52,13,1,0
BRDA:52,13,2,0
BRF:29
BRH:0
end_of_record
TN:
SF:frontend/src/components/common/Modal.tsx
FN:11,(anonymous_9)
FN:21,(anonymous_10)
FN:22,(anonymous_11)
FN:34,(anonymous_12)
FN:41,(anonymous_13)
FN:42,(anonymous_14)
FN:52,(anonymous_15)
FN:61,(anonymous_16)
FNF:8
FNH:0
FNDA:0,(anonymous_9)
FNDA:0,(anonymous_10)
FNDA:0,(anonymous_11)
FNDA:0,(anonymous_12)
FNDA:0,(anonymous_13)
FNDA:0,(anonymous_14)
FNDA:0,(anonymous_15)
FNDA:0,(anonymous_16)
DA:1,0
DA:11,0
DA:12,0
DA:13,0
DA:14,0
DA:15,0
DA:16,0
DA:18,0
DA:21,0
DA:22,0
DA:23,0
DA:24,0
DA:28,0
DA:29,0
DA:31,0
DA:34,0
DA:35,0
DA:36,0
DA:41,0
DA:42,0
DA:43,0
DA:44,0
DA:48,0
DA:49,0
DA:52,0
DA:53,0
DA:58,0
DA:61,0
DA:62,0
DA:63,0
DA:64,0
DA:65,0
DA:66,0
DA:67,0
DA:71,0
DA:117,0
LF:36
LH:0
BRDA:16,0,0,0
BRDA:16,0,1,0
BRDA:23,1,0,0
BRDA:23,2,0,0
BRDA:23,2,1,0
BRDA:28,3,0,0
BRDA:43,4,0,0
BRDA:48,5,0,0
BRDA:58,6,0,0
BRDA:62,7,0,0
BRDA:62,7,1,0
BRDA:62,7,2,0
BRDA:62,7,3,0
BRDA:62,7,4,0
BRDA:77,8,0,0
BRDA:77,8,1,0
BRF:16
BRH:0
end_of_record
TN:
SF:frontend/src/components/common/ProtectedRoute.tsx
FN:13,(anonymous_1)
FNF:1
FNH:0
FNDA:0,(anonymous_1)
DA:1,0
DA:2,0
DA:3,0
DA:13,0
DA:14,0
DA:15,0
DA:18,0
DA:19,0
DA:23,0
DA:25,0
DA:28,0
DA:31,0
LF:12
LH:0
BRDA:18,0,0,0
BRDA:23,1,0,0
BRDA:23,2,0,0
BRDA:23,2,1,0
BRDA:23,2,2,0
BRDA:23,2,3,0
BRF:6
BRH:0
end_of_record
TN:
SF:frontend/src/components/common/Select.tsx
FN:21,(anonymous_1)
FN:56,(anonymous_2)
FNF:2
FNH:0
FNDA:0,(anonymous_1)
FNDA:0,(anonymous_2)
DA:1,0
DA:21,0
DA:22,0
DA:23,0
DA:24,0
DA:25,0
DA:26,0
DA:27,0
DA:28,0
DA:29,0
DA:30,0
DA:31,0
DA:33,0
DA:56,0
DA:67,0
LF:15
LH:0
BRDA:28,0,0,0
BRDA:28,0,1,0
BRDA:29,1,0,0
BRDA:29,1,1,0
BRDA:31,2,0,0
BRDA:31,2,1,0
BRDA:35,3,0,0
BRDA:35,3,1,0
BRDA:38,4,0,0
BRDA:38,4,1,0
BRDA:49,5,0,0
BRDA:49,5,1,0
BRDA:50,6,0,0
BRDA:50,6,1,0
BRDA:53,7,0,0
BRDA:53,7,1,0
BRDA:62,8,0,0
BRDA:62,8,1,0
BRF:18
BRH:0
end_of_record
TN:
SF:frontend/src/components/common/Tabs.tsx
FN:9,(anonymous_1)
FN:13,(anonymous_2)
FN:16,(anonymous_3)
FNF:3
FNH:0
FNDA:0,(anonymous_1)
FNDA:0,(anonymous_2)
FNDA:0,(anonymous_3)
DA:1,0
DA:9,0
DA:10,0
DA:13,0
DA:16,0
DA:34,0
LF:6
LH:0
BRDA:20,0,0,0
BRDA:20,0,1,0
BRF:2
BRH:0
end_of_record
TN:
SF:frontend/src/components/filters/DepartmentSectionFilter.tsx
FN:24,(anonymous_24)
FN:44,(anonymous_25)
FN:45,(anonymous_26)
FN:53,(anonymous_29)
FN:73,(anonymous_30)
FN:77,(anonymous_31)
FN:81,(anonymous_32)
FN:94,(anonymous_33)
FN:129,(anonymous_34)
FN:155,(anonymous_35)
FNF:10
FNH:0
FNDA:0,(anonymous_24)
FNDA:0,(anonymous_25)
FNDA:0,(anonymous_26)
FNDA:0,(anonymous_29)
FNDA:0,(anonymous_30)
FNDA:0,(anonymous_31)
FNDA:0,(anonymous_32)
FNDA:0,(anonymous_33)
FNDA:0,(anonymous_34)
FNDA:0,(anonymous_35)
DA:1,0
DA:3,0
DA:24,0
DA:25,0
DA:26,0
DA:27,0
DA:28,0
DA:29,0
DA:30,0
DA:31,0
DA:32,0
DA:33,0
DA:38,0
DA:39,0
DA:40,0
DA:41,0
DA:44,0
DA:45,0
DA:46,0
DA:47,0
DA:49,0
DA:50,0
DA:53,0
DA:54,0
DA:55,0
DA:57,0
DA:60,0
DA:62,0
DA:63,0
DA:65,0
DA:69,0
DA:73,0
DA:74,0
DA:75,0
DA:77,0
DA:81,0
DA:82,0
DA:83,0
DA:84,0
DA:88,0
DA:89,0
DA:94,0
DA:95,0
DA:96,0
DA:97,0
DA:101,0
DA:102,0
DA:109,0
DA:129,0
DA:155,0
DA:166,0
LF:51
LH:0
BRDA:27,0,0,0
BRDA:27,0,1,0
BRDA:28,1,0,0
BRDA:28,1,1,0
BRDA:29,2,0,0
BRDA:29,2,1,0
BRDA:30,3,0,0
BRDA:30,3,1,0
BRDA:31,4,0,0
BRDA:31,4,1,0
BRDA:32,5,0,0
BRDA:32,5,1,0
BRDA:33,6,0,0
BRDA:33,6,1,0
BRDA:54,7,0,0
BRDA:54,8,0,0
BRDA:54,8,1,0
BRDA:62,9,0,0
BRDA:62,9,1,0
BRDA:62,10,0,0
BRDA:62,10,1,0
BRDA:62,11,0,0
BRDA:62,11,1,0
BRDA:62,12,0,0
BRDA:62,12,1,0
BRDA:62,13,0,0
BRDA:62,13,1,0
BRDA:74,14,0,0
BRDA:82,15,0,0
BRDA:82,15,1,0
BRDA:83,16,0,0
BRDA:88,17,0,0
BRDA:95,18,0,0
BRDA:95,18,1,0
BRDA:96,19,0,0
BRDA:101,20,0,0
BRDA:115,21,0,0
BRDA:115,21,1,0
BRDA:117,22,0,0
BRDA:117,22,1,0
BRDA:121,23,0,0
BRDA:121,23,1,0
BRDA:124,24,0,0
BRDA:124,24,1,0
BRDA:124,24,2,0
BRDA:141,25,0,0
BRDA:141,25,1,0
BRDA:143,26,0,0
BRDA:143,26,1,0
BRDA:143,26,2,0
BRDA:143,26,3,0
BRDA:147,27,0,0
BRDA:147,27,1,0
BRDA:150,28,0,0
BRDA:150,28,1,0
BRDA:150,28,2,0
BRF:56
BRH:0
end_of_record
TN:
SF:frontend/src/components/forms/GenericForm.tsx
FN:25,GenericForm
FNF:1
FNH:0
FNDA:0,GenericForm
DA:1,0
DA:2,0
DA:3,0
DA:5,0
DA:6,0
DA:26,0
DA:27,0
DA:28,0
DA:29,0
DA:30,0
DA:31,0
DA:32,0
DA:33,0
DA:34,0
DA:35,0
DA:37,0
DA:43,0
DA:45,0
DA:81,0
LF:19
LH:0
BRDA:30,0,0,0
BRDA:30,0,1,0
BRDA:31,1,0,0
BRDA:31,1,1,0
BRDA:32,2,0,0
BRDA:32,2,1,0
BRDA:34,3,0,0
BRDA:34,3,1,0
BRDA:47,4,0,0
BRDA:47,4,1,0
BRDA:58,5,0,0
BRDA:58,5,1,0
BRDA:72,6,0,0
BRDA:72,6,1,0
BRF:14
BRH:0
end_of_record
TN:
SF:frontend/src/components/forms/LoginForm.tsx
FN:20,(anonymous_25)
FN:29,(anonymous_26)
FN:44,(anonymous_27)
FN:44,(anonymous_28)
FNF:4
FNH:0
FNDA:0,(anonymous_25)
FNDA:0,(anonymous_26)
FNDA:0,(anonymous_27)
FNDA:0,(anonymous_28)
DA:1,0
DA:2,0
DA:3,0
DA:4,0
DA:5,0
DA:6,0
DA:7,0
DA:8,0
DA:9,0
DA:12,0
DA:20,0
DA:21,0
DA:22,0
DA:23,0
DA:26,0
DA:29,0
DA:30,0
DA:31,0
DA:36,0
DA:37,0
DA:38,0
DA:39,0
DA:44,0
DA:46,0
DA:52,0
DA:106,0
LF:26
LH:0
BRDA:26,0,0,0
BRDA:26,0,1,0
BRDA:26,1,0,0
BRDA:26,1,1,0
BRDA:26,2,0,0
BRDA:26,2,1,0
BRDA:26,3,0,0
BRDA:26,3,1,0
BRDA:26,4,0,0
BRDA:26,4,1,0
BRDA:30,5,0,0
BRDA:56,6,0,0
BRDA:56,6,1,0
BRDA:68,7,0,0
BRDA:68,7,1,0
BRDA:68,8,0,0
BRDA:68,8,1,0
BRDA:79,9,0,0
BRDA:79,9,1,0
BRDA:79,10,0,0
BRDA:79,10,1,0
BRDA:95,11,0,0
BRDA:95,11,1,0
BRF:23
BRH:0
end_of_record
TN:
SF:frontend/src/components/grids/DataGrid.tsx
FN:65,(anonymous_25)
FN:100,(anonymous_26)
FN:111,(anonymous_27)
FN:112,(anonymous_28)
FN:122,(anonymous_29)
FN:128,(anonymous_30)
FN:135,(anonymous_31)
FN:150,(anonymous_32)
FN:173,(anonymous_33)
FN:177,(anonymous_34)
FN:187,(anonymous_35)
FN:192,(anonymous_36)
FN:218,(anonymous_37)
FN:226,(anonymous_38)
FN:231,(anonymous_39)
FN:244,(anonymous_40)
FN:252,(anonymous_41)
FN:260,(anonymous_42)
FN:270,(anonymous_43)
FN:294,(anonymous_44)
FN:301,(anonymous_45)
FN:311,(anonymous_46)
FN:329,(anonymous_47)
FN:353,(anonymous_48)
FN:372,(anonymous_49)
FN:390,(anonymous_50)
FN:390,(anonymous_51)
FN:414,(anonymous_53)
FN:423,(anonymous_54)
FN:429,(anonymous_57)
FN:433,(anonymous_58)
FN:440,(anonymous_59)
FN:472,(anonymous_60)
FN:479,(anonymous_61)
FN:490,(anonymous_62)
FN:500,(anonymous_63)
FN:519,(anonymous_64)
FN:541,(anonymous_65)
FN:551,(anonymous_66)
FN:562,(anonymous_67)
FN:586,(anonymous_70)
FN:605,(anonymous_71)
FN:619,(anonymous_72)
FN:620,(anonymous_73)
FN:631,(anonymous_74)
FN:645,(anonymous_75)
FN:669,(anonymous_76)
FN:670,(anonymous_77)
FN:674,(anonymous_78)
FN:681,(anonymous_79)
FN:689,(anonymous_80)
FN:697,(anonymous_81)
FN:700,(anonymous_82)
FN:800,(anonymous_83)
FN:800,(anonymous_84)
FN:848,(anonymous_85)
FN:863,(anonymous_86)
FN:870,(anonymous_87)
FN:1068,(anonymous_88)
FNF:59
FNH:0
FNDA:0,(anonymous_25)
FNDA:0,(anonymous_26)
FNDA:0,(anonymous_27)
FNDA:0,(anonymous_28)
FNDA:0,(anonymous_29)
FNDA:0,(anonymous_30)
FNDA:0,(anonymous_31)
FNDA:0,(anonymous_32)
FNDA:0,(anonymous_33)
FNDA:0,(anonymous_34)
FNDA:0,(anonymous_35)
FNDA:0,(anonymous_36)
FNDA:0,(anonymous_37)
FNDA:0,(anonymous_38)
FNDA:0,(anonymous_39)
FNDA:0,(anonymous_40)
FNDA:0,(anonymous_41)
FNDA:0,(anonymous_42)
FNDA:0,(anonymous_43)
FNDA:0,(anonymous_44)
FNDA:0,(anonymous_45)
FNDA:0,(anonymous_46)
FNDA:0,(anonymous_47)
FNDA:0,(anonymous_48)
FNDA:0,(anonymous_49)
FNDA:0,(anonymous_50)
FNDA:0,(anonymous_51)
FNDA:0,(anonymous_53)
FNDA:0,(anonymous_54)
FNDA:0,(anonymous_57)
FNDA:0,(anonymous_58)
FNDA:0,(anonymous_59)
FNDA:0,(anonymous_60)
FNDA:0,(anonymous_61)
FNDA:0,(anonymous_62)
FNDA:0,(anonymous_63)
FNDA:0,(anonymous_64)
FNDA:0,(anonymous_65)
FNDA:0,(anonymous_66)
FNDA:0,(anonymous_67)
FNDA:0,(anonymous_70)
FNDA:0,(anonymous_71)
FNDA:0,(anonymous_72)
FNDA:0,(anonymous_73)
FNDA:0,(anonymous_74)
FNDA:0,(anonymous_75)
FNDA:0,(anonymous_76)
FNDA:0,(anonymous_77)
FNDA:0,(anonymous_78)
FNDA:0,(anonymous_79)
FNDA:0,(anonymous_80)
FNDA:0,(anonymous_81)
FNDA:0,(anonymous_82)
FNDA:0,(anonymous_83)
FNDA:0,(anonymous_84)
FNDA:0,(anonymous_85)
FNDA:0,(anonymous_86)
FNDA:0,(anonymous_87)
FNDA:0,(anonymous_88)
DA:1,0
DA:2,0
DA:19,0
DA:20,0
DA:21,0
DA:22,0
DA:65,0
DA:66,0
DA:67,0
DA:68,0
DA:69,0
DA:70,0
DA:71,0
DA:72,0
DA:73,0
DA:74,0
DA:75,0
DA:76,0
DA:77,0
DA:78,0
DA:79,0
DA:80,0
DA:81,0
DA:82,0
DA:83,0
DA:84,0
DA:85,0
DA:86,0
DA:88,0
DA:89,0
DA:90,0
DA:91,0
DA:92,0
DA:93,0
DA:94,0
DA:95,0
DA:96,0
DA:97,0
DA:100,0
DA:101,0
DA:103,0
DA:104,0
DA:105,0
DA:106,0
DA:111,0
DA:112,0
DA:113,0
DA:114,0
DA:116,0
DA:117,0
DA:121,0
DA:122,0
DA:123,0
DA:128,0
DA:137,0
DA:138,0
DA:141,0
DA:145,0
DA:150,0
DA:151,0
DA:152,0
DA:155,0
DA:158,0
DA:159,0
DA:167,0
DA:168,0
DA:173,0
DA:174,0
DA:176,0
DA:177,0
DA:179,0
DA:181,0
DA:182,0
DA:187,0
DA:189,0
DA:192,0
DA:193,0
DA:196,0
DA:197,0
DA:199,0
DA:204,0
DA:205,0
DA:209,0
DA:212,0
DA:213,0
DA:218,0
DA:219,0
DA:226,0
DA:227,0
DA:231,0
DA:233,0
DA:234,0
DA:238,0
DA:239,0
DA:244,0
DA:246,0
DA:247,0
DA:252,0
DA:254,0
DA:255,0
DA:260,0
DA:262,0
DA:263,0
DA:266,0
DA:267,0
DA:268,0
DA:270,0
DA:271,0
DA:274,0
DA:275,0
DA:278,0
DA:279,0
DA:284,0
DA:285,0
DA:287,0
DA:288,0
DA:290,0
DA:291,0
DA:294,0
DA:295,0
DA:298,0
DA:301,0
DA:302,0
DA:303,0
DA:305,0
DA:308,0
DA:311,0
DA:312,0
DA:313,0
DA:315,0
DA:316,0
DA:318,0
DA:320,0
DA:324,0
DA:329,0
DA:330,0
DA:331,0
DA:332,0
DA:335,0
DA:338,0
DA:342,0
DA:343,0
DA:346,0
DA:347,0
DA:349,0
DA:351,0
DA:353,0
DA:354,0
DA:356,0
DA:357,0
DA:360,0
DA:361,0
DA:362,0
DA:365,0
DA:367,0
DA:372,0
DA:373,0
DA:374,0
DA:375,0
DA:378,0
DA:382,0
DA:386,0
DA:390,0
DA:391,0
DA:393,0
DA:394,0
DA:395,0
DA:396,0
DA:399,0
DA:400,0
DA:401,0
DA:402,0
DA:405,0
DA:406,0
DA:414,0
DA:415,0
DA:416,0
DA:417,0
DA:420,0
DA:423,0
DA:424,0
DA:428,0
DA:429,0
DA:433,0
DA:435,0
DA:436,0
DA:439,0
DA:440,0
DA:441,0
DA:442,0
DA:446,0
DA:449,0
DA:450,0
DA:454,0
DA:455,0
DA:457,0
DA:460,0
DA:463,0
DA:464,0
DA:468,0
DA:472,0
DA:473,0
DA:476,0
DA:479,0
DA:480,0
DA:481,0
DA:483,0
DA:487,0
DA:490,0
DA:491,0
DA:492,0
DA:493,0
DA:497,0
DA:500,0
DA:502,0
DA:503,0
DA:505,0
DA:506,0
DA:507,0
DA:509,0
DA:519,0
DA:520,0
DA:521,0
DA:522,0
DA:526,0
DA:529,0
DA:532,0
DA:538,0
DA:541,0
DA:542,0
DA:543,0
DA:544,0
DA:548,0
DA:551,0
DA:553,0
DA:554,0
DA:556,0
DA:562,0
DA:563,0
DA:567,0
DA:568,0
DA:569,0
DA:573,0
DA:574,0
DA:581,0
DA:582,0
DA:585,0
DA:586,0
DA:587,0
DA:588,0
DA:589,0
DA:590,0
DA:596,0
DA:599,0
DA:600,0
DA:605,0
DA:606,0
DA:608,0
DA:610,0
DA:611,0
DA:612,0
DA:616,0
DA:618,0
DA:619,0
DA:620,0
DA:623,0
DA:624,0
DA:628,0
DA:631,0
DA:632,0
DA:633,0
DA:639,0
DA:640,0
DA:645,0
DA:646,0
DA:648,0
DA:652,0
DA:653,0
DA:656,0
DA:657,0
DA:658,0
DA:661,0
DA:662,0
DA:665,0
DA:669,0
DA:670,0
DA:674,0
DA:675,0
DA:676,0
DA:681,0
DA:683,0
DA:685,0
DA:689,0
DA:691,0
DA:693,0
DA:696,0
DA:697,0
DA:699,0
DA:700,0
DA:701,0
DA:702,0
DA:703,0
DA:706,0
DA:714,0
DA:800,0
DA:848,0
DA:863,0
DA:870,0
DA:884,0
DA:886,0
DA:1070,0
DA:1071,0
DA:1074,0
DA:1075,0
DA:1077,0
DA:1089,0
LF:316
LH:0
BRDA:69,0,0,0
BRDA:69,0,1,0
BRDA:70,1,0,0
BRDA:70,1,1,0
BRDA:71,2,0,0
BRDA:71,2,1,0
BRDA:74,3,0,0
BRDA:74,3,1,0
BRDA:76,4,0,0
BRDA:76,4,1,0
BRDA:79,5,0,0
BRDA:79,5,1,0
BRDA:80,6,0,0
BRDA:80,6,1,0
BRDA:82,7,0,0
BRDA:82,7,1,0
BRDA:83,8,0,0
BRDA:83,8,1,0
BRDA:85,9,0,0
BRDA:85,9,1,0
BRDA:101,10,0,0
BRDA:113,11,0,0
BRDA:137,12,0,0
BRDA:137,13,0,0
BRDA:137,13,1,0
BRDA:138,14,0,0
BRDA:138,14,1,0
BRDA:139,15,0,0
BRDA:139,15,1,0
BRDA:141,16,0,0
BRDA:141,16,1,0
BRDA:158,17,0,0
BRDA:158,18,0,0
BRDA:158,18,1,0
BRDA:167,19,0,0
BRDA:167,20,0,0
BRDA:167,20,1,0
BRDA:174,21,0,0
BRDA:181,22,0,0
BRDA:189,23,0,0
BRDA:196,24,0,0
BRDA:212,25,0,0
BRDA:233,26,0,0
BRDA:238,27,0,0
BRDA:238,28,0,0
BRDA:238,28,1,0
BRDA:246,29,0,0
BRDA:246,30,0,0
BRDA:246,30,1,0
BRDA:254,31,0,0
BRDA:254,32,0,0
BRDA:254,32,1,0
BRDA:262,33,0,0
BRDA:262,34,0,0
BRDA:262,34,1,0
BRDA:263,35,0,0
BRDA:267,36,0,0
BRDA:267,37,0,0
BRDA:267,37,1,0
BRDA:271,38,0,0
BRDA:284,39,0,0
BRDA:284,40,0,0
BRDA:284,40,1,0
BRDA:284,40,2,0
BRDA:285,41,0,0
BRDA:285,42,0,0
BRDA:285,42,1,0
BRDA:288,43,0,0
BRDA:295,44,0,0
BRDA:295,44,1,0
BRDA:298,45,0,0
BRDA:305,46,0,0
BRDA:313,47,0,0
BRDA:316,48,0,0
BRDA:316,48,1,0
BRDA:318,49,0,0
BRDA:318,50,0,0
BRDA:318,50,1,0
BRDA:342,51,0,0
BRDA:342,52,0,0
BRDA:342,52,1,0
BRDA:342,52,2,0
BRDA:343,53,0,0
BRDA:349,54,0,0
BRDA:349,55,0,0
BRDA:349,55,1,0
BRDA:349,55,2,0
BRDA:354,56,0,0
BRDA:360,57,0,0
BRDA:365,58,0,0
BRDA:391,59,0,0
BRDA:393,60,0,0
BRDA:395,61,0,0
BRDA:395,62,0,0
BRDA:395,62,1,0
BRDA:399,63,0,0
BRDA:405,64,0,0
BRDA:415,65,0,0
BRDA:420,66,0,0
BRDA:424,67,0,0
BRDA:424,68,0,0
BRDA:424,68,1,0
BRDA:435,69,0,0
BRDA:435,69,1,0
BRDA:441,70,0,0
BRDA:449,71,0,0
BRDA:454,72,0,0
BRDA:454,72,1,0
BRDA:473,73,0,0
BRDA:480,74,0,0
BRDA:503,75,0,0
BRDA:506,76,0,0
BRDA:520,77,0,0
BRDA:520,78,0,0
BRDA:520,78,1,0
BRDA:554,79,0,0
BRDA:563,80,0,0
BRDA:567,81,0,0
BRDA:567,82,0,0
BRDA:567,82,1,0
BRDA:573,83,0,0
BRDA:585,84,0,0
BRDA:587,85,0,0
BRDA:587,86,0,0
BRDA:587,86,1,0
BRDA:589,87,0,0
BRDA:606,88,0,0
BRDA:608,89,0,0
BRDA:610,90,0,0
BRDA:610,91,0,0
BRDA:610,91,1,0
BRDA:616,92,0,0
BRDA:623,93,0,0
BRDA:632,94,0,0
BRDA:632,95,0,0
BRDA:632,95,1,0
BRDA:646,96,0,0
BRDA:649,97,0,0
BRDA:649,97,1,0
BRDA:649,98,0,0
BRDA:649,98,1,0
BRDA:649,99,0,0
BRDA:649,99,1,0
BRDA:652,100,0,0
BRDA:652,101,0,0
BRDA:652,101,1,0
BRDA:652,102,0,0
BRDA:652,102,1,0
BRDA:652,103,0,0
BRDA:652,103,1,0
BRDA:656,104,0,0
BRDA:656,104,1,0
BRDA:658,105,0,0
BRDA:675,106,0,0
BRDA:683,107,0,0
BRDA:691,108,0,0
BRDA:696,109,0,0
BRDA:696,110,0,0
BRDA:696,110,1,0
BRDA:699,111,0,0
BRDA:699,112,0,0
BRDA:699,112,1,0
BRDA:716,113,0,0
BRDA:716,113,1,0
BRDA:730,114,0,0
BRDA:730,114,1,0
BRDA:762,115,0,0
BRDA:762,115,1,0
BRDA:803,116,0,0
BRDA:803,116,1,0
BRDA:805,117,0,0
BRDA:805,117,1,0
BRDA:805,117,2,0
BRDA:805,117,3,0
BRDA:826,118,0,0
BRDA:826,118,1,0
BRDA:844,119,0,0
BRDA:844,119,1,0
BRDA:860,120,0,0
BRDA:860,120,1,0
BRDA:884,121,0,0
BRDA:884,121,1,0
BRDA:893,122,0,0
BRDA:893,122,1,0
BRDA:911,123,0,0
BRDA:911,123,1,0
BRDA:911,123,2,0
BRDA:921,124,0,0
BRDA:921,124,1,0
BRDA:937,125,0,0
BRDA:937,125,1,0
BRDA:966,126,0,0
BRDA:966,126,1,0
BRDA:975,127,0,0
BRDA:975,127,1,0
BRDA:1049,128,0,0
BRDA:1049,128,1,0
BRDA:1049,129,0,0
BRDA:1049,129,1,0
BRDA:1070,130,0,0
BRDA:1074,131,0,0
BRDA:1074,132,0,0
BRDA:1074,132,1,0
BRF:203
BRH:0
end_of_record
TN:
SF:frontend/src/components/grids/editors/DateEditor.tsx
FN:8,(anonymous_9)
FN:14,(anonymous_10)
FN:51,(anonymous_11)
FN:54,(anonymous_12)
FN:76,(anonymous_13)
FN:84,(anonymous_14)
FN:90,(anonymous_15)
FN:98,(anonymous_16)
FN:111,(anonymous_17)
FN:133,(anonymous_18)
FNF:10
FNH:0
FNDA:0,(anonymous_9)
FNDA:0,(anonymous_10)
FNDA:0,(anonymous_11)
FNDA:0,(anonymous_12)
FNDA:0,(anonymous_13)
FNDA:0,(anonymous_14)
FNDA:0,(anonymous_15)
FNDA:0,(anonymous_16)
FNDA:0,(anonymous_17)
FNDA:0,(anonymous_18)
DA:1,0
DA:8,0
DA:9,0
DA:10,0
DA:11,0
DA:14,0
DA:16,0
DA:17,0
DA:20,0
DA:21,0
DA:22,0
DA:23,0
DA:25,0
DA:26,0
DA:28,0
DA:29,0
DA:32,0
DA:35,0
DA:36,0
DA:41,0
DA:45,0
DA:46,0
DA:51,0
DA:52,0
DA:56,0
DA:58,0
DA:60,0
DA:63,0
DA:64,0
DA:65,0
DA:68,0
DA:70,0
DA:71,0
DA:77,0
DA:78,0
DA:79,0
DA:86,0
DA:92,0
DA:98,0
DA:99,0
DA:100,0
DA:101,0
DA:102,0
DA:104,0
DA:105,0
DA:107,0
DA:111,0
DA:112,0
DA:113,0
DA:116,0
DA:117,0
DA:118,0
DA:119,0
DA:120,0
DA:122,0
DA:125,0
DA:128,0
DA:133,0
DA:134,0
DA:135,0
DA:136,0
DA:139,0
DA:165,0
LF:63
LH:0
BRDA:16,0,0,0
BRDA:16,0,1,0
BRDA:20,1,0,0
BRDA:20,1,1,0
BRDA:22,2,0,0
BRDA:22,2,1,0
BRDA:25,3,0,0
BRDA:25,3,1,0
BRDA:45,4,0,0
BRDA:56,5,0,0
BRDA:63,6,0,0
BRDA:77,7,0,0
BRDA:104,8,0,0
BRDA:105,9,0,0
BRDA:116,10,0,0
BRDA:116,10,1,0
BRDA:119,11,0,0
BRDA:119,11,1,0
BRDA:147,12,0,0
BRDA:147,12,1,0
BRDA:158,13,0,0
BRDA:158,13,1,0
BRF:22
BRH:0
end_of_record
TN:
SF:frontend/src/components/grids/editors/NumberEditor.tsx
FN:19,(anonymous_9)
FN:36,(anonymous_10)
FN:68,(anonymous_11)
FN:96,(anonymous_12)
FN:118,(anonymous_13)
FN:121,(anonymous_14)
FN:126,(anonymous_15)
FN:134,(anonymous_16)
FN:139,(anonymous_17)
FN:147,(anonymous_18)
FN:188,(anonymous_19)
FN:200,(anonymous_20)
FN:214,(anonymous_21)
FN:242,(anonymous_22)
FN:250,(anonymous_23)
FNF:15
FNH:0
FNDA:0,(anonymous_9)
FNDA:0,(anonymous_10)
FNDA:0,(anonymous_11)
FNDA:0,(anonymous_12)
FNDA:0,(anonymous_13)
FNDA:0,(anonymous_14)
FNDA:0,(anonymous_15)
FNDA:0,(anonymous_16)
FNDA:0,(anonymous_17)
FNDA:0,(anonymous_18)
FNDA:0,(anonymous_19)
FNDA:0,(anonymous_20)
FNDA:0,(anonymous_21)
FNDA:0,(anonymous_22)
FNDA:0,(anonymous_23)
DA:1,0
DA:19,0
DA:20,0
DA:21,0
DA:22,0
DA:23,0
DA:26,0
DA:27,0
DA:28,0
DA:29,0
DA:30,0
DA:31,0
DA:32,0
DA:33,0
DA:36,0
DA:37,0
DA:42,0
DA:44,0
DA:48,0
DA:51,0
DA:52,0
DA:56,0
DA:60,0
DA:61,0
DA:64,0
DA:68,0
DA:69,0
DA:74,0
DA:75,0
DA:77,0
DA:81,0
DA:82,0
DA:83,0
DA:84,0
DA:88,0
DA:89,0
DA:92,0
DA:96,0
DA:97,0
DA:98,0
DA:101,0
DA:102,0
DA:103,0
DA:105,0
DA:107,0
DA:111,0
DA:112,0
DA:113,0
DA:118,0
DA:119,0
DA:122,0
DA:127,0
DA:128,0
DA:129,0
DA:135,0
DA:141,0
DA:147,0
DA:149,0
DA:150,0
DA:151,0
DA:155,0
DA:160,0
DA:165,0
DA:166,0
DA:167,0
DA:170,0
DA:173,0
DA:174,0
DA:175,0
DA:178,0
DA:179,0
DA:180,0
DA:183,0
DA:184,0
DA:188,0
DA:189,0
DA:190,0
DA:193,0
DA:194,0
DA:195,0
DA:200,0
DA:201,0
DA:202,0
DA:205,0
DA:206,0
DA:208,0
DA:209,0
DA:210,0
DA:214,0
DA:215,0
DA:216,0
DA:220,0
DA:242,0
DA:250,0
DA:266,0
LF:95
LH:0
BRDA:26,0,0,0
BRDA:26,0,1,0
BRDA:27,1,0,0
BRDA:27,1,1,0
BRDA:28,2,0,0
BRDA:28,2,1,0
BRDA:29,3,0,0
BRDA:29,3,1,0
BRDA:30,4,0,0
BRDA:30,4,1,0
BRDA:31,5,0,0
BRDA:31,5,1,0
BRDA:32,6,0,0
BRDA:32,6,1,0
BRDA:33,7,0,0
BRDA:33,7,1,0
BRDA:37,8,0,0
BRDA:37,9,0,0
BRDA:37,9,1,0
BRDA:37,9,2,0
BRDA:42,10,0,0
BRDA:42,10,1,0
BRDA:51,11,0,0
BRDA:51,11,1,0
BRDA:60,12,0,0
BRDA:69,13,0,0
BRDA:74,14,0,0
BRDA:74,14,1,0
BRDA:74,15,0,0
BRDA:74,15,1,0
BRDA:81,16,0,0
BRDA:88,17,0,0
BRDA:101,18,0,0
BRDA:101,18,1,0
BRDA:103,19,0,0
BRDA:103,19,1,0
BRDA:111,20,0,0
BRDA:127,21,0,0
BRDA:149,22,0,0
BRDA:160,23,0,0
BRDA:160,23,1,0
BRDA:165,24,0,0
BRDA:173,25,0,0
BRDA:173,26,0,0
BRDA:173,26,1,0
BRDA:178,27,0,0
BRDA:178,28,0,0
BRDA:178,28,1,0
BRDA:193,29,0,0
BRDA:201,30,0,0
BRDA:201,30,1,0
BRDA:205,31,0,0
BRDA:205,32,0,0
BRDA:205,32,1,0
BRDA:206,33,0,0
BRDA:206,34,0,0
BRDA:206,34,1,0
BRDA:215,35,0,0
BRDA:223,36,0,0
BRDA:223,36,1,0
BRDA:235,37,0,0
BRDA:235,37,1,0
BRDA:235,38,0,0
BRDA:235,38,1,0
BRDA:236,39,0,0
BRDA:236,39,1,0
BRDA:236,40,0,0
BRDA:236,40,1,0
BRDA:259,41,0,0
BRDA:259,41,1,0
BRF:70
BRH:0
end_of_record
TN:
SF:frontend/src/components/grids/editors/SelectEditor.tsx
FN:16,(anonymous_9)
FN:28,(anonymous_10)
FN:38,(anonymous_11)
FN:41,(anonymous_12)
FN:46,(anonymous_13)
FN:50,(anonymous_14)
FN:63,(anonymous_15)
FN:70,(anonymous_16)
FN:75,(anonymous_17)
FN:87,(anonymous_18)
FN:92,(anonymous_19)
FN:93,(anonymous_20)
FN:100,(anonymous_21)
FN:127,(anonymous_22)
FNF:14
FNH:0
FNDA:0,(anonymous_9)
FNDA:0,(anonymous_10)
FNDA:0,(anonymous_11)
FNDA:0,(anonymous_12)
FNDA:0,(anonymous_13)
FNDA:0,(anonymous_14)
FNDA:0,(anonymous_15)
FNDA:0,(anonymous_16)
FNDA:0,(anonymous_17)
FNDA:0,(anonymous_18)
FNDA:0,(anonymous_19)
FNDA:0,(anonymous_20)
FNDA:0,(anonymous_21)
FNDA:0,(anonymous_22)
DA:1,0
DA:16,0
DA:17,0
DA:18,0
DA:19,0
DA:20,0
DA:23,0
DA:24,0
DA:25,0
DA:28,0
DA:29,0
DA:32,0
DA:33,0
DA:38,0
DA:39,0
DA:42,0
DA:47,0
DA:48,0
DA:50,0
DA:51,0
DA:52,0
DA:53,0
DA:55,0
DA:64,0
DA:70,0
DA:71,0
DA:72,0
DA:75,0
DA:76,0
DA:77,0
DA:78,0
DA:81,0
DA:87,0
DA:88,0
DA:92,0
DA:93,0
DA:94,0
DA:95,0
DA:99,0
DA:100,0
DA:101,0
DA:106,0
DA:114,0
DA:127,0
DA:142,0
LF:45
LH:0
BRDA:23,0,0,0
BRDA:23,0,1,0
BRDA:24,1,0,0
BRDA:24,1,1,0
BRDA:25,2,0,0
BRDA:25,2,1,0
BRDA:29,3,0,0
BRDA:29,3,1,0
BRDA:32,4,0,0
BRDA:47,5,0,0
BRDA:51,6,0,0
BRDA:77,7,0,0
BRDA:94,8,0,0
BRDA:94,9,0,0
BRDA:94,9,1,0
BRDA:107,10,0,0
BRDA:107,10,1,0
BRDA:124,11,0,0
BRDA:124,11,1,0
BRDA:129,12,0,0
BRDA:129,12,1,0
BRF:21
BRH:0
end_of_record
TN:
SF:frontend/src/components/grids/editors/TagEditor.tsx
FN:14,(anonymous_10)
FN:28,(anonymous_11)
FN:32,(anonymous_12)
FN:49,(anonymous_13)
FN:52,(anonymous_14)
FN:58,(anonymous_15)
FN:65,(anonymous_16)
FN:73,(anonymous_17)
FN:80,(anonymous_18)
FN:91,(anonymous_19)
FN:112,(anonymous_20)
FN:116,(anonymous_21)
FN:117,(anonymous_22)
FN:134,(anonymous_23)
FN:135,(anonymous_24)
FN:139,(anonymous_25)
FN:150,(anonymous_26)
FN:151,(anonymous_27)
FN:158,(anonymous_28)
FN:169,(anonymous_29)
FN:178,(anonymous_30)
FN:201,(anonymous_31)
FN:205,(anonymous_32)
FNF:23
FNH:0
FNDA:0,(anonymous_10)
FNDA:0,(anonymous_11)
FNDA:0,(anonymous_12)
FNDA:0,(anonymous_13)
FNDA:0,(anonymous_14)
FNDA:0,(anonymous_15)
FNDA:0,(anonymous_16)
FNDA:0,(anonymous_17)
FNDA:0,(anonymous_18)
FNDA:0,(anonymous_19)
FNDA:0,(anonymous_20)
FNDA:0,(anonymous_21)
FNDA:0,(anonymous_22)
FNDA:0,(anonymous_23)
FNDA:0,(anonymous_24)
FNDA:0,(anonymous_25)
FNDA:0,(anonymous_26)
FNDA:0,(anonymous_27)
FNDA:0,(anonymous_28)
FNDA:0,(anonymous_29)
FNDA:0,(anonymous_30)
FNDA:0,(anonymous_31)
FNDA:0,(anonymous_32)
DA:1,0
DA:14,0
DA:15,0
DA:16,0
DA:17,0
DA:18,0
DA:19,0
DA:20,0
DA:23,0
DA:24,0
DA:25,0
DA:28,0
DA:29,0
DA:31,0
DA:32,0
DA:35,0
DA:36,0
DA:39,0
DA:43,0
DA:44,0
DA:49,0
DA:50,0
DA:54,0
DA:59,0
DA:60,0
DA:67,0
DA:73,0
DA:74,0
DA:75,0
DA:78,0
DA:79,0
DA:80,0
DA:82,0
DA:83,0
DA:85,0
DA:86,0
DA:91,0
DA:93,0
DA:94,0
DA:95,0
DA:99,0
DA:100,0
DA:101,0
DA:102,0
DA:106,0
DA:107,0
DA:112,0
DA:114,0
DA:116,0
DA:117,0
DA:119,0
DA:121,0
DA:122,0
DA:123,0
DA:126,0
DA:127,0
DA:128,0
DA:129,0
DA:134,0
DA:135,0
DA:139,0
DA:140,0
DA:141,0
DA:144,0
DA:145,0
DA:150,0
DA:151,0
DA:152,0
DA:153,0
DA:157,0
DA:158,0
DA:159,0
DA:163,0
DA:169,0
DA:178,0
DA:201,0
DA:205,0
DA:216,0
LF:78
LH:0
BRDA:23,0,0,0
BRDA:23,0,1,0
BRDA:24,1,0,0
BRDA:24,1,1,0
BRDA:25,2,0,0
BRDA:25,2,1,0
BRDA:29,3,0,0
BRDA:29,3,1,0
BRDA:31,4,0,0
BRDA:31,4,1,0
BRDA:35,5,0,0
BRDA:43,6,0,0
BRDA:59,7,0,0
BRDA:78,8,0,0
BRDA:78,8,1,0
BRDA:78,9,0,0
BRDA:78,9,1,0
BRDA:80,10,0,0
BRDA:80,10,1,0
BRDA:93,11,0,0
BRDA:93,12,0,0
BRDA:93,12,1,0
BRDA:93,12,2,0
BRDA:99,13,0,0
BRDA:99,14,0,0
BRDA:99,14,1,0
BRDA:99,14,2,0
BRDA:99,14,3,0
BRDA:106,15,0,0
BRDA:117,16,0,0
BRDA:117,16,1,0
BRDA:119,17,0,0
BRDA:121,18,0,0
BRDA:121,19,0,0
BRDA:121,19,1,0
BRDA:144,20,0,0
BRDA:152,21,0,0
BRDA:152,22,0,0
BRDA:152,22,1,0
BRDA:193,23,0,0
BRDA:193,23,1,0
BRDA:199,24,0,0
BRDA:199,24,1,0
BRF:43
BRH:0
end_of_record
TN:
SF:frontend/src/components/grids/editors/index.ts
FN:2,(anonymous_1)
FN:3,(anonymous_2)
FN:4,(anonymous_3)
FN:5,(anonymous_4)
FNF:4
FNH:0
FNDA:0,(anonymous_1)
FNDA:0,(anonymous_2)
FNDA:0,(anonymous_3)
FNDA:0,(anonymous_4)
DA:2,0
DA:3,0
DA:4,0
DA:5,0
LF:4
LH:0
BRF:0
BRH:0
end_of_record
TN:
SF:frontend/src/components/layout/Header.tsx
FN:9,(anonymous_9)
FN:21,(anonymous_10)
FN:22,handleClickOutside
FN:32,(anonymous_12)
FN:38,(anonymous_13)
FN:50,(anonymous_14)
FN:83,(anonymous_15)
FN:114,(anonymous_16)
FN:119,(anonymous_17)
FN:142,(anonymous_18)
FN:160,(anonymous_19)
FN:200,(anonymous_20)
FN:210,(anonymous_21)
FNF:13
FNH:0
FNDA:0,(anonymous_9)
FNDA:0,(anonymous_10)
FNDA:0,handleClickOutside
FNDA:0,(anonymous_12)
FNDA:0,(anonymous_13)
FNDA:0,(anonymous_14)
FNDA:0,(anonymous_15)
FNDA:0,(anonymous_16)
FNDA:0,(anonymous_17)
FNDA:0,(anonymous_18)
FNDA:0,(anonymous_19)
FNDA:0,(anonymous_20)
FNDA:0,(anonymous_21)
DA:1,0
DA:2,0
DA:3,0
DA:9,0
DA:10,0
DA:11,0
DA:12,0
DA:13,0
DA:14,0
DA:15,0
DA:18,0
DA:21,0
DA:23,0
DA:24,0
DA:26,0
DA:27,0
DA:31,0
DA:32,0
DA:33,0
DA:38,0
DA:39,0
DA:40,0
DA:44,0
DA:50,0
DA:52,0
DA:83,0
DA:114,0
DA:119,0
DA:142,0
DA:160,0
DA:200,0
DA:210,0
DA:232,0
LF:33
LH:0
BRDA:18,0,0,0
BRDA:23,1,0,0
BRDA:23,2,0,0
BRDA:23,2,1,0
BRDA:26,3,0,0
BRDA:26,4,0,0
BRDA:26,4,1,0
BRDA:56,5,0,0
BRDA:56,5,1,0
BRDA:91,6,0,0
BRDA:91,6,1,0
BRDA:97,7,0,0
BRDA:97,7,1,0
BRDA:103,8,0,0
BRDA:103,8,1,0
BRDA:112,9,0,0
BRDA:112,9,1,0
BRDA:118,10,0,0
BRDA:118,10,1,0
BRDA:170,11,0,0
BRDA:170,11,1,0
BRDA:171,12,0,0
BRDA:171,12,1,0
BRDA:172,13,0,0
BRDA:172,13,1,0
BRDA:173,14,0,0
BRDA:173,14,1,0
BRDA:177,15,0,0
BRDA:177,15,1,0
BRDA:183,16,0,0
BRDA:183,16,1,0
BRDA:205,17,0,0
BRDA:205,17,1,0
BRF:33
BRH:0
end_of_record
TN:
SF:frontend/src/components/layout/Layout.tsx
FN:13,(anonymous_10)
FN:27,(anonymous_11)
FN:54,(anonymous_12)
FN:56,(anonymous_13)
FN:62,(anonymous_14)
FN:66,(anonymous_15)
FN:69,(anonymous_16)
FN:70,(anonymous_17)
FN:81,(anonymous_18)
FN:85,(anonymous_19)
FN:95,(anonymous_20)
FN:119,(anonymous_21)
FNF:12
FNH:0
FNDA:0,(anonymous_10)
FNDA:0,(anonymous_11)
FNDA:0,(anonymous_12)
FNDA:0,(anonymous_13)
FNDA:0,(anonymous_14)
FNDA:0,(anonymous_15)
FNDA:0,(anonymous_16)
FNDA:0,(anonymous_17)
FNDA:0,(anonymous_18)
FNDA:0,(anonymous_19)
FNDA:0,(anonymous_20)
FNDA:0,(anonymous_21)
DA:1,0
DA:2,0
DA:3,0
DA:4,0
DA:5,0
DA:6,0
DA:7,0
DA:13,0
DA:14,0
DA:15,0
DA:16,0
DA:17,0
DA:18,0
DA:19,0
DA:22,0
DA:23,0
DA:27,0
DA:28,0
DA:30,0
DA:31,0
DA:32,0
DA:33,0
DA:34,0
DA:35,0
DA:36,0
DA:37,0
DA:38,0
DA:39,0
DA:40,0
DA:41,0
DA:42,0
DA:43,0
DA:44,0
DA:45,0
DA:46,0
DA:47,0
DA:48,0
DA:49,0
DA:54,0
DA:56,0
DA:57,0
DA:59,0
DA:62,0
DA:66,0
DA:67,0
DA:69,0
DA:70,0
DA:71,0
DA:72,0
DA:75,0
DA:77,0
DA:81,0
DA:85,0
DA:86,0
DA:87,0
DA:91,0
DA:95,0
DA:119,0
DA:138,0
LF:59
LH:0
BRDA:22,0,0,0
BRDA:30,1,0,0
BRDA:30,1,1,0
BRDA:32,2,0,0
BRDA:32,2,1,0
BRDA:34,3,0,0
BRDA:34,3,1,0
BRDA:36,4,0,0
BRDA:36,4,1,0
BRDA:38,5,0,0
BRDA:38,5,1,0
BRDA:40,6,0,0
BRDA:40,6,1,0
BRDA:42,7,0,0
BRDA:42,7,1,0
BRDA:44,8,0,0
BRDA:44,8,1,0
BRDA:46,9,0,0
BRDA:46,9,1,0
BRDA:48,10,0,0
BRDA:67,11,0,0
BRDA:71,12,0,0
BRDA:71,13,0,0
BRDA:71,13,1,0
BRDA:113,14,0,0
BRDA:113,14,1,0
BRF:26
BRH:0
end_of_record
TN:
SF:frontend/src/components/layout/Sidebar.tsx
FN:18,(anonymous_9)
FN:30,(anonymous_10)
FN:141,(anonymous_11)
FN:173,(anonymous_12)
FN:181,(anonymous_13)
FNF:5
FNH:0
FNDA:0,(anonymous_9)
FNDA:0,(anonymous_10)
FNDA:0,(anonymous_11)
FNDA:0,(anonymous_12)
FNDA:0,(anonymous_13)
DA:1,0
DA:2,0
DA:3,0
DA:18,0
DA:19,0
DA:20,0
DA:22,0
DA:23,0
DA:24,0
DA:27,0
DA:30,0
DA:31,0
DA:32,0
DA:34,0
DA:39,0
DA:42,0
DA:141,0
DA:142,0
DA:145,0
DA:174,0
DA:177,0
DA:181,0
DA:226,0
LF:23
LH:0
BRDA:27,0,0,0
BRDA:27,0,1,0
BRDA:31,1,0,0
BRDA:31,1,1,0
BRDA:39,2,0,0
BRDA:142,3,0,0
BRDA:142,3,1,0
BRDA:148,4,0,0
BRDA:148,4,1,0
BRDA:152,5,0,0
BRDA:152,5,1,0
BRDA:158,6,0,0
BRDA:158,6,1,0
BRDA:160,7,0,0
BRDA:160,7,1,0
BRDA:174,8,0,0
BRDA:174,8,1,0
BRDA:174,8,2,0
BRDA:183,9,0,0
BRDA:183,9,1,0
BRDA:184,10,0,0
BRDA:184,10,1,0
BRDA:189,11,0,0
BRDA:189,11,1,0
BRDA:193,12,0,0
BRDA:193,12,1,0
BRDA:193,12,2,0
BRDA:204,13,0,0
BRDA:204,13,1,0
BRDA:206,14,0,0
BRDA:206,14,1,0
BRDA:209,15,0,0
BRDA:209,15,1,0
BRDA:213,16,0,0
BRDA:213,16,1,0
BRDA:214,17,0,0
BRDA:214,17,1,0
BRDA:215,18,0,0
BRDA:215,18,1,0
BRDA:216,19,0,0
BRDA:216,19,1,0
BRF:41
BRH:0
end_of_record
TN:
SF:frontend/src/components/notifications/NotificationBell.tsx
FN:7,(anonymous_23)
FN:12,(anonymous_24)
FN:13,(anonymous_25)
FN:30,(anonymous_28)
FN:36,(anonymous_29)
FN:41,(anonymous_30)
FNF:6
FNH:0
FNDA:0,(anonymous_23)
FNDA:0,(anonymous_24)
FNDA:0,(anonymous_25)
FNDA:0,(anonymous_28)
FNDA:0,(anonymous_29)
FNDA:0,(anonymous_30)
DA:1,0
DA:2,0
DA:3,0
DA:4,0
DA:5,0
DA:7,0
DA:8,0
DA:9,0
DA:12,0
DA:13,0
DA:16,0
DA:18,0
DA:19,0
DA:21,0
DA:25,0
DA:28,0
DA:30,0
DA:31,0
DA:36,0
DA:37,0
DA:41,0
DA:42,0
DA:45,0
DA:66,0
LF:24
LH:0
BRDA:52,0,0,0
BRDA:52,0,1,0
BRDA:54,1,0,0
BRDA:54,1,1,0
BRDA:59,2,0,0
BRDA:59,2,1,0
BRF:6
BRH:0
end_of_record
TN:
SF:frontend/src/components/notifications/NotificationDropdown.tsx
FN:10,(anonymous_23)
FN:16,(anonymous_24)
FN:17,(anonymous_25)
FN:37,(anonymous_28)
FN:38,(anonymous_29)
FN:45,(anonymous_30)
FN:51,(anonymous_31)
FN:51,(anonymous_32)
FN:61,(anonymous_34)
FN:74,(anonymous_37)
FN:101,(anonymous_38)
FN:105,(anonymous_39)
FNF:12
FNH:0
FNDA:0,(anonymous_23)
FNDA:0,(anonymous_24)
FNDA:0,(anonymous_25)
FNDA:0,(anonymous_28)
FNDA:0,(anonymous_29)
FNDA:0,(anonymous_30)
FNDA:0,(anonymous_31)
FNDA:0,(anonymous_32)
FNDA:0,(anonymous_34)
FNDA:0,(anonymous_37)
FNDA:0,(anonymous_38)
FNDA:0,(anonymous_39)
DA:1,0
DA:2,0
DA:3,0
DA:4,0
DA:10,0
DA:11,0
DA:12,0
DA:13,0
DA:16,0
DA:17,0
DA:18,0
DA:21,0
DA:24,0
DA:25,0
DA:27,0
DA:29,0
DA:33,0
DA:37,0
DA:38,0
DA:39,0
DA:40,0
DA:44,0
DA:45,0
DA:46,0
DA:51,0
DA:53,0
DA:54,0
DA:56,0
DA:61,0
DA:64,0
DA:66,0
DA:67,0
DA:69,0
DA:74,0
DA:75,0
DA:76,0
DA:77,0
DA:80,0
DA:101,0
DA:105,0
DA:130,0
LF:41
LH:0
BRDA:39,0,0,0
BRDA:39,1,0,0
BRDA:39,1,1,0
BRDA:75,2,0,0
BRDA:96,3,0,0
BRDA:96,3,1,0
BRDA:98,4,0,0
BRDA:98,4,1,0
BRF:8
BRH:0
end_of_record
TN:
SF:frontend/src/components/workflows/ApprovalWorkflow.tsx
FN:28,(anonymous_14)
FN:34,(anonymous_15)
FN:35,(anonymous_16)
FN:52,(anonymous_19)
FN:60,(anonymous_20)
FN:60,(anonymous_21)
FN:80,(anonymous_23)
FN:80,(anonymous_24)
FN:133,(anonymous_26)
FN:173,(anonymous_27)
FN:181,(anonymous_28)
FN:187,(anonymous_29)
FNF:12
FNH:0
FNDA:0,(anonymous_14)
FNDA:0,(anonymous_15)
FNDA:0,(anonymous_16)
FNDA:0,(anonymous_19)
FNDA:0,(anonymous_20)
FNDA:0,(anonymous_21)
FNDA:0,(anonymous_23)
FNDA:0,(anonymous_24)
FNDA:0,(anonymous_26)
FNDA:0,(anonymous_27)
FNDA:0,(anonymous_28)
FNDA:0,(anonymous_29)
DA:1,0
DA:3,0
DA:4,0
DA:28,0
DA:29,0
DA:30,0
DA:31,0
DA:32,0
DA:34,0
DA:35,0
DA:36,0
DA:38,0
DA:39,0
DA:41,0
DA:42,0
DA:44,0
DA:48,0
DA:52,0
DA:53,0
DA:54,0
DA:55,0
DA:60,0
DA:62,0
DA:68,0
DA:69,0
DA:71,0
DA:72,0
DA:74,0
DA:75,0
DA:80,0
DA:81,0
DA:82,0
DA:83,0
DA:87,0
DA:93,0
DA:94,0
DA:96,0
DA:97,0
DA:99,0
DA:100,0
DA:104,0
DA:105,0
DA:108,0
DA:109,0
DA:112,0
DA:113,0
DA:116,0
DA:133,0
DA:173,0
DA:181,0
DA:187,0
DA:199,0
LF:52
LH:0
BRDA:41,0,0,0
BRDA:41,0,1,0
BRDA:41,1,0,0
BRDA:41,1,1,0
BRDA:41,2,0,0
BRDA:41,2,1,0
BRDA:41,3,0,0
BRDA:41,3,1,0
BRDA:41,4,0,0
BRDA:41,4,1,0
BRDA:53,5,0,0
BRDA:74,6,0,0
BRDA:74,6,1,0
BRDA:74,7,0,0
BRDA:74,7,1,0
BRDA:74,8,0,0
BRDA:74,8,1,0
BRDA:74,9,0,0
BRDA:74,9,1,0
BRDA:74,10,0,0
BRDA:74,10,1,0
BRDA:81,11,0,0
BRDA:99,12,0,0
BRDA:99,12,1,0
BRDA:99,13,0,0
BRDA:99,13,1,0
BRDA:99,14,0,0
BRDA:99,14,1,0
BRDA:99,15,0,0
BRDA:99,15,1,0
BRDA:99,16,0,0
BRDA:99,16,1,0
BRDA:104,17,0,0
BRDA:108,18,0,0
BRDA:112,19,0,0
BRDA:136,20,0,0
BRDA:136,20,1,0
BRDA:136,21,0,0
BRDA:136,21,1,0
BRDA:136,22,0,0
BRDA:136,22,1,0
BRDA:139,23,0,0
BRDA:139,23,1,0
BRDA:140,24,0,0
BRDA:140,24,1,0
BRDA:141,25,0,0
BRDA:141,25,1,0
BRDA:146,26,0,0
BRDA:146,26,1,0
BRDA:146,26,2,0
BRDA:146,27,0,0
BRDA:146,27,1,0
BRDA:146,28,0,0
BRDA:146,28,1,0
BRDA:148,29,0,0
BRDA:148,29,1,0
BRDA:149,30,0,0
BRDA:149,30,1,0
BRDA:152,31,0,0
BRDA:152,31,1,0
BRDA:154,32,0,0
BRDA:154,32,1,0
BRDA:164,33,0,0
BRDA:164,33,1,0
BRDA:164,33,2,0
BRF:65
BRH:0
end_of_record
TN:
SF:frontend/src/config/index.ts
FNF:0
FNH:0
DA:2,0
DA:7,0
DA:10,0
DA:11,0
DA:14,0
DA:15,0
LF:6
LH:0
BRDA:2,0,0,0
BRDA:2,0,1,0
BRF:2
BRH:0
end_of_record
TN:
SF:frontend/src/pages/ApplicationDetail.tsx
FN:10,(anonymous_26)
FN:32,(anonymous_27)
FN:35,(anonymous_28)
FN:79,(anonymous_31)
FN:88,(anonymous_32)
FN:97,(anonymous_33)
FN:97,(anonymous_34)
FN:115,(anonymous_36)
FN:115,(anonymous_37)
FN:140,(anonymous_39)
FN:147,(anonymous_40)
FN:180,(anonymous_41)
FN:187,(anonymous_42)
FN:234,(anonymous_43)
FN:429,(anonymous_44)
FN:520,(anonymous_45)
FNF:16
FNH:0
FNDA:0,(anonymous_26)
FNDA:0,(anonymous_27)
FNDA:0,(anonymous_28)
FNDA:0,(anonymous_31)
FNDA:0,(anonymous_32)
FNDA:0,(anonymous_33)
FNDA:0,(anonymous_34)
FNDA:0,(anonymous_36)
FNDA:0,(anonymous_37)
FNDA:0,(anonymous_39)
FNDA:0,(anonymous_40)
FNDA:0,(anonymous_41)
FNDA:0,(anonymous_42)
FNDA:0,(anonymous_43)
FNDA:0,(anonymous_44)
FNDA:0,(anonymous_45)
DA:1,0
DA:2,0
DA:3,0
DA:4,0
DA:5,0
DA:6,0
DA:7,0
DA:10,0
DA:11,0
DA:12,0
DA:13,0
DA:14,0
DA:15,0
DA:16,0
DA:17,0
DA:18,0
DA:19,0
DA:20,0
DA:21,0
DA:22,0
DA:29,0
DA:32,0
DA:33,0
DA:35,0
DA:36,0
DA:38,0
DA:39,0
DA:40,0
DA:43,0
DA:45,0
DA:46,0
DA:48,0
DA:52,0
DA:54,0
DA:55,0
DA:57,0
DA:63,0
DA:64,0
DA:66,0
DA:69,0
DA:71,0
DA:75,0
DA:79,0
DA:80,0
DA:81,0
DA:88,0
DA:89,0
DA:90,0
DA:97,0
DA:98,0
DA:99,0
DA:101,0
DA:103,0
DA:104,0
DA:105,0
DA:106,0
DA:108,0
DA:110,0
DA:115,0
DA:116,0
DA:117,0
DA:119,0
DA:121,0
DA:122,0
DA:123,0
DA:124,0
DA:131,0
DA:133,0
DA:135,0
DA:140,0
DA:141,0
DA:142,0
DA:143,0
DA:147,0
DA:148,0
DA:151,0
DA:152,0
DA:155,0
DA:156,0
DA:164,0
DA:165,0
DA:173,0
DA:180,0
DA:187,0
DA:234,0
DA:429,0
DA:520,0
DA:552,0
LF:88
LH:0
BRDA:23,0,0,0
BRDA:23,0,1,0
BRDA:33,1,0,0
BRDA:43,2,0,0
BRDA:52,3,0,0
BRDA:69,4,0,0
BRDA:69,4,1,0
BRDA:69,5,0,0
BRDA:69,5,1,0
BRDA:69,6,0,0
BRDA:69,6,1,0
BRDA:69,7,0,0
BRDA:69,7,1,0
BRDA:69,8,0,0
BRDA:69,8,1,0
BRDA:92,9,0,0
BRDA:92,9,1,0
BRDA:99,10,0,0
BRDA:108,11,0,0
BRDA:108,11,1,0
BRDA:108,12,0,0
BRDA:108,12,1,0
BRDA:108,13,0,0
BRDA:108,13,1,0
BRDA:108,14,0,0
BRDA:108,14,1,0
BRDA:108,15,0,0
BRDA:108,15,1,0
BRDA:117,16,0,0
BRDA:133,17,0,0
BRDA:133,17,1,0
BRDA:133,18,0,0
BRDA:133,18,1,0
BRDA:133,19,0,0
BRDA:133,19,1,0
BRDA:133,20,0,0
BRDA:133,20,1,0
BRDA:133,21,0,0
BRDA:133,21,1,0
BRDA:141,22,0,0
BRDA:151,23,0,0
BRDA:151,24,0,0
BRDA:151,24,1,0
BRDA:155,25,0,0
BRDA:155,26,0,0
BRDA:155,26,1,0
BRDA:164,27,0,0
BRDA:178,28,0,0
BRDA:178,28,1,0
BRDA:199,29,0,0
BRDA:199,29,1,0
BRDA:206,30,0,0
BRDA:206,30,1,0
BRDA:216,31,0,0
BRDA:216,31,1,0
BRDA:229,32,0,0
BRDA:229,32,1,0
BRDA:247,33,0,0
BRDA:247,33,1,0
BRDA:260,34,0,0
BRDA:260,34,1,0
BRDA:273,35,0,0
BRDA:273,35,1,0
BRDA:286,36,0,0
BRDA:286,36,1,0
BRDA:298,37,0,0
BRDA:298,37,1,0
BRDA:311,38,0,0
BRDA:311,38,1,0
BRDA:324,39,0,0
BRDA:324,39,1,0
BRDA:338,40,0,0
BRDA:338,40,1,0
BRDA:368,41,0,0
BRDA:368,41,1,0
BRDA:369,42,0,0
BRDA:369,42,1,0
BRDA:370,43,0,0
BRDA:370,43,1,0
BRDA:371,44,0,0
BRDA:371,44,1,0
BRDA:372,45,0,0
BRDA:372,45,1,0
BRDA:373,46,0,0
BRDA:373,46,1,0
BRDA:374,47,0,0
BRDA:374,47,1,0
BRDA:375,48,0,0
BRDA:375,48,1,0
BRDA:376,49,0,0
BRDA:376,49,1,0
BRDA:377,50,0,0
BRDA:377,50,1,0
BRDA:378,51,0,0
BRDA:378,51,1,0
BRDA:379,52,0,0
BRDA:379,52,1,0
BRDA:389,53,0,0
BRDA:389,53,1,0
BRDA:394,54,0,0
BRDA:394,54,1,0
BRDA:399,55,0,0
BRDA:399,55,1,0
BRDA:404,56,0,0
BRDA:404,56,1,0
BRDA:409,57,0,0
BRDA:409,57,1,0
BRDA:414,58,0,0
BRDA:414,58,1,0
BRDA:419,59,0,0
BRDA:419,59,1,0
BRDA:432,60,0,0
BRDA:432,60,1,0
BRDA:436,61,0,0
BRDA:436,61,1,0
BRDA:446,62,0,0
BRDA:446,62,1,0
BRDA:461,63,0,0
BRDA:461,63,1,0
BRDA:478,64,0,0
BRDA:478,64,1,0
BRDA:496,65,0,0
BRDA:496,65,1,0
BRDA:510,66,0,0
BRDA:510,66,1,0
BRDA:516,67,0,0
BRDA:516,67,1,0
BRDA:535,68,0,0
BRDA:535,68,1,0
BRDA:540,69,0,0
BRDA:540,69,1,0
BRF:131
BRH:0
end_of_record
TN:
SF:frontend/src/pages/ApplicationList.tsx
FN:13,(anonymous_23)
FN:42,(anonymous_24)
FN:43,(anonymous_25)
FN:50,(anonymous_28)
FN:57,(anonymous_29)
FN:70,(anonymous_30)
FN:92,(anonymous_33)
FN:97,(anonymous_34)
FN:104,(anonymous_35)
FN:112,(anonymous_36)
FN:117,(anonymous_37)
FN:122,(anonymous_38)
FN:122,(anonymous_39)
FN:131,(anonymous_41)
FN:141,(anonymous_42)
FN:147,(anonymous_43)
FN:153,(anonymous_44)
FN:172,(anonymous_45)
FN:178,(anonymous_46)
FN:184,(anonymous_47)
FN:190,(anonymous_48)
FN:203,(anonymous_49)
FN:214,(anonymous_50)
FN:221,(anonymous_51)
FN:227,(anonymous_52)
FN:264,(anonymous_53)
FN:267,(anonymous_54)
FN:280,(anonymous_55)
FN:303,(anonymous_56)
FNF:29
FNH:0
FNDA:0,(anonymous_23)
FNDA:0,(anonymous_24)
FNDA:0,(anonymous_25)
FNDA:0,(anonymous_28)
FNDA:0,(anonymous_29)
FNDA:0,(anonymous_30)
FNDA:0,(anonymous_33)
FNDA:0,(anonymous_34)
FNDA:0,(anonymous_35)
FNDA:0,(anonymous_36)
FNDA:0,(anonymous_37)
FNDA:0,(anonymous_38)
FNDA:0,(anonymous_39)
FNDA:0,(anonymous_41)
FNDA:0,(anonymous_42)
FNDA:0,(anonymous_43)
FNDA:0,(anonymous_44)
FNDA:0,(anonymous_45)
FNDA:0,(anonymous_46)
FNDA:0,(anonymous_47)
FNDA:0,(anonymous_48)
FNDA:0,(anonymous_49)
FNDA:0,(anonymous_50)
FNDA:0,(anonymous_51)
FNDA:0,(anonymous_52)
FNDA:0,(anonymous_53)
FNDA:0,(anonymous_54)
FNDA:0,(anonymous_55)
FNDA:0,(anonymous_56)
DA:1,0
DA:3,0
DA:4,0
DA:5,0
DA:6,0
DA:7,0
DA:8,0
DA:9,0
DA:10,0
DA:13,0
DA:14,0
DA:15,0
DA:16,0
DA:17,0
DA:18,0
DA:19,0
DA:20,0
DA:21,0
DA:22,0
DA:25,0
DA:26,0
DA:42,0
DA:43,0
DA:45,0
DA:46,0
DA:49,0
DA:50,0
DA:51,0
DA:53,0
DA:56,0
DA:57,0
DA:58,0
DA:60,0
DA:62,0
DA:66,0
DA:70,0
DA:71,0
DA:72,0
DA:74,0
DA:75,0
DA:77,0
DA:80,0
DA:82,0
DA:84,0
DA:85,0
DA:87,0
DA:92,0
DA:93,0
DA:97,0
DA:98,0
DA:99,0
DA:100,0
DA:104,0
DA:105,0
DA:108,0
DA:112,0
DA:113,0
DA:117,0
DA:118,0
DA:122,0
DA:123,0
DA:124,0
DA:127,0
DA:129,0
DA:131,0
DA:132,0
DA:134,0
DA:136,0
DA:141,0
DA:142,0
DA:143,0
DA:147,0
DA:148,0
DA:149,0
DA:153,0
DA:154,0
DA:155,0
DA:156,0
DA:160,0
DA:172,0
DA:178,0
DA:184,0
DA:191,0
DA:192,0
DA:194,0
DA:196,0
DA:203,0
DA:215,0
DA:217,0
DA:221,0
DA:227,0
DA:237,0
DA:264,0
DA:267,0
DA:280,0
DA:304,0
DA:305,0
DA:314,0
LF:98
LH:0
BRDA:80,0,0,0
BRDA:75,1,0,0
BRDA:84,2,0,0
BRDA:84,2,1,0
BRDA:84,3,0,0
BRDA:84,3,1,0
BRDA:84,4,0,0
BRDA:84,4,1,0
BRDA:84,5,0,0
BRDA:84,5,1,0
BRDA:84,6,0,0
BRDA:84,6,1,0
BRDA:98,7,0,0
BRDA:105,8,0,0
BRDA:105,8,1,0
BRDA:105,8,2,0
BRDA:123,9,0,0
BRDA:134,10,0,0
BRDA:134,10,1,0
BRDA:134,11,0,0
BRDA:134,11,1,0
BRDA:134,12,0,0
BRDA:134,12,1,0
BRDA:134,13,0,0
BRDA:134,13,1,0
BRDA:134,14,0,0
BRDA:134,14,1,0
BRDA:142,15,0,0
BRDA:143,16,0,0
BRDA:143,16,1,0
BRDA:148,17,0,0
BRDA:149,18,0,0
BRDA:149,18,1,0
BRDA:154,19,0,0
BRDA:192,20,0,0
BRDA:194,21,0,0
BRDA:194,21,1,0
BRDA:203,22,0,0
BRDA:203,22,1,0
BRDA:215,23,0,0
BRDA:215,23,1,0
BRDA:215,24,0,0
BRDA:215,24,1,0
BRDA:215,25,0,0
BRDA:215,25,1,0
BRDA:249,26,0,0
BRDA:249,26,1,0
BRDA:263,27,0,0
BRDA:263,27,1,0
BRDA:264,28,0,0
BRDA:264,28,1,0
BRDA:304,29,0,0
BRF:52
BRH:0
end_of_record
TN:
SF:frontend/src/pages/ApplicationNew.tsx
FN:9,(anonymous_25)
FN:26,(anonymous_26)
FN:27,(anonymous_27)
FN:38,(anonymous_30)
FN:54,(anonymous_33)
FN:63,(anonymous_34)
FN:63,(anonymous_35)
FN:79,(anonymous_37)
FN:116,(anonymous_38)
FN:134,(anonymous_39)
FNF:10
FNH:0
FNDA:0,(anonymous_25)
FNDA:0,(anonymous_26)
FNDA:0,(anonymous_27)
FNDA:0,(anonymous_30)
FNDA:0,(anonymous_33)
FNDA:0,(anonymous_34)
FNDA:0,(anonymous_35)
FNDA:0,(anonymous_37)
FNDA:0,(anonymous_38)
FNDA:0,(anonymous_39)
DA:1,0
DA:2,0
DA:3,0
DA:4,0
DA:5,0
DA:6,0
DA:7,0
DA:9,0
DA:10,0
DA:11,0
DA:12,0
DA:13,0
DA:14,0
DA:15,0
DA:22,0
DA:23,0
DA:26,0
DA:27,0
DA:29,0
DA:30,0
DA:31,0
DA:33,0
DA:34,0
DA:38,0
DA:40,0
DA:41,0
DA:42,0
DA:44,0
DA:45,0
DA:49,0
DA:50,0
DA:54,0
DA:55,0
DA:56,0
DA:63,0
DA:64,0
DA:66,0
DA:68,0
DA:69,0
DA:70,0
DA:72,0
DA:74,0
DA:79,0
DA:80,0
DA:83,0
DA:116,0
DA:134,0
DA:265,0
LF:48
LH:0
BRDA:58,0,0,0
BRDA:58,0,1,0
BRDA:72,1,0,0
BRDA:72,1,1,0
BRDA:72,2,0,0
BRDA:72,2,1,0
BRDA:72,3,0,0
BRDA:72,3,1,0
BRDA:72,4,0,0
BRDA:72,4,1,0
BRDA:72,5,0,0
BRDA:72,5,1,0
BRDA:92,6,0,0
BRDA:92,6,1,0
BRDA:99,7,0,0
BRDA:99,7,1,0
BRDA:99,8,0,0
BRDA:99,8,1,0
BRDA:110,9,0,0
BRDA:110,9,1,0
BRDA:128,10,0,0
BRDA:128,10,1,0
BRDA:147,11,0,0
BRDA:147,11,1,0
BRDA:161,12,0,0
BRDA:161,12,1,0
BRDA:177,13,0,0
BRDA:177,13,1,0
BRDA:190,14,0,0
BRDA:190,14,1,0
BRDA:203,15,0,0
BRDA:203,15,1,0
BRDA:216,16,0,0
BRDA:216,16,1,0
BRDA:228,17,0,0
BRDA:228,17,1,0
BRDA:241,18,0,0
BRDA:241,18,1,0
BRDA:255,19,0,0
BRDA:255,19,1,0
BRF:40
BRH:0
end_of_record
TN:
SF:frontend/src/pages/ApprovalDetail.tsx
FN:9,(anonymous_23)
FN:21,(anonymous_24)
FN:24,(anonymous_25)
FN:59,(anonymous_28)
FN:81,(anonymous_31)
FN:81,(anonymous_32)
FN:106,(anonymous_34)
FN:113,(anonymous_35)
FN:222,(anonymous_36)
FN:239,(anonymous_37)
FNF:10
FNH:0
FNDA:0,(anonymous_23)
FNDA:0,(anonymous_24)
FNDA:0,(anonymous_25)
FNDA:0,(anonymous_28)
FNDA:0,(anonymous_31)
FNDA:0,(anonymous_32)
FNDA:0,(anonymous_34)
FNDA:0,(anonymous_35)
FNDA:0,(anonymous_36)
FNDA:0,(anonymous_37)
DA:1,0
DA:2,0
DA:3,0
DA:4,0
DA:5,0
DA:6,0
DA:7,0
DA:9,0
DA:10,0
DA:11,0
DA:12,0
DA:13,0
DA:14,0
DA:15,0
DA:16,0
DA:17,0
DA:18,0
DA:21,0
DA:22,0
DA:24,0
DA:25,0
DA:27,0
DA:28,0
DA:31,0
DA:33,0
DA:34,0
DA:36,0
DA:40,0
DA:42,0
DA:43,0
DA:45,0
DA:49,0
DA:51,0
DA:55,0
DA:59,0
DA:60,0
DA:61,0
DA:62,0
DA:65,0
DA:68,0
DA:70,0
DA:71,0
DA:72,0
DA:74,0
DA:76,0
DA:81,0
DA:82,0
DA:83,0
DA:85,0
DA:86,0
DA:87,0
DA:90,0
DA:93,0
DA:95,0
DA:96,0
DA:97,0
DA:99,0
DA:101,0
DA:106,0
DA:107,0
DA:108,0
DA:109,0
DA:113,0
DA:114,0
DA:117,0
DA:118,0
DA:121,0
DA:122,0
DA:130,0
DA:131,0
DA:139,0
DA:222,0
DA:239,0
DA:290,0
LF:74
LH:0
BRDA:22,0,0,0
BRDA:31,1,0,0
BRDA:40,2,0,0
BRDA:49,3,0,0
BRDA:49,3,1,0
BRDA:49,4,0,0
BRDA:49,4,1,0
BRDA:49,5,0,0
BRDA:49,5,1,0
BRDA:49,6,0,0
BRDA:49,6,1,0
BRDA:49,7,0,0
BRDA:49,7,1,0
BRDA:60,8,0,0
BRDA:61,9,0,0
BRDA:74,10,0,0
BRDA:74,10,1,0
BRDA:74,11,0,0
BRDA:74,11,1,0
BRDA:74,12,0,0
BRDA:74,12,1,0
BRDA:74,13,0,0
BRDA:74,13,1,0
BRDA:74,14,0,0
BRDA:74,14,1,0
BRDA:83,15,0,0
BRDA:85,16,0,0
BRDA:99,17,0,0
BRDA:99,17,1,0
BRDA:99,18,0,0
BRDA:99,18,1,0
BRDA:99,19,0,0
BRDA:99,19,1,0
BRDA:99,20,0,0
BRDA:99,20,1,0
BRDA:99,21,0,0
BRDA:99,21,1,0
BRDA:107,22,0,0
BRDA:117,23,0,0
BRDA:117,24,0,0
BRDA:117,24,1,0
BRDA:121,25,0,0
BRDA:121,26,0,0
BRDA:121,26,1,0
BRDA:130,27,0,0
BRDA:148,28,0,0
BRDA:148,28,1,0
BRDA:165,29,0,0
BRDA:165,29,1,0
BRDA:166,30,0,0
BRDA:166,30,1,0
BRDA:167,31,0,0
BRDA:167,31,1,0
BRDA:182,32,0,0
BRDA:182,32,1,0
BRDA:182,33,0,0
BRDA:182,33,1,0
BRDA:182,34,0,0
BRDA:182,34,1,0
BRDA:187,35,0,0
BRDA:187,35,1,0
BRDA:187,36,0,0
BRDA:187,36,1,0
BRDA:187,37,0,0
BRDA:187,37,1,0
BRDA:190,38,0,0
BRDA:190,38,1,0
BRDA:197,39,0,0
BRDA:197,39,1,0
BRDA:204,40,0,0
BRDA:204,40,1,0
BRDA:212,41,0,0
BRDA:212,41,1,0
BRDA:226,42,0,0
BRDA:226,42,1,0
BRDA:232,43,0,0
BRDA:232,43,1,0
BRDA:259,44,0,0
BRDA:259,44,1,0
BRDA:281,45,0,0
BRDA:281,45,1,0
BRF:81
BRH:0
end_of_record
TN:
SF:frontend/src/pages/ApprovalList.tsx
FN:9,(anonymous_24)
FN:18,(anonymous_25)
FN:19,(anonymous_26)
FN:26,(anonymous_29)
FN:27,(anonymous_30)
FN:31,(anonymous_31)
FN:35,(anonymous_32)
FN:41,(anonymous_33)
FN:45,(anonymous_34)
FN:63,(anonymous_35)
FN:68,(anonymous_36)
FN:68,(anonymous_37)
FN:80,(anonymous_39)
FN:91,(anonymous_40)
FN:91,(anonymous_41)
FN:109,(anonymous_43)
FN:120,(anonymous_44)
FN:127,(anonymous_45)
FN:132,(anonymous_46)
FN:158,(anonymous_47)
FN:186,(anonymous_48)
FN:192,(anonymous_49)
FN:199,(anonymous_50)
FNF:23
FNH:0
FNDA:0,(anonymous_24)
FNDA:0,(anonymous_25)
FNDA:0,(anonymous_26)
FNDA:0,(anonymous_29)
FNDA:0,(anonymous_30)
FNDA:0,(anonymous_31)
FNDA:0,(anonymous_32)
FNDA:0,(anonymous_33)
FNDA:0,(anonymous_34)
FNDA:0,(anonymous_35)
FNDA:0,(anonymous_36)
FNDA:0,(anonymous_37)
FNDA:0,(anonymous_39)
FNDA:0,(anonymous_40)
FNDA:0,(anonymous_41)
FNDA:0,(anonymous_43)
FNDA:0,(anonymous_44)
FNDA:0,(anonymous_45)
FNDA:0,(anonymous_46)
FNDA:0,(anonymous_47)
FNDA:0,(anonymous_48)
FNDA:0,(anonymous_49)
FNDA:0,(anonymous_50)
DA:1,0
DA:2,0
DA:3,0
DA:4,0
DA:5,0
DA:6,0
DA:7,0
DA:9,0
DA:10,0
DA:11,0
DA:12,0
DA:13,0
DA:14,0
DA:15,0
DA:18,0
DA:19,0
DA:20,0
DA:22,0
DA:23,0
DA:26,0
DA:27,0
DA:30,0
DA:31,0
DA:34,0
DA:35,0
DA:36,0
DA:38,0
DA:40,0
DA:41,0
DA:44,0
DA:45,0
DA:46,0
DA:48,0
DA:50,0
DA:53,0
DA:55,0
DA:59,0
DA:63,0
DA:64,0
DA:68,0
DA:69,0
DA:70,0
DA:73,0
DA:76,0
DA:78,0
DA:80,0
DA:81,0
DA:82,0
DA:84,0
DA:86,0
DA:91,0
DA:92,0
DA:93,0
DA:94,0
DA:97,0
DA:98,0
DA:99,0
DA:102,0
DA:105,0
DA:107,0
DA:109,0
DA:110,0
DA:111,0
DA:113,0
DA:115,0
DA:120,0
DA:121,0
DA:122,0
DA:123,0
DA:127,0
DA:128,0
DA:132,0
DA:133,0
DA:136,0
DA:158,0
DA:186,0
DA:192,0
DA:199,0
DA:214,0
LF:79
LH:0
BRDA:53,0,0,0
BRDA:53,0,1,0
BRDA:53,1,0,0
BRDA:53,1,1,0
BRDA:53,2,0,0
BRDA:53,2,1,0
BRDA:53,3,0,0
BRDA:53,3,1,0
BRDA:53,4,0,0
BRDA:53,4,1,0
BRDA:69,5,0,0
BRDA:84,6,0,0
BRDA:84,6,1,0
BRDA:84,7,0,0
BRDA:84,7,1,0
BRDA:84,8,0,0
BRDA:84,8,1,0
BRDA:84,9,0,0
BRDA:84,9,1,0
BRDA:84,10,0,0
BRDA:84,10,1,0
BRDA:93,11,0,0
BRDA:97,12,0,0
BRDA:113,13,0,0
BRDA:113,13,1,0
BRDA:113,14,0,0
BRDA:113,14,1,0
BRDA:113,15,0,0
BRDA:113,15,1,0
BRDA:113,16,0,0
BRDA:113,16,1,0
BRDA:113,17,0,0
BRDA:113,17,1,0
BRDA:121,18,0,0
BRDA:128,19,0,0
BRDA:128,19,1,0
BRDA:128,20,0,0
BRDA:128,20,1,0
BRDA:128,21,0,0
BRDA:128,21,1,0
BRDA:133,22,0,0
BRDA:133,22,1,0
BRDA:133,23,0,0
BRDA:133,23,1,0
BRDA:133,24,0,0
BRDA:133,24,1,0
BRDA:142,25,0,0
BRDA:142,25,1,0
BRDA:148,26,0,0
BRDA:148,26,1,0
BRDA:152,27,0,0
BRDA:152,27,1,0
BRDA:177,28,0,0
BRDA:177,28,1,0
BRF:54
BRH:0
end_of_record
TN:
SF:frontend/src/pages/ContractDetail.tsx
FN:9,(anonymous_23)
FN:20,(anonymous_24)
FN:23,(anonymous_25)
FN:41,(anonymous_28)
FN:44,(anonymous_29)
FN:60,(anonymous_32)
FN:67,(anonymous_33)
FN:81,(anonymous_34)
FN:87,(anonymous_35)
FN:109,(anonymous_38)
FN:109,(anonymous_39)
FN:145,(anonymous_41)
FN:167,(anonymous_42)
FN:191,(anonymous_43)
FN:198,(anonymous_44)
FN:321,(anonymous_45)
FN:343,(anonymous_46)
FN:345,(anonymous_47)
FN:346,(anonymous_48)
FNF:19
FNH:0
FNDA:0,(anonymous_23)
FNDA:0,(anonymous_24)
FNDA:0,(anonymous_25)
FNDA:0,(anonymous_28)
FNDA:0,(anonymous_29)
FNDA:0,(anonymous_32)
FNDA:0,(anonymous_33)
FNDA:0,(anonymous_34)
FNDA:0,(anonymous_35)
FNDA:0,(anonymous_38)
FNDA:0,(anonymous_39)
FNDA:0,(anonymous_41)
FNDA:0,(anonymous_42)
FNDA:0,(anonymous_43)
FNDA:0,(anonymous_44)
FNDA:0,(anonymous_45)
FNDA:0,(anonymous_46)
FNDA:0,(anonymous_47)
FNDA:0,(anonymous_48)
DA:1,0
DA:2,0
DA:3,0
DA:4,0
DA:5,0
DA:6,0
DA:7,0
DA:9,0
DA:10,0
DA:11,0
DA:13,0
DA:14,0
DA:15,0
DA:16,0
DA:17,0
DA:18,0
DA:20,0
DA:21,0
DA:23,0
DA:24,0
DA:25,0
DA:28,0
DA:29,0
DA:31,0
DA:32,0
DA:34,0
DA:38,0
DA:41,0
DA:42,0
DA:44,0
DA:45,0
DA:47,0
DA:48,0
DA:50,0
DA:52,0
DA:56,0
DA:60,0
DA:61,0
DA:62,0
DA:63,0
DA:67,0
DA:68,0
DA:70,0
DA:72,0
DA:74,0
DA:76,0
DA:81,0
DA:82,0
DA:83,0
DA:87,0
DA:88,0
DA:90,0
DA:91,0
DA:95,0
DA:98,0
DA:99,0
DA:101,0
DA:103,0
DA:104,0
DA:109,0
DA:110,0
DA:112,0
DA:113,0
DA:114,0
DA:115,0
DA:116,0
DA:119,0
DA:122,0
DA:123,0
DA:125,0
DA:127,0
DA:128,0
DA:132,0
DA:133,0
DA:140,0
DA:141,0
DA:145,0
DA:154,0
DA:160,0
DA:167,0
DA:191,0
DA:198,0
DA:321,0
DA:344,0
DA:345,0
DA:346,0
DA:381,0
LF:87
LH:0
BRDA:21,0,0,0
BRDA:31,1,0,0
BRDA:31,1,1,0
BRDA:31,2,0,0
BRDA:31,2,1,0
BRDA:31,3,0,0
BRDA:31,3,1,0
BRDA:31,4,0,0
BRDA:31,4,1,0
BRDA:31,5,0,0
BRDA:31,5,1,0
BRDA:42,6,0,0
BRDA:42,7,0,0
BRDA:42,7,1,0
BRDA:61,8,0,0
BRDA:68,9,0,0
BRDA:68,9,1,0
BRDA:68,9,2,0
BRDA:68,9,3,0
BRDA:82,10,0,0
BRDA:88,11,0,0
BRDA:88,12,0,0
BRDA:88,12,1,0
BRDA:90,13,0,0
BRDA:103,14,0,0
BRDA:103,14,1,0
BRDA:103,15,0,0
BRDA:103,15,1,0
BRDA:103,16,0,0
BRDA:103,16,1,0
BRDA:103,17,0,0
BRDA:103,17,1,0
BRDA:103,18,0,0
BRDA:103,18,1,0
BRDA:110,19,0,0
BRDA:110,20,0,0
BRDA:110,20,1,0
BRDA:110,20,2,0
BRDA:127,21,0,0
BRDA:127,21,1,0
BRDA:127,22,0,0
BRDA:127,22,1,0
BRDA:127,23,0,0
BRDA:127,23,1,0
BRDA:127,24,0,0
BRDA:127,24,1,0
BRDA:127,25,0,0
BRDA:127,25,1,0
BRDA:132,26,0,0
BRDA:140,27,0,0
BRDA:172,28,0,0
BRDA:172,28,1,0
BRDA:198,29,0,0
BRDA:198,29,1,0
BRDA:207,30,0,0
BRDA:207,30,1,0
BRDA:207,30,2,0
BRDA:217,31,0,0
BRDA:217,31,1,0
BRDA:228,32,0,0
BRDA:228,32,1,0
BRDA:228,33,0,0
BRDA:228,33,1,0
BRDA:228,34,0,0
BRDA:228,34,1,0
BRDA:236,35,0,0
BRDA:236,35,1,0
BRDA:236,36,0,0
BRDA:236,36,1,0
BRDA:236,37,0,0
BRDA:236,37,1,0
BRDA:242,38,0,0
BRDA:242,38,1,0
BRDA:252,39,0,0
BRDA:252,39,1,0
BRDA:256,40,0,0
BRDA:256,40,1,0
BRDA:267,41,0,0
BRDA:267,41,1,0
BRDA:267,42,0,0
BRDA:267,42,1,0
BRDA:267,43,0,0
BRDA:267,43,1,0
BRDA:271,44,0,0
BRDA:271,44,1,0
BRDA:275,45,0,0
BRDA:275,45,1,0
BRDA:284,46,0,0
BRDA:284,46,1,0
BRDA:307,47,0,0
BRDA:307,47,1,0
BRDA:309,48,0,0
BRDA:309,48,1,0
BRDA:344,49,0,0
BRDA:367,50,0,0
BRDA:367,50,1,0
BRF:96
BRH:0
end_of_record
TN:
SF:frontend/src/pages/ContractList.tsx
FN:12,(anonymous_26)
FN:22,(anonymous_27)
FN:23,(anonymous_28)
FN:33,(anonymous_31)
FN:40,(anonymous_32)
FN:56,(anonymous_33)
FN:66,(anonymous_34)
FN:73,(anonymous_35)
FN:93,(anonymous_36)
FN:97,(anonymous_37)
FN:102,(anonymous_38)
FN:107,(anonymous_39)
FN:112,(anonymous_40)
FN:112,(anonymous_41)
FN:117,(anonymous_43)
FN:192,(anonymous_44)
FN:192,(anonymous_45)
FN:210,(anonymous_47)
FN:217,(anonymous_48)
FN:222,(anonymous_49)
FN:227,(anonymous_50)
FN:235,(anonymous_51)
FN:236,(anonymous_52)
FN:238,(anonymous_53)
FN:239,(anonymous_54)
FN:242,(anonymous_55)
FN:253,(anonymous_56)
FN:254,(anonymous_57)
FN:256,(anonymous_58)
FN:257,(anonymous_59)
FN:260,(anonymous_60)
FN:270,(anonymous_61)
FN:278,(anonymous_62)
FN:293,(anonymous_63)
FN:308,(anonymous_64)
FN:334,(anonymous_65)
FN:344,(anonymous_66)
FN:419,(anonymous_67)
FNF:38
FNH:0
FNDA:0,(anonymous_26)
FNDA:0,(anonymous_27)
FNDA:0,(anonymous_28)
FNDA:0,(anonymous_31)
FNDA:0,(anonymous_32)
FNDA:0,(anonymous_33)
FNDA:0,(anonymous_34)
FNDA:0,(anonymous_35)
FNDA:0,(anonymous_36)
FNDA:0,(anonymous_37)
FNDA:0,(anonymous_38)
FNDA:0,(anonymous_39)
FNDA:0,(anonymous_40)
FNDA:0,(anonymous_41)
FNDA:0,(anonymous_43)
FNDA:0,(anonymous_44)
FNDA:0,(anonymous_45)
FNDA:0,(anonymous_47)
FNDA:0,(anonymous_48)
FNDA:0,(anonymous_49)
FNDA:0,(anonymous_50)
FNDA:0,(anonymous_51)
FNDA:0,(anonymous_52)
FNDA:0,(anonymous_53)
FNDA:0,(anonymous_54)
FNDA:0,(anonymous_55)
FNDA:0,(anonymous_56)
FNDA:0,(anonymous_57)
FNDA:0,(anonymous_58)
FNDA:0,(anonymous_59)
FNDA:0,(anonymous_60)
FNDA:0,(anonymous_61)
FNDA:0,(anonymous_62)
FNDA:0,(anonymous_63)
FNDA:0,(anonymous_64)
FNDA:0,(anonymous_65)
FNDA:0,(anonymous_66)
FNDA:0,(anonymous_67)
DA:1,0
DA:2,0
DA:4,0
DA:6,0
DA:7,0
DA:8,0
DA:9,0
DA:10,0
DA:12,0
DA:13,0
DA:14,0
DA:15,0
DA:16,0
DA:17,0
DA:18,0
DA:19,0
DA:22,0
DA:23,0
DA:24,0
DA:25,0
DA:28,0
DA:29,0
DA:32,0
DA:33,0
DA:39,0
DA:40,0
DA:45,0
DA:46,0
DA:48,0
DA:52,0
DA:56,0
DA:58,0
DA:59,0
DA:60,0
DA:61,0
DA:65,0
DA:66,0
DA:67,0
DA:73,0
DA:75,0
DA:77,0
DA:78,0
DA:81,0
DA:93,0
DA:97,0
DA:98,0
DA:102,0
DA:103,0
DA:107,0
DA:108,0
DA:112,0
DA:114,0
DA:115,0
DA:117,0
DA:118,0
DA:121,0
DA:124,0
DA:125,0
DA:128,0
DA:129,0
DA:133,0
DA:134,0
DA:137,0
DA:138,0
DA:141,0
DA:142,0
DA:145,0
DA:146,0
DA:147,0
DA:148,0
DA:151,0
DA:152,0
DA:155,0
DA:156,0
DA:160,0
DA:161,0
DA:162,0
DA:163,0
DA:166,0
DA:170,0
DA:173,0
DA:174,0
DA:177,0
DA:179,0
DA:180,0
DA:182,0
DA:184,0
DA:188,0
DA:192,0
DA:194,0
DA:195,0
DA:200,0
DA:201,0
DA:203,0
DA:204,0
DA:205,0
DA:210,0
DA:211,0
DA:212,0
DA:213,0
DA:217,0
DA:218,0
DA:222,0
DA:223,0
DA:227,0
DA:235,0
DA:236,0
DA:238,0
DA:240,0
DA:241,0
DA:242,0
DA:253,0
DA:254,0
DA:256,0
DA:258,0
DA:259,0
DA:260,0
DA:270,0
DA:278,0
DA:294,0
DA:295,0
DA:309,0
DA:310,0
DA:312,0
DA:313,0
DA:315,0
DA:316,0
DA:318,0
DA:319,0
DA:321,0
DA:322,0
DA:324,0
DA:327,0
DA:335,0
DA:338,0
DA:340,0
DA:344,0
DA:355,0
DA:392,0
DA:395,0
DA:413,0
DA:419,0
DA:500,0
LF:143
LH:0
BRDA:45,0,0,0
BRDA:45,0,1,0
BRDA:45,1,0,0
BRDA:45,1,1,0
BRDA:45,2,0,0
BRDA:45,2,1,0
BRDA:45,3,0,0
BRDA:45,3,1,0
BRDA:45,4,0,0
BRDA:45,4,1,0
BRDA:58,5,0,0
BRDA:58,5,1,0
BRDA:59,6,0,0
BRDA:184,7,0,0
BRDA:114,8,0,0
BRDA:124,9,0,0
BRDA:124,10,0,0
BRDA:124,10,1,0
BRDA:128,11,0,0
BRDA:128,12,0,0
BRDA:128,12,1,0
BRDA:133,13,0,0
BRDA:133,14,0,0
BRDA:133,14,1,0
BRDA:137,15,0,0
BRDA:137,16,0,0
BRDA:137,16,1,0
BRDA:141,17,0,0
BRDA:145,18,0,0
BRDA:151,19,0,0
BRDA:155,20,0,0
BRDA:160,21,0,0
BRDA:160,21,1,0
BRDA:179,22,0,0
BRDA:179,22,1,0
BRDA:179,23,0,0
BRDA:179,23,1,0
BRDA:179,24,0,0
BRDA:179,24,1,0
BRDA:179,25,0,0
BRDA:179,25,1,0
BRDA:179,26,0,0
BRDA:179,26,1,0
BRDA:194,27,0,0
BRDA:211,28,0,0
BRDA:238,29,0,0
BRDA:238,29,1,0
BRDA:238,29,2,0
BRDA:238,30,0,0
BRDA:238,30,1,0
BRDA:238,31,0,0
BRDA:238,31,1,0
BRDA:238,32,0,0
BRDA:238,32,1,0
BRDA:238,33,0,0
BRDA:238,33,1,0
BRDA:238,34,0,0
BRDA:238,34,1,0
BRDA:238,35,0,0
BRDA:238,35,1,0
BRDA:241,36,0,0
BRDA:242,37,0,0
BRDA:242,37,1,0
BRDA:242,37,2,0
BRDA:242,38,0,0
BRDA:242,38,1,0
BRDA:242,39,0,0
BRDA:242,39,1,0
BRDA:243,40,0,0
BRDA:243,40,1,0
BRDA:243,41,0,0
BRDA:243,41,1,0
BRDA:243,42,0,0
BRDA:243,42,1,0
BRDA:243,43,0,0
BRDA:243,43,1,0
BRDA:256,44,0,0
BRDA:256,44,1,0
BRDA:256,44,2,0
BRDA:256,45,0,0
BRDA:256,45,1,0
BRDA:256,46,0,0
BRDA:256,46,1,0
BRDA:256,47,0,0
BRDA:256,47,1,0
BRDA:256,48,0,0
BRDA:256,48,1,0
BRDA:256,49,0,0
BRDA:256,49,1,0
BRDA:256,50,0,0
BRDA:256,50,1,0
BRDA:259,51,0,0
BRDA:260,52,0,0
BRDA:260,52,1,0
BRDA:260,52,2,0
BRDA:260,53,0,0
BRDA:260,53,1,0
BRDA:260,54,0,0
BRDA:260,54,1,0
BRDA:261,55,0,0
BRDA:261,55,1,0
BRDA:261,56,0,0
BRDA:261,56,1,0
BRDA:261,57,0,0
BRDA:261,57,1,0
BRDA:261,58,0,0
BRDA:261,58,1,0
BRDA:294,59,0,0
BRDA:294,60,0,0
BRDA:294,60,1,0
BRDA:310,61,0,0
BRDA:313,62,0,0
BRDA:313,62,1,0
BRDA:313,62,2,0
BRDA:313,62,3,0
BRDA:335,63,0,0
BRDA:335,63,1,0
BRDA:335,64,0,0
BRDA:335,64,1,0
BRDA:335,65,0,0
BRDA:335,65,1,0
BRDA:338,66,0,0
BRDA:338,67,0,0
BRDA:338,67,1,0
BRDA:338,68,0,0
BRDA:338,68,1,0
BRDA:338,69,0,0
BRDA:338,69,1,0
BRDA:392,70,0,0
BRDA:392,70,1,0
BRDA:397,71,0,0
BRDA:397,71,1,0
BRDA:399,72,0,0
BRDA:399,72,1,0
BRDA:419,73,0,0
BRDA:419,73,1,0
BRDA:439,74,0,0
BRDA:439,74,1,0
BRF:138
BRH:0
end_of_record
TN:
SF:frontend/src/pages/Dashboard.tsx
FN:15,(anonymous_24)
FN:36,(anonymous_25)
FN:37,(anonymous_26)
FN:42,(anonymous_29)
FN:49,(anonymous_32)
FN:55,(anonymous_33)
FN:424,(anonymous_34)
FN:458,(anonymous_35)
FNF:8
FNH:0
FNDA:0,(anonymous_24)
FNDA:0,(anonymous_25)
FNDA:0,(anonymous_26)
FNDA:0,(anonymous_29)
FNDA:0,(anonymous_32)
FNDA:0,(anonymous_33)
FNDA:0,(anonymous_34)
FNDA:0,(anonymous_35)
DA:1,0
DA:3,0
DA:4,0
DA:6,0
DA:7,0
DA:8,0
DA:9,0
DA:10,0
DA:13,0
DA:15,0
DA:16,0
DA:17,0
DA:18,0
DA:21,0
DA:22,0
DA:23,0
DA:24,0
DA:27,0
DA:36,0
DA:37,0
DA:39,0
DA:42,0
DA:44,0
DA:46,0
DA:48,0
DA:49,0
DA:50,0
DA:55,0
DA:56,0
DA:58,0
DA:60,0
DA:67,0
DA:74,0
DA:83,0
DA:91,0
DA:107,0
DA:113,0
DA:114,0
DA:117,0
DA:122,0
DA:123,0
DA:126,0
DA:131,0
DA:132,0
DA:135,0
DA:140,0
DA:141,0
DA:144,0
DA:149,0
DA:150,0
DA:153,0
DA:156,0
DA:158,0
DA:159,0
DA:160,0
DA:164,0
DA:168,0
DA:186,0
DA:204,0
DA:227,0
DA:245,0
DA:265,0
DA:424,0
DA:458,0
DA:486,0
LF:65
LH:0
BRDA:42,0,0,0
BRDA:42,1,0,0
BRDA:44,2,0,0
BRDA:46,3,0,0
BRDA:58,4,0,0
BRDA:58,4,1,0
BRDA:58,4,2,0
BRDA:58,4,3,0
BRDA:58,4,4,0
BRDA:58,4,5,0
BRDA:159,5,0,0
BRDA:159,5,1,0
BRDA:169,6,0,0
BRDA:169,6,1,0
BRDA:169,7,0,0
BRDA:169,7,1,0
BRDA:169,8,0,0
BRDA:169,8,1,0
BRDA:169,9,0,0
BRDA:169,9,1,0
BRDA:169,10,0,0
BRDA:169,10,1,0
BRDA:172,11,0,0
BRDA:172,11,1,0
BRDA:172,12,0,0
BRDA:172,12,1,0
BRDA:172,13,0,0
BRDA:172,13,1,0
BRDA:172,14,0,0
BRDA:172,14,1,0
BRDA:172,15,0,0
BRDA:172,15,1,0
BRDA:187,16,0,0
BRDA:187,16,1,0
BRDA:187,17,0,0
BRDA:187,17,1,0
BRDA:187,18,0,0
BRDA:187,18,1,0
BRDA:187,19,0,0
BRDA:187,19,1,0
BRDA:187,20,0,0
BRDA:187,20,1,0
BRDA:190,21,0,0
BRDA:190,21,1,0
BRDA:190,22,0,0
BRDA:190,22,1,0
BRDA:190,23,0,0
BRDA:190,23,1,0
BRDA:190,24,0,0
BRDA:190,24,1,0
BRDA:190,25,0,0
BRDA:190,25,1,0
BRDA:205,26,0,0
BRDA:205,26,1,0
BRDA:205,27,0,0
BRDA:205,27,1,0
BRDA:205,28,0,0
BRDA:205,28,1,0
BRDA:205,29,0,0
BRDA:205,29,1,0
BRDA:205,30,0,0
BRDA:205,30,1,0
BRDA:209,31,0,0
BRDA:209,31,1,0
BRDA:209,32,0,0
BRDA:209,32,1,0
BRDA:209,33,0,0
BRDA:209,33,1,0
BRDA:209,34,0,0
BRDA:209,34,1,0
BRDA:209,35,0,0
BRDA:209,35,1,0
BRDA:217,36,0,0
BRDA:217,36,1,0
BRDA:217,37,0,0
BRDA:217,37,1,0
BRDA:217,38,0,0
BRDA:217,38,1,0
BRDA:217,39,0,0
BRDA:217,39,1,0
BRDA:217,40,0,0
BRDA:217,40,1,0
BRDA:228,41,0,0
BRDA:228,41,1,0
BRDA:228,42,0,0
BRDA:228,42,1,0
BRDA:228,43,0,0
BRDA:228,43,1,0
BRDA:228,44,0,0
BRDA:228,44,1,0
BRDA:228,45,0,0
BRDA:228,45,1,0
BRDA:232,46,0,0
BRDA:232,46,1,0
BRDA:232,47,0,0
BRDA:232,47,1,0
BRDA:232,48,0,0
BRDA:232,48,1,0
BRDA:232,49,0,0
BRDA:232,49,1,0
BRDA:232,50,0,0
BRDA:232,50,1,0
BRDA:246,51,0,0
BRDA:246,51,1,0
BRDA:246,52,0,0
BRDA:246,52,1,0
BRDA:246,53,0,0
BRDA:246,53,1,0
BRDA:246,54,0,0
BRDA:246,54,1,0
BRDA:246,55,0,0
BRDA:246,55,1,0
BRDA:246,56,0,0
BRDA:246,56,1,0
BRDA:246,57,0,0
BRDA:246,57,1,0
BRDA:250,58,0,0
BRDA:250,58,1,0
BRDA:250,59,0,0
BRDA:250,59,1,0
BRDA:250,60,0,0
BRDA:250,60,1,0
BRDA:250,61,0,0
BRDA:250,61,1,0
BRDA:250,62,0,0
BRDA:250,62,1,0
BRDA:250,63,0,0
BRDA:250,63,1,0
BRDA:250,64,0,0
BRDA:250,64,1,0
BRDA:257,65,0,0
BRDA:257,65,1,0
BRDA:257,66,0,0
BRDA:257,66,1,0
BRDA:257,67,0,0
BRDA:257,67,1,0
BRDA:257,68,0,0
BRDA:257,68,1,0
BRDA:257,69,0,0
BRDA:257,69,1,0
BRDA:257,70,0,0
BRDA:257,70,1,0
BRDA:257,71,0,0
BRDA:257,71,1,0
BRDA:269,72,0,0
BRDA:269,72,1,0
BRDA:275,73,0,0
BRDA:275,73,1,0
BRDA:422,74,0,0
BRDA:422,74,1,0
BRDA:422,75,0,0
BRDA:422,75,1,0
BRDA:427,76,0,0
BRDA:427,76,1,0
BRDA:445,77,0,0
BRDA:445,77,1,0
BRDA:458,78,0,0
BRDA:458,78,1,0
BRF:158
BRH:0
end_of_record
TN:
SF:frontend/src/pages/EvaluationList.tsx
FN:29,(anonymous_23)
FN:79,(anonymous_24)
FN:129,(anonymous_25)
FN:143,(anonymous_26)
FN:153,(anonymous_27)
FN:167,(anonymous_28)
FN:168,(anonymous_29)
FN:176,(anonymous_32)
FN:191,(anonymous_33)
FN:216,(anonymous_34)
FNF:10
FNH:0
FNDA:0,(anonymous_23)
FNDA:0,(anonymous_24)
FNDA:0,(anonymous_25)
FNDA:0,(anonymous_26)
FNDA:0,(anonymous_27)
FNDA:0,(anonymous_28)
FNDA:0,(anonymous_29)
FNDA:0,(anonymous_32)
FNDA:0,(anonymous_33)
FNDA:0,(anonymous_34)
DA:1,0
DA:2,0
DA:3,0
DA:4,0
DA:6,0
DA:7,0
DA:8,0
DA:9,0
DA:29,0
DA:30,0
DA:79,0
DA:80,0
DA:81,0
DA:82,0
DA:83,0
DA:84,0
DA:87,0
DA:130,0
DA:131,0
DA:132,0
DA:133,0
DA:134,0
DA:135,0
DA:137,0
DA:144,0
DA:154,0
DA:155,0
DA:157,0
DA:158,0
DA:159,0
DA:160,0
DA:167,0
DA:168,0
DA:169,0
DA:170,0
DA:172,0
DA:175,0
DA:176,0
DA:179,0
DA:180,0
DA:182,0
DA:183,0
DA:187,0
DA:191,0
DA:192,0
DA:195,0
DA:196,0
DA:199,0
DA:216,0
DA:238,0
LF:50
LH:0
BRDA:132,0,0,0
BRDA:132,0,1,0
BRDA:133,1,0,0
BRDA:133,1,1,0
BRDA:134,2,0,0
BRDA:134,2,1,0
BRDA:157,3,0,0
BRDA:157,3,1,0
BRDA:159,4,0,0
BRDA:175,5,0,0
BRDA:175,5,1,0
BRDA:175,6,0,0
BRDA:175,6,1,0
BRDA:175,7,0,0
BRDA:175,7,1,0
BRDA:182,8,0,0
BRDA:182,8,1,0
BRDA:195,9,0,0
BRDA:212,10,0,0
BRDA:212,10,1,0
BRF:20
BRH:0
end_of_record
TN:
SF:frontend/src/pages/Login.tsx
FN:5,(anonymous_22)
FN:13,(anonymous_23)
FN:19,(anonymous_24)
FN:25,(anonymous_25)
FN:25,(anonymous_26)
FN:59,(anonymous_28)
FN:74,(anonymous_29)
FNF:7
FNH:0
FNDA:0,(anonymous_22)
FNDA:0,(anonymous_23)
FNDA:0,(anonymous_24)
FNDA:0,(anonymous_25)
FNDA:0,(anonymous_26)
FNDA:0,(anonymous_28)
FNDA:0,(anonymous_29)
DA:1,0
DA:2,0
DA:3,0
DA:5,0
DA:6,0
DA:7,0
DA:8,0
DA:9,0
DA:10,0
DA:13,0
DA:14,0
DA:15,0
DA:19,0
DA:20,0
DA:21,0
DA:25,0
DA:26,0
DA:27,0
DA:30,0
DA:31,0
DA:33,0
DA:34,0
DA:38,0
DA:59,0
DA:74,0
DA:97,0
LF:26
LH:0
BRDA:20,0,0,0
BRDA:34,1,0,0
BRDA:34,1,1,0
BRDA:44,2,0,0
BRDA:44,2,1,0
BRF:5
BRH:0
end_of_record
TN:
SF:frontend/src/pages/MasterData.tsx
FN:14,(anonymous_25)
FN:78,(anonymous_26)
FN:90,(anonymous_27)
FN:99,(anonymous_28)
FN:103,(anonymous_29)
FN:117,(anonymous_30)
FN:118,(anonymous_31)
FN:140,(anonymous_34)
FN:140,(anonymous_35)
FN:156,(anonymous_37)
FN:163,(anonymous_38)
FN:177,(anonymous_39)
FN:191,(anonymous_40)
FN:191,(anonymous_41)
FN:204,(anonymous_43)
FN:212,(anonymous_44)
FN:222,(anonymous_45)
FN:222,(anonymous_46)
FN:241,(anonymous_48)
FN:249,(anonymous_49)
FN:254,(anonymous_50)
FN:272,(anonymous_53)
FN:294,(anonymous_54)
FNF:23
FNH:0
FNDA:0,(anonymous_25)
FNDA:0,(anonymous_26)
FNDA:0,(anonymous_27)
FNDA:0,(anonymous_28)
FNDA:0,(anonymous_29)
FNDA:0,(anonymous_30)
FNDA:0,(anonymous_31)
FNDA:0,(anonymous_34)
FNDA:0,(anonymous_35)
FNDA:0,(anonymous_37)
FNDA:0,(anonymous_38)
FNDA:0,(anonymous_39)
FNDA:0,(anonymous_40)
FNDA:0,(anonymous_41)
FNDA:0,(anonymous_43)
FNDA:0,(anonymous_44)
FNDA:0,(anonymous_45)
FNDA:0,(anonymous_46)
FNDA:0,(anonymous_48)
FNDA:0,(anonymous_49)
FNDA:0,(anonymous_50)
FNDA:0,(anonymous_53)
FNDA:0,(anonymous_54)
DA:1,0
DA:2,0
DA:3,0
DA:4,0
DA:6,0
DA:7,0
DA:8,0
DA:9,0
DA:10,0
DA:11,0
DA:12,0
DA:14,0
DA:15,0
DA:16,0
DA:17,0
DA:18,0
DA:19,0
DA:20,0
DA:21,0
DA:24,0
DA:25,0
DA:26,0
DA:27,0
DA:36,0
DA:79,0
DA:91,0
DA:100,0
DA:104,0
DA:105,0
DA:107,0
DA:108,0
DA:109,0
DA:110,0
DA:117,0
DA:118,0
DA:120,0
DA:121,0
DA:122,0
DA:124,0
DA:125,0
DA:126,0
DA:128,0
DA:131,0
DA:132,0
DA:136,0
DA:140,0
DA:142,0
DA:143,0
DA:145,0
DA:146,0
DA:148,0
DA:150,0
DA:151,0
DA:156,0
DA:157,0
DA:158,0
DA:159,0
DA:163,0
DA:164,0
DA:165,0
DA:166,0
DA:173,0
DA:177,0
DA:178,0
DA:179,0
DA:180,0
DA:187,0
DA:191,0
DA:192,0
DA:193,0
DA:197,0
DA:198,0
DA:201,0
DA:203,0
DA:204,0
DA:206,0
DA:207,0
DA:212,0
DA:213,0
DA:215,0
DA:222,0
DA:223,0
DA:226,0
DA:228,0
DA:229,0
DA:230,0
DA:232,0
DA:233,0
DA:236,0
DA:239,0
DA:241,0
DA:243,0
DA:244,0
DA:249,0
DA:250,0
DA:254,0
DA:255,0
DA:257,0
DA:260,0
DA:261,0
DA:264,0
DA:265,0
DA:268,0
DA:269,0
DA:271,0
DA:272,0
DA:274,0
DA:275,0
DA:279,0
DA:294,0
DA:427,0
LF:111
LH:0
BRDA:79,0,0,0
BRDA:79,0,1,0
BRDA:107,1,0,0
BRDA:107,1,1,0
BRDA:109,2,0,0
BRDA:124,3,0,0
BRDA:124,3,1,0
BRDA:131,4,0,0
BRDA:131,4,1,0
BRDA:150,5,0,0
BRDA:150,5,1,0
BRDA:192,6,0,0
BRDA:206,7,0,0
BRDA:206,7,1,0
BRDA:217,8,0,0
BRDA:217,8,1,0
BRDA:232,9,0,0
BRDA:228,10,0,0
BRDA:243,11,0,0
BRDA:243,11,1,0
BRDA:257,12,0,0
BRDA:274,13,0,0
BRDA:274,13,1,0
BRDA:283,14,0,0
BRDA:283,14,1,0
BRDA:284,15,0,0
BRDA:284,15,1,0
BRDA:302,16,0,0
BRDA:302,16,1,0
BRDA:302,17,0,0
BRDA:302,17,1,0
BRDA:302,18,0,0
BRDA:302,18,1,0
BRDA:308,19,0,0
BRDA:308,19,1,0
BRDA:329,20,0,0
BRDA:329,20,1,0
BRDA:348,21,0,0
BRDA:348,21,1,0
BRDA:418,22,0,0
BRDA:418,22,1,0
BRF:41
BRH:0
end_of_record
TN:
SF:frontend/src/pages/NotFound.tsx
FN:3,(anonymous_1)
FNF:1
FNH:0
FNDA:0,(anonymous_1)
DA:1,0
DA:3,0
DA:4,0
DA:16,0
LF:4
LH:0
BRF:0
BRH:0
end_of_record
TN:
SF:frontend/src/pages/NotificationList.tsx
FN:11,(anonymous_25)
FN:15,(anonymous_26)
FN:62,(anonymous_27)
FN:87,(anonymous_28)
FN:112,(anonymous_29)
FN:118,(anonymous_30)
FN:119,(anonymous_31)
FN:138,(anonymous_34)
FN:138,(anonymous_35)
FN:142,(anonymous_37)
FN:151,(anonymous_38)
FN:158,(anonymous_41)
FN:192,(anonymous_42)
FNF:13
FNH:0
FNDA:0,(anonymous_25)
FNDA:0,(anonymous_26)
FNDA:0,(anonymous_27)
FNDA:0,(anonymous_28)
FNDA:0,(anonymous_29)
FNDA:0,(anonymous_30)
FNDA:0,(anonymous_31)
FNDA:0,(anonymous_34)
FNDA:0,(anonymous_35)
FNDA:0,(anonymous_37)
FNDA:0,(anonymous_38)
FNDA:0,(anonymous_41)
FNDA:0,(anonymous_42)
DA:1,0
DA:2,0
DA:3,0
DA:4,0
DA:11,0
DA:12,0
DA:15,0
DA:16,0
DA:18,0
DA:26,0
DA:35,0
DA:43,0
DA:51,0
DA:62,0
DA:64,0
DA:65,0
DA:69,0
DA:70,0
DA:72,0
DA:73,0
DA:75,0
DA:76,0
DA:78,0
DA:79,0
DA:81,0
DA:87,0
DA:88,0
DA:89,0
DA:90,0
DA:93,0
DA:112,0
DA:113,0
DA:114,0
DA:115,0
DA:118,0
DA:119,0
DA:120,0
DA:123,0
DA:125,0
DA:126,0
DA:128,0
DA:130,0
DA:134,0
DA:138,0
DA:140,0
DA:142,0
DA:143,0
DA:146,0
DA:151,0
DA:154,0
DA:156,0
DA:158,0
DA:160,0
DA:164,0
DA:192,0
DA:205,0
LF:56
LH:0
BRDA:16,0,0,0
BRDA:16,0,1,0
BRDA:16,0,2,0
BRDA:16,0,3,0
BRDA:16,0,4,0
BRDA:64,1,0,0
BRDA:69,2,0,0
BRDA:69,3,0,0
BRDA:69,3,1,0
BRDA:70,4,0,0
BRDA:70,4,1,0
BRDA:70,4,2,0
BRDA:70,4,3,0
BRDA:88,5,0,0
BRDA:95,6,0,0
BRDA:95,6,1,0
BRDA:101,7,0,0
BRDA:101,7,1,0
BRDA:128,8,0,0
BRDA:128,8,1,0
BRDA:128,9,0,0
BRDA:128,9,1,0
BRDA:128,10,0,0
BRDA:128,10,1,0
BRDA:128,11,0,0
BRDA:128,11,1,0
BRDA:128,12,0,0
BRDA:128,12,1,0
BRDA:143,13,0,0
BRDA:143,13,1,0
BRDA:176,14,0,0
BRDA:176,14,1,0
BRDA:182,15,0,0
BRDA:182,15,1,0
BRDA:186,16,0,0
BRDA:186,16,1,0
BRF:36
BRH:0
end_of_record
TN:
SF:frontend/src/pages/PartnerDetail.tsx
FN:15,(anonymous_23)
FN:28,(anonymous_24)
FN:31,(anonymous_25)
FN:66,(anonymous_28)
FN:73,(anonymous_29)
FN:87,(anonymous_30)
FN:113,(anonymous_31)
FN:213,(anonymous_32)
FN:219,(anonymous_33)
FN:229,(anonymous_34)
FN:235,(anonymous_35)
FN:243,(anonymous_36)
FN:268,(anonymous_37)
FN:275,(anonymous_38)
FN:281,(anonymous_39)
FN:287,(anonymous_40)
FN:297,(anonymous_41)
FN:297,(anonymous_42)
FN:304,(anonymous_44)
FN:304,(anonymous_45)
FN:315,(anonymous_46)
FN:338,(anonymous_47)
FN:344,(anonymous_48)
FN:352,(anonymous_49)
FN:380,(anonymous_50)
FN:387,(anonymous_51)
FN:393,(anonymous_52)
FN:399,(anonymous_53)
FN:409,(anonymous_54)
FN:409,(anonymous_55)
FN:416,(anonymous_57)
FN:416,(anonymous_58)
FN:427,(anonymous_59)
FN:450,(anonymous_60)
FN:457,(anonymous_61)
FN:463,(anonymous_62)
FN:469,(anonymous_63)
FN:491,(anonymous_64)
FN:497,(anonymous_65)
FN:503,(anonymous_66)
FN:509,(anonymous_67)
FN:524,(anonymous_68)
FN:547,(anonymous_69)
FN:559,(anonymous_70)
FN:584,(anonymous_71)
FN:590,(anonymous_72)
FN:596,(anonymous_73)
FN:606,(anonymous_74)
FN:606,(anonymous_75)
FN:613,(anonymous_77)
FN:613,(anonymous_78)
FN:624,(anonymous_79)
FN:654,(anonymous_80)
FN:660,(anonymous_81)
FN:666,(anonymous_82)
FN:672,(anonymous_83)
FN:678,(anonymous_84)
FN:684,(anonymous_85)
FNF:58
FNH:0
FNDA:0,(anonymous_23)
FNDA:0,(anonymous_24)
FNDA:0,(anonymous_25)
FNDA:0,(anonymous_28)
FNDA:0,(anonymous_29)
FNDA:0,(anonymous_30)
FNDA:0,(anonymous_31)
FNDA:0,(anonymous_32)
FNDA:0,(anonymous_33)
FNDA:0,(anonymous_34)
FNDA:0,(anonymous_35)
FNDA:0,(anonymous_36)
FNDA:0,(anonymous_37)
FNDA:0,(anonymous_38)
FNDA:0,(anonymous_39)
FNDA:0,(anonymous_40)
FNDA:0,(anonymous_41)
FNDA:0,(anonymous_42)
FNDA:0,(anonymous_44)
FNDA:0,(anonymous_45)
FNDA:0,(anonymous_46)
FNDA:0,(anonymous_47)
FNDA:0,(anonymous_48)
FNDA:0,(anonymous_49)
FNDA:0,(anonymous_50)
FNDA:0,(anonymous_51)
FNDA:0,(anonymous_52)
FNDA:0,(anonymous_53)
FNDA:0,(anonymous_54)
FNDA:0,(anonymous_55)
FNDA:0,(anonymous_57)
FNDA:0,(anonymous_58)
FNDA:0,(anonymous_59)
FNDA:0,(anonymous_60)
FNDA:0,(anonymous_61)
FNDA:0,(anonymous_62)
FNDA:0,(anonymous_63)
FNDA:0,(anonymous_64)
FNDA:0,(anonymous_65)
FNDA:0,(anonymous_66)
FNDA:0,(anonymous_67)
FNDA:0,(anonymous_68)
FNDA:0,(anonymous_69)
FNDA:0,(anonymous_70)
FNDA:0,(anonymous_71)
FNDA:0,(anonymous_72)
FNDA:0,(anonymous_73)
FNDA:0,(anonymous_74)
FNDA:0,(anonymous_75)
FNDA:0,(anonymous_77)
FNDA:0,(anonymous_78)
FNDA:0,(anonymous_79)
FNDA:0,(anonymous_80)
FNDA:0,(anonymous_81)
FNDA:0,(anonymous_82)
FNDA:0,(anonymous_83)
FNDA:0,(anonymous_84)
FNDA:0,(anonymous_85)
DA:1,0
DA:2,0
DA:3,0
DA:4,0
DA:5,0
DA:7,0
DA:8,0
DA:9,0
DA:10,0
DA:11,0
DA:12,0
DA:13,0
DA:15,0
DA:16,0
DA:17,0
DA:19,0
DA:20,0
DA:21,0
DA:22,0
DA:23,0
DA:24,0
DA:25,0
DA:26,0
DA:28,0
DA:29,0
DA:31,0
DA:32,0
DA:33,0
DA:36,0
DA:37,0
DA:40,0
DA:41,0
DA:44,0
DA:45,0
DA:48,0
DA:49,0
DA:52,0
DA:53,0
DA:55,0
DA:56,0
DA:58,0
DA:62,0
DA:66,0
DA:67,0
DA:68,0
DA:69,0
DA:73,0
DA:74,0
DA:75,0
DA:82,0
DA:83,0
DA:87,0
DA:96,0
DA:98,0
DA:100,0
DA:102,0
DA:104,0
DA:106,0
DA:108,0
DA:113,0
DA:114,0
DA:116,0
DA:213,0
DA:219,0
DA:229,0
DA:230,0
DA:235,0
DA:244,0
DA:245,0
DA:247,0
DA:249,0
DA:250,0
DA:252,0
DA:253,0
DA:255,0
DA:256,0
DA:258,0
DA:261,0
DA:268,0
DA:276,0
DA:277,0
DA:281,0
DA:287,0
DA:297,0
DA:298,0
DA:299,0
DA:303,0
DA:304,0
DA:306,0
DA:310,0
DA:315,0
DA:338,0
DA:339,0
DA:344,0
DA:353,0
DA:354,0
DA:356,0
DA:358,0
DA:359,0
DA:361,0
DA:362,0
DA:364,0
DA:365,0
DA:367,0
DA:370,0
DA:380,0
DA:388,0
DA:389,0
DA:393,0
DA:399,0
DA:409,0
DA:410,0
DA:411,0
DA:415,0
DA:416,0
DA:418,0
DA:422,0
DA:427,0
DA:450,0
DA:451,0
DA:457,0
DA:463,0
DA:470,0
DA:471,0
DA:473,0
DA:475,0
DA:476,0
DA:478,0
DA:479,0
DA:481,0
DA:482,0
DA:484,0
DA:487,0
DA:491,0
DA:498,0
DA:499,0
DA:503,0
DA:509,0
DA:519,0
DA:524,0
DA:547,0
DA:548,0
DA:560,0
DA:561,0
DA:563,0
DA:565,0
DA:566,0
DA:568,0
DA:569,0
DA:571,0
DA:572,0
DA:574,0
DA:577,0
DA:585,0
DA:586,0
DA:590,0
DA:596,0
DA:606,0
DA:607,0
DA:608,0
DA:612,0
DA:613,0
DA:615,0
DA:619,0
DA:624,0
DA:646,0
DA:654,0
DA:660,0
DA:666,0
DA:672,0
DA:678,0
DA:684,0
DA:696,0
LF:173
LH:0
BRDA:29,0,0,0
BRDA:55,1,0,0
BRDA:55,1,1,0
BRDA:55,2,0,0
BRDA:55,2,1,0
BRDA:55,3,0,0
BRDA:55,3,1,0
BRDA:55,4,0,0
BRDA:55,4,1,0
BRDA:55,5,0,0
BRDA:55,5,1,0
BRDA:67,6,0,0
BRDA:74,7,0,0
BRDA:82,8,0,0
BRDA:96,9,0,0
BRDA:96,9,1,0
BRDA:96,9,2,0
BRDA:96,9,3,0
BRDA:96,9,4,0
BRDA:96,9,5,0
BRDA:114,10,0,0
BRDA:137,11,0,0
BRDA:137,11,1,0
BRDA:142,12,0,0
BRDA:142,12,1,0
BRDA:153,13,0,0
BRDA:153,13,1,0
BRDA:154,14,0,0
BRDA:154,14,1,0
BRDA:170,15,0,0
BRDA:170,15,1,0
BRDA:174,16,0,0
BRDA:174,16,1,0
BRDA:178,17,0,0
BRDA:178,17,1,0
BRDA:182,18,0,0
BRDA:182,18,1,0
BRDA:187,19,0,0
BRDA:187,19,1,0
BRDA:196,20,0,0
BRDA:196,20,1,0
BRDA:204,21,0,0
BRDA:204,21,1,0
BRDA:247,22,0,0
BRDA:247,22,1,0
BRDA:247,22,2,0
BRDA:247,22,3,0
BRDA:276,23,0,0
BRDA:276,23,1,0
BRDA:276,24,0,0
BRDA:276,24,1,0
BRDA:276,25,0,0
BRDA:276,25,1,0
BRDA:298,26,0,0
BRDA:306,27,0,0
BRDA:306,27,1,0
BRDA:306,28,0,0
BRDA:306,28,1,0
BRDA:306,29,0,0
BRDA:306,29,1,0
BRDA:306,30,0,0
BRDA:306,30,1,0
BRDA:306,31,0,0
BRDA:306,31,1,0
BRDA:321,32,0,0
BRDA:321,32,1,0
BRDA:356,33,0,0
BRDA:356,33,1,0
BRDA:356,33,2,0
BRDA:356,33,3,0
BRDA:388,34,0,0
BRDA:388,34,1,0
BRDA:388,35,0,0
BRDA:388,35,1,0
BRDA:388,36,0,0
BRDA:388,36,1,0
BRDA:410,37,0,0
BRDA:418,38,0,0
BRDA:418,38,1,0
BRDA:418,39,0,0
BRDA:418,39,1,0
BRDA:418,40,0,0
BRDA:418,40,1,0
BRDA:418,41,0,0
BRDA:418,41,1,0
BRDA:418,42,0,0
BRDA:418,42,1,0
BRDA:433,43,0,0
BRDA:433,43,1,0
BRDA:473,44,0,0
BRDA:473,44,1,0
BRDA:473,44,2,0
BRDA:473,44,3,0
BRDA:491,45,0,0
BRDA:491,45,1,0
BRDA:498,46,0,0
BRDA:498,46,1,0
BRDA:498,47,0,0
BRDA:498,47,1,0
BRDA:498,48,0,0
BRDA:498,48,1,0
BRDA:530,49,0,0
BRDA:530,49,1,0
BRDA:563,50,0,0
BRDA:563,50,1,0
BRDA:563,50,2,0
BRDA:563,50,3,0
BRDA:585,51,0,0
BRDA:585,51,1,0
BRDA:585,52,0,0
BRDA:585,52,1,0
BRDA:585,53,0,0
BRDA:585,53,1,0
BRDA:607,54,0,0
BRDA:615,55,0,0
BRDA:615,55,1,0
BRDA:615,56,0,0
BRDA:615,56,1,0
BRDA:615,57,0,0
BRDA:615,57,1,0
BRDA:615,58,0,0
BRDA:615,58,1,0
BRDA:615,59,0,0
BRDA:615,59,1,0
BRDA:630,60,0,0
BRDA:630,60,1,0
BRDA:650,61,0,0
BRDA:650,61,1,0
BRDA:650,62,0,0
BRDA:650,62,1,0
BRDA:654,63,0,0
BRDA:654,63,1,0
BRDA:659,64,0,0
BRDA:659,64,1,0
BRDA:665,65,0,0
BRDA:665,65,1,0
BRDA:671,66,0,0
BRDA:671,66,1,0
BRDA:677,67,0,0
BRDA:677,67,1,0
BRDA:683,68,0,0
BRDA:683,68,1,0
BRF:142
BRH:0
end_of_record
TN:
SF:frontend/src/pages/PartnerList.tsx
FN:12,(anonymous_26)
FN:33,(anonymous_27)
FN:34,(anonymous_28)
FN:52,(anonymous_31)
FN:62,(anonymous_32)
FN:69,(anonymous_33)
FN:81,(anonymous_34)
FN:85,(anonymous_35)
FN:90,(anonymous_36)
FN:95,(anonymous_37)
FN:95,(anonymous_38)
FN:100,(anonymous_40)
FN:158,(anonymous_41)
FN:158,(anonymous_42)
FN:176,(anonymous_44)
FN:190,(anonymous_45)
FN:233,(anonymous_46)
FN:249,(anonymous_47)
FN:267,(anonymous_48)
FN:277,(anonymous_49)
FN:301,(anonymous_50)
FNF:21
FNH:0
FNDA:0,(anonymous_26)
FNDA:0,(anonymous_27)
FNDA:0,(anonymous_28)
FNDA:0,(anonymous_31)
FNDA:0,(anonymous_32)
FNDA:0,(anonymous_33)
FNDA:0,(anonymous_34)
FNDA:0,(anonymous_35)
FNDA:0,(anonymous_36)
FNDA:0,(anonymous_37)
FNDA:0,(anonymous_38)
FNDA:0,(anonymous_40)
FNDA:0,(anonymous_41)
FNDA:0,(anonymous_42)
FNDA:0,(anonymous_44)
FNDA:0,(anonymous_45)
FNDA:0,(anonymous_46)
FNDA:0,(anonymous_47)
FNDA:0,(anonymous_48)
FNDA:0,(anonymous_49)
FNDA:0,(anonymous_50)
DA:1,0
DA:2,0
DA:5,0
DA:7,0
DA:8,0
DA:10,0
DA:12,0
DA:13,0
DA:14,0
DA:15,0
DA:16,0
DA:17,0
DA:18,0
DA:21,0
DA:24,0
DA:33,0
DA:34,0
DA:35,0
DA:36,0
DA:38,0
DA:39,0
DA:41,0
DA:42,0
DA:44,0
DA:48,0
DA:52,0
DA:54,0
DA:55,0
DA:56,0
DA:57,0
DA:61,0
DA:62,0
DA:63,0
DA:69,0
DA:71,0
DA:81,0
DA:85,0
DA:86,0
DA:90,0
DA:91,0
DA:95,0
DA:97,0
DA:98,0
DA:100,0
DA:101,0
DA:104,0
DA:107,0
DA:108,0
DA:111,0
DA:112,0
DA:115,0
DA:116,0
DA:120,0
DA:121,0
DA:122,0
DA:123,0
DA:126,0
DA:127,0
DA:128,0
DA:129,0
DA:132,0
DA:136,0
DA:139,0
DA:140,0
DA:143,0
DA:145,0
DA:146,0
DA:148,0
DA:150,0
DA:154,0
DA:158,0
DA:160,0
DA:161,0
DA:166,0
DA:167,0
DA:169,0
DA:170,0
DA:171,0
DA:176,0
DA:191,0
DA:192,0
DA:194,0
DA:234,0
DA:235,0
DA:236,0
DA:250,0
DA:251,0
DA:254,0
DA:256,0
DA:257,0
DA:259,0
DA:268,0
DA:271,0
DA:273,0
DA:277,0
DA:289,0
DA:298,0
DA:301,0
DA:302,0
DA:303,0
DA:308,0
DA:326,0
DA:374,0
LF:103
LH:0
BRDA:41,0,0,0
BRDA:41,0,1,0
BRDA:41,1,0,0
BRDA:41,1,1,0
BRDA:41,2,0,0
BRDA:41,2,1,0
BRDA:41,3,0,0
BRDA:41,3,1,0
BRDA:41,4,0,0
BRDA:41,4,1,0
BRDA:54,5,0,0
BRDA:54,5,1,0
BRDA:55,6,0,0
BRDA:150,7,0,0
BRDA:97,8,0,0
BRDA:107,9,0,0
BRDA:107,10,0,0
BRDA:107,10,1,0
BRDA:111,11,0,0
BRDA:111,12,0,0
BRDA:111,12,1,0
BRDA:115,13,0,0
BRDA:115,14,0,0
BRDA:115,14,1,0
BRDA:120,15,0,0
BRDA:121,16,0,0
BRDA:122,17,0,0
BRDA:123,18,0,0
BRDA:126,19,0,0
BRDA:126,19,1,0
BRDA:145,20,0,0
BRDA:145,20,1,0
BRDA:145,21,0,0
BRDA:145,21,1,0
BRDA:145,22,0,0
BRDA:145,22,1,0
BRDA:145,23,0,0
BRDA:145,23,1,0
BRDA:145,24,0,0
BRDA:145,24,1,0
BRDA:160,25,0,0
BRDA:191,26,0,0
BRDA:234,27,0,0
BRDA:251,28,0,0
BRDA:254,29,0,0
BRDA:254,29,1,0
BRDA:256,30,0,0
BRDA:256,30,1,0
BRDA:268,31,0,0
BRDA:268,31,1,0
BRDA:268,32,0,0
BRDA:268,32,1,0
BRDA:268,33,0,0
BRDA:268,33,1,0
BRDA:271,34,0,0
BRDA:271,35,0,0
BRDA:271,35,1,0
BRDA:271,36,0,0
BRDA:271,36,1,0
BRDA:271,37,0,0
BRDA:271,37,1,0
BRDA:298,38,0,0
BRDA:298,38,1,0
BRDA:302,39,0,0
BRDA:310,40,0,0
BRDA:310,40,1,0
BRDA:312,41,0,0
BRDA:312,41,1,0
BRDA:341,42,0,0
BRDA:341,42,1,0
BRF:70
BRH:0
end_of_record
TN:
SF:frontend/src/pages/ProjectApprovalRequest.tsx
FN:9,(anonymous_23)
FN:18,(anonymous_24)
FN:21,(anonymous_25)
FN:37,(anonymous_28)
FN:37,(anonymous_29)
FN:57,(anonymous_31)
FN:64,(anonymous_32)
FN:140,(anonymous_33)
FNF:8
FNH:0
FNDA:0,(anonymous_23)
FNDA:0,(anonymous_24)
FNDA:0,(anonymous_25)
FNDA:0,(anonymous_28)
FNDA:0,(anonymous_29)
FNDA:0,(anonymous_31)
FNDA:0,(anonymous_32)
FNDA:0,(anonymous_33)
DA:1,0
DA:2,0
DA:3,0
DA:4,0
DA:5,0
DA:6,0
DA:7,0
DA:9,0
DA:10,0
DA:11,0
DA:12,0
DA:13,0
DA:14,0
DA:15,0
DA:18,0
DA:19,0
DA:21,0
DA:22,0
DA:24,0
DA:25,0
DA:27,0
DA:29,0
DA:33,0
DA:37,0
DA:38,0
DA:39,0
DA:41,0
DA:44,0
DA:46,0
DA:47,0
DA:48,0
DA:50,0
DA:52,0
DA:57,0
DA:58,0
DA:59,0
DA:60,0
DA:64,0
DA:65,0
DA:68,0
DA:69,0
DA:72,0
DA:73,0
DA:81,0
DA:82,0
DA:90,0
DA:140,0
DA:161,0
LF:48
LH:0
BRDA:19,0,0,0
BRDA:27,1,0,0
BRDA:27,1,1,0
BRDA:27,2,0,0
BRDA:27,2,1,0
BRDA:27,3,0,0
BRDA:27,3,1,0
BRDA:27,4,0,0
BRDA:27,4,1,0
BRDA:27,5,0,0
BRDA:27,5,1,0
BRDA:39,6,0,0
BRDA:50,7,0,0
BRDA:50,7,1,0
BRDA:50,8,0,0
BRDA:50,8,1,0
BRDA:50,9,0,0
BRDA:50,9,1,0
BRDA:50,10,0,0
BRDA:50,10,1,0
BRDA:50,11,0,0
BRDA:50,11,1,0
BRDA:58,12,0,0
BRDA:68,13,0,0
BRDA:68,14,0,0
BRDA:68,14,1,0
BRDA:72,15,0,0
BRDA:72,16,0,0
BRDA:72,16,1,0
BRDA:81,17,0,0
BRDA:99,18,0,0
BRDA:99,18,1,0
BRDA:126,19,0,0
BRDA:126,19,1,0
BRDA:152,20,0,0
BRDA:152,20,1,0
BRF:36
BRH:0
end_of_record
TN:
SF:frontend/src/pages/ProjectDetail.tsx
FN:12,(anonymous_23)
FN:24,(anonymous_24)
FN:27,(anonymous_25)
FN:48,(anonymous_28)
FN:51,(anonymous_29)
FN:67,(anonymous_32)
FN:74,(anonymous_33)
FN:94,(anonymous_34)
FN:128,(anonymous_37)
FN:151,(anonymous_38)
FN:166,(anonymous_39)
FN:173,(anonymous_40)
FN:273,(anonymous_41)
FN:283,(anonymous_42)
FN:305,(anonymous_43)
FNF:15
FNH:0
FNDA:0,(anonymous_23)
FNDA:0,(anonymous_24)
FNDA:0,(anonymous_25)
FNDA:0,(anonymous_28)
FNDA:0,(anonymous_29)
FNDA:0,(anonymous_32)
FNDA:0,(anonymous_33)
FNDA:0,(anonymous_34)
FNDA:0,(anonymous_37)
FNDA:0,(anonymous_38)
FNDA:0,(anonymous_39)
FNDA:0,(anonymous_40)
FNDA:0,(anonymous_41)
FNDA:0,(anonymous_42)
FNDA:0,(anonymous_43)
DA:1,0
DA:2,0
DA:3,0
DA:4,0
DA:5,0
DA:6,0
DA:7,0
DA:8,0
DA:9,0
DA:10,0
DA:12,0
DA:13,0
DA:14,0
DA:16,0
DA:17,0
DA:18,0
DA:19,0
DA:20,0
DA:21,0
DA:22,0
DA:24,0
DA:25,0
DA:27,0
DA:28,0
DA:29,0
DA:32,0
DA:33,0
DA:36,0
DA:38,0
DA:39,0
DA:41,0
DA:45,0
DA:48,0
DA:49,0
DA:51,0
DA:52,0
DA:54,0
DA:55,0
DA:57,0
DA:59,0
DA:63,0
DA:67,0
DA:68,0
DA:69,0
DA:70,0
DA:74,0
DA:75,0
DA:77,0
DA:79,0
DA:81,0
DA:83,0
DA:85,0
DA:87,0
DA:89,0
DA:94,0
DA:95,0
DA:98,0
DA:104,0
DA:105,0
DA:106,0
DA:108,0
DA:110,0
DA:111,0
DA:115,0
DA:116,0
DA:123,0
DA:124,0
DA:128,0
DA:137,0
DA:144,0
DA:151,0
DA:166,0
DA:173,0
DA:273,0
DA:285,0
DA:322,0
LF:76
LH:0
BRDA:25,0,0,0
BRDA:36,1,0,0
BRDA:36,1,1,0
BRDA:38,2,0,0
BRDA:38,2,1,0
BRDA:49,3,0,0
BRDA:49,4,0,0
BRDA:49,4,1,0
BRDA:68,5,0,0
BRDA:75,6,0,0
BRDA:75,6,1,0
BRDA:75,6,2,0
BRDA:75,6,3,0
BRDA:75,6,4,0
BRDA:75,6,5,0
BRDA:75,6,6,0
BRDA:95,7,0,0
BRDA:95,8,0,0
BRDA:95,8,1,0
BRDA:110,9,0,0
BRDA:110,9,1,0
BRDA:110,10,0,0
BRDA:110,10,1,0
BRDA:110,11,0,0
BRDA:110,11,1,0
BRDA:110,12,0,0
BRDA:110,12,1,0
BRDA:110,13,0,0
BRDA:110,13,1,0
BRDA:115,14,0,0
BRDA:123,15,0,0
BRDA:156,16,0,0
BRDA:156,16,1,0
BRDA:156,16,2,0
BRDA:173,17,0,0
BRDA:173,17,1,0
BRDA:179,18,0,0
[...]
BRDA:447,21,0,0
BRDA:463,22,0,0
BRDA:463,22,1,0
BRDA:479,23,0,0
BRDA:475,24,0,0
BRDA:492,25,0,0
BRDA:492,25,1,0
BRDA:504,26,0,0
BRDA:504,26,1,0
BRDA:504,27,0,0
BRDA:504,27,1,0
BRDA:510,28,0,0
BRDA:510,28,1,0
BRDA:511,29,0,0
BRDA:511,29,1,0
BRDA:516,30,0,0
BRDA:516,30,1,0
BRDA:522,31,0,0
BRDA:522,31,1,0
BRDA:530,32,0,0
BRDA:530,32,1,0
BRDA:530,32,2,0
BRDA:541,33,0,0
BRDA:541,33,1,0
BRDA:541,33,2,0
BRDA:555,34,0,0
BRDA:555,34,1,0
BRDA:567,35,0,0
BRDA:567,35,1,0
BRDA:584,36,0,0
BRDA:584,36,1,0
BRDA:615,37,0,0
BRDA:615,37,1,0
BRDA:681,38,0,0
BRDA:681,38,1,0
BRDA:691,39,0,0
BRDA:691,39,1,0
BRDA:756,40,0,0
BRDA:756,40,1,0
BRF:82
BRH:0
end_of_record
TN:
SF:frontend/src/services/antisocialCheckService.ts
FN:46,(anonymous_14)
FN:61,(anonymous_17)
FN:76,(anonymous_20)
FN:91,(anonymous_23)
FN:107,(anonymous_26)
FN:122,(anonymous_29)
FNF:6
FNH:0
FNDA:0,(anonymous_14)
FNDA:0,(anonymous_17)
FNDA:0,(anonymous_20)
FNDA:0,(anonymous_23)
FNDA:0,(anonymous_26)
FNDA:0,(anonymous_29)
DA:1,0
DA:41,0
DA:48,0
DA:49,0
DA:51,0
DA:52,0
DA:63,0
DA:64,0
DA:66,0
DA:67,0
DA:78,0
DA:79,0
DA:81,0
DA:82,0
DA:93,0
DA:94,0
DA:96,0
DA:97,0
DA:109,0
DA:110,0
DA:112,0
DA:113,0
DA:124,0
DA:125,0
DA:127,0
DA:128,0
DA:133,0
LF:27
LH:0
BRF:0
BRH:0
end_of_record
TN:
SF:frontend/src/services/api.ts
FN:6,(anonymous_15)
FN:41,(anonymous_16)
FN:55,(anonymous_17)
FN:62,(anonymous_18)
FN:65,(anonymous_19)
FN:92,(anonymous_20)
FN:106,(anonymous_23)
FNF:7
FNH:0
FNDA:0,(anonymous_15)
FNDA:0,(anonymous_16)
FNDA:0,(anonymous_17)
FNDA:0,(anonymous_18)
FNDA:0,(anonymous_19)
FNDA:0,(anonymous_20)
FNDA:0,(anonymous_23)
DA:1,0
DA:2,0
DA:6,0
DA:8,0
DA:9,0
DA:13,0
DA:15,0
DA:19,0
DA:23,0
DA:26,0
DA:29,0
DA:40,0
DA:43,0
DA:44,0
DA:46,0
DA:47,0
DA:50,0
DA:53,0
DA:56,0
DA:61,0
DA:63,0
DA:67,0
DA:68,0
DA:69,0
DA:70,0
DA:72,0
DA:76,0
DA:77,0
DA:82,0
DA:83,0
DA:84,0
DA:87,0
DA:92,0
DA:94,0
DA:98,0
DA:105,0
DA:106,0
DA:107,0
DA:111,0
DA:116,0
DA:118,0
LF:41
LH:0
BRDA:8,0,0,0
BRDA:13,1,0,0
BRDA:46,2,0,0
BRDA:46,3,0,0
BRDA:46,3,1,0
BRDA:67,4,0,0
BRDA:67,5,0,0
BRDA:67,5,1,0
BRDA:67,6,0,0
BRDA:67,6,1,0
BRDA:76,7,0,0
BRDA:76,8,0,0
BRDA:76,8,1,0
BRDA:82,9,0,0
BRDA:82,10,0,0
BRDA:82,10,1,0
BRDA:92,11,0,0
BRDA:92,12,0,0
BRDA:94,13,0,0
BRDA:94,13,1,0
BRDA:98,14,0,0
BRDA:98,15,0,0
BRDA:98,15,1,0
BRDA:98,15,2,0
BRDA:98,15,3,0
BRDA:98,15,4,0
BRDA:105,16,0,0
BRF:27
BRH:0
end_of_record
TN:
SF:frontend/src/services/applicationService.ts
FN:94,(anonymous_14)
FN:109,(anonymous_17)
FN:124,(anonymous_20)
FN:139,(anonymous_23)
FN:154,(anonymous_26)
FN:169,(anonymous_29)
FN:185,(anonymous_32)
FN:200,(anonymous_35)
FN:214,(anonymous_38)
FN:229,(anonymous_41)
FN:244,(anonymous_44)
FN:259,(anonymous_47)
FN:275,(anonymous_50)
FN:290,(anonymous_53)
FNF:14
FNH:0
FNDA:0,(anonymous_14)
FNDA:0,(anonymous_17)
FNDA:0,(anonymous_20)
FNDA:0,(anonymous_23)
FNDA:0,(anonymous_26)
FNDA:0,(anonymous_29)
FNDA:0,(anonymous_32)
FNDA:0,(anonymous_35)
FNDA:0,(anonymous_38)
FNDA:0,(anonymous_41)
FNDA:0,(anonymous_44)
FNDA:0,(anonymous_47)
FNDA:0,(anonymous_50)
FNDA:0,(anonymous_53)
DA:1,0
DA:89,0
DA:96,0
DA:97,0
DA:99,0
DA:100,0
DA:111,0
DA:112,0
DA:114,0
DA:115,0
DA:126,0
DA:127,0
DA:129,0
DA:130,0
DA:141,0
DA:142,0
DA:144,0
DA:145,0
DA:156,0
DA:157,0
DA:159,0
DA:160,0
DA:171,0
DA:172,0
DA:174,0
DA:175,0
DA:187,0
DA:188,0
DA:190,0
DA:191,0
DA:202,0
DA:203,0
DA:205,0
DA:206,0
DA:216,0
DA:217,0
DA:219,0
DA:220,0
DA:231,0
DA:232,0
DA:234,0
DA:235,0
DA:246,0
DA:247,0
DA:249,0
DA:250,0
DA:261,0
DA:262,0
DA:264,0
DA:265,0
DA:277,0
DA:278,0
DA:280,0
DA:281,0
DA:292,0
DA:293,0
DA:295,0
DA:296,0
DA:301,0
LF:59
LH:0
BRF:0
BRH:0
end_of_record
TN:
SF:frontend/src/services/authService.ts
FN:24,(anonymous_14)
FN:100,(anonymous_17)
FN:108,(anonymous_18)
FN:120,(anonymous_21)
FN:127,(anonymous_22)
FNF:5
FNH:0
FNDA:0,(anonymous_14)
FNDA:0,(anonymous_17)
FNDA:0,(anonymous_18)
FNDA:0,(anonymous_21)
FNDA:0,(anonymous_22)
DA:1,0
DA:2,0
DA:17,0
DA:18,0
DA:20,0
DA:27,0
DA:28,0
DA:32,0
DA:33,0
DA:34,0
DA:45,0
DA:46,0
DA:48,0
DA:50,0
DA:55,0
DA:58,0
DA:59,0
DA:63,0
DA:64,0
DA:66,0
DA:69,0
DA:71,0
DA:72,0
DA:73,0
DA:74,0
DA:75,0
DA:76,0
DA:77,0
DA:79,0
DA:81,0
DA:82,0
DA:83,0
DA:84,0
DA:88,0
DA:89,0
DA:90,0
DA:91,0
DA:93,0
DA:101,0
DA:102,0
DA:110,0
DA:111,0
DA:113,0
DA:121,0
DA:128,0
DA:129,0
DA:131,0
DA:132,0
DA:134,0
DA:139,0
LF:50
LH:0
BRDA:27,0,0,0
BRDA:27,1,0,0
BRDA:27,1,1,0
BRDA:32,2,0,0
BRDA:32,3,0,0
BRDA:32,3,1,0
BRDA:33,4,0,0
BRDA:33,4,1,0
BRDA:33,5,0,0
BRDA:33,5,1,0
BRDA:58,6,0,0
BRDA:58,7,0,0
BRDA:58,7,1,0
BRDA:58,7,2,0
BRDA:71,8,0,0
BRDA:71,8,1,0
BRDA:72,9,0,0
BRDA:72,9,1,0
BRDA:73,10,0,0
BRDA:73,10,1,0
BRDA:74,11,0,0
BRDA:74,11,1,0
BRDA:76,12,0,0
BRDA:76,12,1,0
BRDA:76,13,0,0
BRDA:76,13,1,0
BRDA:81,14,0,0
BRDA:81,14,1,0
BRDA:81,15,0,0
BRDA:81,15,1,0
BRDA:83,16,0,0
BRDA:91,17,0,0
BRDA:91,17,1,0
BRDA:129,18,0,0
BRF:34
BRH:0
end_of_record
TN:
SF:frontend/src/services/baseContractService.ts
FN:50,(anonymous_14)
FN:65,(anonymous_17)
FN:80,(anonymous_20)
FN:94,(anonymous_23)
FN:109,(anonymous_26)
FN:124,(anonymous_29)
FN:140,(anonymous_32)
FN:155,(anonymous_35)
FNF:8
FNH:0
FNDA:0,(anonymous_14)
FNDA:0,(anonymous_17)
FNDA:0,(anonymous_20)
FNDA:0,(anonymous_23)
FNDA:0,(anonymous_26)
FNDA:0,(anonymous_29)
FNDA:0,(anonymous_32)
FNDA:0,(anonymous_35)
DA:1,0
DA:45,0
DA:52,0
DA:53,0
DA:55,0
DA:56,0
DA:67,0
DA:68,0
DA:70,0
DA:71,0
DA:80,0
DA:82,0
DA:83,0
DA:85,0
DA:86,0
DA:96,0
DA:97,0
DA:99,0
DA:100,0
DA:111,0
DA:112,0
DA:114,0
DA:115,0
DA:126,0
DA:127,0
DA:129,0
DA:130,0
DA:142,0
DA:143,0
DA:145,0
DA:146,0
DA:157,0
DA:158,0
DA:160,0
DA:161,0
DA:166,0
LF:36
LH:0
BRDA:80,0,0,0
BRF:1
BRH:0
end_of_record
TN:
SF:frontend/src/services/contactPersonService.ts
FN:48,(anonymous_14)
FN:63,(anonymous_17)
FN:78,(anonymous_20)
FN:93,(anonymous_23)
FN:109,(anonymous_26)
FN:124,(anonymous_29)
FNF:6
FNH:0
FNDA:0,(anonymous_14)
FNDA:0,(anonymous_17)
FNDA:0,(anonymous_20)
FNDA:0,(anonymous_23)
FNDA:0,(anonymous_26)
FNDA:0,(anonymous_29)
DA:1,0
DA:43,0
DA:50,0
DA:51,0
DA:53,0
DA:54,0
DA:65,0
DA:66,0
DA:68,0
DA:69,0
DA:80,0
DA:81,0
DA:83,0
DA:84,0
DA:95,0
DA:96,0
DA:98,0
DA:99,0
DA:111,0
DA:112,0
DA:114,0
DA:115,0
DA:126,0
DA:127,0
DA:129,0
DA:130,0
DA:135,0
LF:27
LH:0
BRF:0
BRH:0
end_of_record
TN:
SF:frontend/src/services/contractService.ts
FN:53,(anonymous_14)
FN:68,(anonymous_17)
FN:83,(anonymous_20)
FN:87,(anonymous_23)
FN:99,(anonymous_24)
FN:103,(anonymous_27)
FN:115,(anonymous_28)
FN:131,(anonymous_31)
FN:146,(anonymous_34)
FNF:9
FNH:0
FNDA:0,(anonymous_14)
FNDA:0,(anonymous_17)
FNDA:0,(anonymous_20)
FNDA:0,(anonymous_23)
FNDA:0,(anonymous_24)
FNDA:0,(anonymous_27)
FNDA:0,(anonymous_28)
FNDA:0,(anonymous_31)
FNDA:0,(anonymous_34)
DA:1,0
DA:48,0
DA:55,0
DA:56,0
DA:58,0
DA:59,0
DA:70,0
DA:71,0
DA:73,0
DA:74,0
DA:86,0
DA:87,0
DA:89,0
DA:90,0
DA:102,0
DA:103,0
DA:105,0
DA:106,0
DA:117,0
DA:118,0
DA:120,0
DA:121,0
DA:133,0
DA:134,0
DA:136,0
DA:137,0
DA:148,0
DA:149,0
DA:151,0
DA:152,0
DA:157,0
LF:31
LH:0
BRF:0
BRH:0
end_of_record
TN:
SF:frontend/src/services/creditCheckService.ts
FN:24,(anonymous_14)
FN:24,(anonymous_15)
FN:29,(anonymous_17)
FN:29,(anonymous_18)
FN:34,(anonymous_20)
FN:34,(anonymous_21)
FN:39,(anonymous_23)
FN:39,(anonymous_24)
FN:44,(anonymous_26)
FN:44,(anonymous_27)
FN:49,(anonymous_29)
FN:49,(anonymous_30)
FNF:12
FNH:0
FNDA:0,(anonymous_14)
FNDA:0,(anonymous_15)
FNDA:0,(anonymous_17)
FNDA:0,(anonymous_18)
FNDA:0,(anonymous_20)
FNDA:0,(anonymous_21)
FNDA:0,(anonymous_23)
FNDA:0,(anonymous_24)
FNDA:0,(anonymous_26)
FNDA:0,(anonymous_27)
FNDA:0,(anonymous_29)
FNDA:0,(anonymous_30)
DA:1,0
DA:2,0
DA:23,0
DA:24,0
DA:25,0
DA:26,0
DA:29,0
DA:30,0
DA:31,0
DA:34,0
DA:35,0
DA:36,0
DA:39,0
DA:40,0
DA:41,0
DA:44,0
DA:45,0
DA:46,0
DA:49,0
DA:50,0
DA:54,0
LF:21
LH:0
BRDA:25,0,0,0
BRDA:30,1,0,0
BRDA:35,2,0,0
BRDA:40,3,0,0
BRDA:45,4,0,0
BRDA:50,5,0,0
BRF:6
BRH:0
end_of_record
TN:
SF:frontend/src/services/departmentService.ts
FN:21,(anonymous_15)
FN:43,(anonymous_18)
FN:57,(anonymous_21)
FN:76,(anonymous_22)
FN:80,(anonymous_25)
FN:95,(anonymous_26)
FN:117,(anonymous_29)
FN:125,(anonymous_30)
FN:132,(anonymous_31)
FNF:9
FNH:0
FNDA:0,(anonymous_15)
FNDA:0,(anonymous_18)
FNDA:0,(anonymous_21)
FNDA:0,(anonymous_22)
FNDA:0,(anonymous_25)
FNDA:0,(anonymous_26)
FNDA:0,(anonymous_29)
FNDA:0,(anonymous_30)
FNDA:0,(anonymous_31)
DA:1,0
DA:5,0
DA:7,0
DA:9,0
DA:11,0
DA:16,0
DA:24,0
DA:25,0
DA:28,0
DA:30,0
DA:31,0
DA:32,0
DA:34,0
DA:35,0
DA:46,0
DA:47,0
DA:50,0
DA:53,0
DA:56,0
DA:57,0
DA:58,0
DA:59,0
DA:63,0
DA:64,0
DA:66,0
DA:67,0
DA:79,0
DA:80,0
DA:83,0
DA:84,0
DA:86,0
DA:87,0
DA:98,0
DA:99,0
DA:102,0
DA:104,0
DA:105,0
DA:106,0
DA:108,0
DA:109,0
DA:118,0
DA:126,0
DA:133,0
DA:134,0
DA:135,0
DA:139,0
LF:46
LH:0
BRDA:24,0,0,0
BRDA:24,1,0,0
BRDA:24,1,1,0
BRDA:46,2,0,0
BRDA:46,3,0,0
BRDA:46,3,1,0
BRDA:46,3,2,0
BRDA:58,4,0,0
BRDA:58,5,0,0
BRDA:58,5,1,0
BRDA:79,6,0,0
BRDA:79,7,0,0
BRDA:79,7,1,0
BRDA:98,8,0,0
BRDA:98,9,0,0
BRDA:98,9,1,0
BRF:16
BRH:0
end_of_record
TN:
SF:frontend/src/services/evaluationService.ts
FN:76,(anonymous_14)
FN:91,(anonymous_17)
FN:106,(anonymous_20)
FN:121,(anonymous_23)
FN:136,(anonymous_26)
FN:151,(anonymous_29)
FN:167,(anonymous_32)
FN:182,(anonymous_35)
FN:197,(anonymous_38)
FN:212,(anonymous_41)
FNF:10
FNH:0
FNDA:0,(anonymous_14)
FNDA:0,(anonymous_17)
FNDA:0,(anonymous_20)
FNDA:0,(anonymous_23)
FNDA:0,(anonymous_26)
FNDA:0,(anonymous_29)
FNDA:0,(anonymous_32)
FNDA:0,(anonymous_35)
FNDA:0,(anonymous_38)
FNDA:0,(anonymous_41)
DA:1,0
DA:71,0
DA:78,0
DA:79,0
DA:81,0
DA:82,0
DA:93,0
DA:94,0
DA:96,0
DA:97,0
DA:108,0
DA:109,0
DA:111,0
DA:112,0
DA:123,0
DA:124,0
DA:126,0
DA:127,0
DA:138,0
DA:139,0
DA:141,0
DA:142,0
DA:153,0
DA:154,0
DA:156,0
DA:157,0
DA:169,0
DA:170,0
DA:172,0
DA:173,0
DA:184,0
DA:185,0
DA:187,0
DA:188,0
DA:199,0
DA:200,0
DA:202,0
DA:203,0
DA:214,0
DA:215,0
DA:217,0
DA:218,0
DA:223,0
LF:43
LH:0
BRF:0
BRH:0
end_of_record
TN:
SF:frontend/src/services/fileUploadService.ts
FN:5,(anonymous_14)
FN:6,(anonymous_16)
FN:15,(anonymous_19)
FN:24,(anonymous_22)
FN:29,(anonymous_25)
FN:34,(anonymous_28)
FN:38,(anonymous_31)
FNF:7
FNH:0
FNDA:0,(anonymous_14)
FNDA:0,(anonymous_16)
FNDA:0,(anonymous_19)
FNDA:0,(anonymous_22)
FNDA:0,(anonymous_25)
FNDA:0,(anonymous_28)
FNDA:0,(anonymous_31)
DA:1,0
DA:3,0
DA:5,0
DA:6,0
DA:7,0
DA:12,0
DA:15,0
DA:16,0
DA:21,0
DA:24,0
DA:25,0
DA:26,0
DA:29,0
DA:30,0
DA:31,0
DA:34,0
DA:35,0
DA:38,0
DA:39,0
DA:40,0
DA:42,0
DA:44,0
LF:22
LH:0
BRDA:7,0,0,0
BRDA:16,1,0,0
BRDA:25,2,0,0
BRDA:30,3,0,0
BRDA:39,4,0,0
BRF:5
BRH:0
end_of_record
TN:
SF:frontend/src/services/masterDataService.ts
FN:18,(anonymous_16)
FN:20,(anonymous_18)
FN:31,(anonymous_21)
FN:42,(anonymous_24)
FN:53,(anonymous_27)
FN:67,(anonymous_30)
FN:78,(anonymous_33)
FN:88,(anonymous_36)
FNF:8
FNH:0
FNDA:0,(anonymous_16)
FNDA:0,(anonymous_18)
FNDA:0,(anonymous_21)
FNDA:0,(anonymous_24)
FNDA:0,(anonymous_27)
FNDA:0,(anonymous_30)
FNDA:0,(anonymous_33)
FNDA:0,(anonymous_36)
DA:1,0
DA:2,0
DA:18,0
DA:20,0
DA:22,0
DA:23,0
DA:25,0
DA:26,0
DA:31,0
DA:33,0
DA:34,0
DA:36,0
DA:37,0
DA:42,0
DA:44,0
DA:45,0
DA:47,0
DA:48,0
DA:53,0
DA:55,0
DA:59,0
DA:61,0
DA:62,0
DA:67,0
DA:69,0
DA:70,0
DA:72,0
DA:73,0
DA:78,0
DA:80,0
DA:82,0
DA:83,0
DA:88,0
DA:90,0
DA:92,0
DA:93,0
DA:96,0
DA:98,0
LF:38
LH:0
BRF:0
BRH:0
end_of_record
TN:
SF:frontend/src/services/notificationService.ts
FN:41,(anonymous_14)
FN:56,(anonymous_17)
FN:71,(anonymous_20)
FN:86,(anonymous_23)
FN:101,(anonymous_26)
FN:116,(anonymous_29)
FN:132,(anonymous_32)
FN:147,(anonymous_35)
FN:162,(anonymous_38)
FN:177,(anonymous_41)
FN:194,(anonymous_44)
FN:216,(anonymous_47)
FN:239,(anonymous_50)
FN:262,(anonymous_53)
FNF:14
FNH:0
FNDA:0,(anonymous_14)
FNDA:0,(anonymous_17)
FNDA:0,(anonymous_20)
FNDA:0,(anonymous_23)
FNDA:0,(anonymous_26)
FNDA:0,(anonymous_29)
FNDA:0,(anonymous_32)
FNDA:0,(anonymous_35)
FNDA:0,(anonymous_38)
FNDA:0,(anonymous_41)
FNDA:0,(anonymous_44)
FNDA:0,(anonymous_47)
FNDA:0,(anonymous_50)
FNDA:0,(anonymous_53)
DA:1,0
DA:36,0
DA:43,0
DA:44,0
DA:46,0
DA:47,0
DA:58,0
DA:59,0
DA:61,0
DA:62,0
DA:73,0
DA:74,0
DA:76,0
DA:77,0
DA:88,0
DA:89,0
DA:91,0
DA:92,0
DA:103,0
DA:104,0
DA:106,0
DA:107,0
DA:118,0
DA:119,0
DA:121,0
DA:122,0
DA:134,0
DA:135,0
DA:137,0
DA:138,0
DA:149,0
DA:150,0
DA:152,0
DA:153,0
DA:164,0
DA:165,0
DA:167,0
DA:168,0
DA:179,0
DA:180,0
DA:182,0
DA:183,0
DA:196,0
DA:201,0
DA:203,0
DA:204,0
DA:218,0
DA:224,0
DA:226,0
DA:227,0
DA:241,0
DA:247,0
DA:249,0
DA:250,0
DA:264,0
DA:270,0
DA:272,0
DA:273,0
DA:278,0
LF:59
LH:0
BRF:0
BRH:0
end_of_record
TN:
SF:frontend/src/services/partnerService.ts
FN:55,(anonymous_14)
FN:70,(anonymous_17)
FN:85,(anonymous_20)
FN:101,(anonymous_23)
FN:116,(anonymous_26)
FNF:5
FNH:0
FNDA:0,(anonymous_14)
FNDA:0,(anonymous_17)
FNDA:0,(anonymous_20)
FNDA:0,(anonymous_23)
FNDA:0,(anonymous_26)
DA:1,0
DA:50,0
DA:57,0
DA:58,0
DA:60,0
DA:61,0
DA:72,0
DA:73,0
DA:75,0
DA:76,0
DA:87,0
DA:88,0
DA:90,0
DA:91,0
DA:103,0
DA:104,0
DA:106,0
DA:107,0
DA:118,0
DA:119,0
DA:121,0
DA:122,0
DA:127,0
LF:23
LH:0
BRF:0
BRH:0
end_of_record
TN:
SF:frontend/src/services/projectService.ts
FN:54,(anonymous_14)
FN:56,(anonymous_16)
FN:67,(anonymous_19)
FN:78,(anonymous_22)
FN:83,(anonymous_25)
FN:98,(anonymous_26)
FN:109,(anonymous_29)
FN:120,(anonymous_32)
FN:130,(anonymous_35)
FN:141,(anonymous_38)
FN:152,(anonymous_41)
FN:163,(anonymous_44)
FN:168,(anonymous_47)
FN:173,(anonymous_50)
FN:178,(anonymous_53)
FNF:15
FNH:0
FNDA:0,(anonymous_14)
FNDA:0,(anonymous_16)
FNDA:0,(anonymous_19)
FNDA:0,(anonymous_22)
FNDA:0,(anonymous_25)
FNDA:0,(anonymous_26)
FNDA:0,(anonymous_29)
FNDA:0,(anonymous_32)
FNDA:0,(anonymous_35)
FNDA:0,(anonymous_38)
FNDA:0,(anonymous_41)
FNDA:0,(anonymous_44)
FNDA:0,(anonymous_47)
FNDA:0,(anonymous_50)
FNDA:0,(anonymous_53)
DA:1,0
DA:54,0
DA:56,0
DA:58,0
DA:59,0
DA:61,0
DA:62,0
DA:67,0
DA:69,0
DA:70,0
DA:72,0
DA:73,0
DA:78,0
DA:81,0
DA:83,0
DA:84,0
DA:85,0
DA:89,0
DA:90,0
DA:92,0
DA:93,0
DA:98,0
DA:100,0
DA:101,0
DA:103,0
DA:104,0
DA:109,0
DA:111,0
DA:112,0
DA:114,0
DA:115,0
DA:120,0
DA:122,0
DA:124,0
DA:125,0
DA:130,0
DA:132,0
DA:133,0
DA:135,0
DA:136,0
DA:141,0
DA:143,0
DA:144,0
DA:146,0
DA:147,0
DA:152,0
DA:154,0
DA:155,0
DA:157,0
DA:158,0
DA:163,0
DA:164,0
DA:168,0
DA:169,0
DA:173,0
DA:174,0
DA:178,0
DA:179,0
DA:181,0
DA:183,0
LF:60
LH:0
BRDA:84,0,0,0
BRDA:84,1,0,0
BRDA:84,1,1,0
BRDA:84,1,2,0
BRF:4
BRH:0
end_of_record
TN:
SF:frontend/src/services/sectionService.ts
FN:13,(anonymous_14)
FN:15,(anonymous_16)
FN:26,(anonymous_19)
FN:37,(anonymous_22)
FN:48,(anonymous_25)
FN:59,(anonymous_28)
FN:70,(anonymous_31)
FNF:7
FNH:0
FNDA:0,(anonymous_14)
FNDA:0,(anonymous_16)
FNDA:0,(anonymous_19)
FNDA:0,(anonymous_22)
FNDA:0,(anonymous_25)
FNDA:0,(anonymous_28)
FNDA:0,(anonymous_31)
DA:1,0
DA:2,0
DA:13,0
DA:15,0
DA:17,0
DA:18,0
DA:20,0
DA:21,0
DA:26,0
DA:28,0
DA:29,0
DA:31,0
DA:32,0
DA:37,0
DA:39,0
DA:40,0
DA:42,0
DA:43,0
DA:48,0
DA:50,0
DA:51,0
DA:53,0
DA:54,0
DA:59,0
DA:61,0
DA:62,0
DA:64,0
DA:65,0
DA:70,0
DA:72,0
DA:74,0
DA:75,0
DA:78,0
DA:80,0
LF:34
LH:0
BRF:0
BRH:0
end_of_record
TN:
SF:frontend/src/services/staffService.ts
FN:46,(anonymous_14)
FN:48,(anonymous_16)
FN:59,(anonymous_19)
FN:70,(anonymous_22)
FN:75,(anonymous_25)
FN:90,(anonymous_26)
FN:101,(anonymous_29)
FN:112,(anonymous_32)
FN:122,(anonymous_35)
FN:132,(anonymous_36)
FN:144,(anonymous_37)
FNF:11
FNH:0
FNDA:0,(anonymous_14)
FNDA:0,(anonymous_16)
FNDA:0,(anonymous_19)
FNDA:0,(anonymous_22)
FNDA:0,(anonymous_25)
FNDA:0,(anonymous_26)
FNDA:0,(anonymous_29)
FNDA:0,(anonymous_32)
FNDA:0,(anonymous_35)
FNDA:0,(anonymous_36)
FNDA:0,(anonymous_37)
DA:1,0
DA:46,0
DA:48,0
DA:50,0
DA:51,0
DA:53,0
DA:54,0
DA:59,0
DA:61,0
DA:62,0
DA:64,0
DA:65,0
DA:70,0
DA:73,0
DA:75,0
DA:76,0
DA:77,0
DA:81,0
DA:82,0
DA:84,0
DA:85,0
DA:90,0
DA:92,0
DA:93,0
DA:95,0
DA:96,0
DA:101,0
DA:103,0
DA:104,0
DA:106,0
DA:107,0
DA:112,0
DA:114,0
DA:116,0
DA:117,0
DA:122,0
DA:123,0
DA:124,0
DA:125,0
DA:126,0
DA:127,0
DA:132,0
DA:133,0
DA:134,0
DA:135,0
DA:136,0
DA:137,0
DA:138,0
DA:139,0
DA:144,0
DA:145,0
DA:147,0
DA:149,0
LF:53
LH:0
BRDA:76,0,0,0
BRDA:76,1,0,0
BRDA:76,1,1,0
BRDA:76,1,2,0
BRDA:123,2,0,0
BRDA:123,2,1,0
BRDA:123,2,2,0
BRDA:123,2,3,0
BRDA:133,3,0,0
BRDA:133,3,1,0
BRDA:133,3,2,0
BRDA:133,3,3,0
BRDA:133,3,4,0
BRDA:133,3,5,0
BRF:14
BRH:0
end_of_record
TN:
SF:frontend/src/services/userService.ts
FN:41,(anonymous_14)
FN:43,(anonymous_16)
FN:54,(anonymous_19)
FN:65,(anonymous_22)
FN:76,(anonymous_25)
FN:87,(anonymous_28)
FN:97,(anonymous_31)
FN:108,(anonymous_34)
FN:119,(anonymous_37)
FNF:9
FNH:0
FNDA:0,(anonymous_14)
FNDA:0,(anonymous_16)
FNDA:0,(anonymous_19)
FNDA:0,(anonymous_22)
FNDA:0,(anonymous_25)
FNDA:0,(anonymous_28)
FNDA:0,(anonymous_31)
FNDA:0,(anonymous_34)
FNDA:0,(anonymous_37)
DA:1,0
DA:2,0
DA:41,0
DA:43,0
DA:45,0
DA:46,0
DA:48,0
DA:49,0
DA:54,0
DA:56,0
DA:57,0
DA:59,0
DA:60,0
DA:65,0
DA:67,0
DA:68,0
DA:70,0
DA:71,0
DA:76,0
DA:78,0
DA:79,0
DA:81,0
DA:82,0
DA:87,0
DA:89,0
DA:91,0
DA:92,0
DA:97,0
DA:99,0
DA:100,0
DA:102,0
DA:103,0
DA:108,0
DA:110,0
DA:111,0
DA:113,0
DA:114,0
DA:119,0
DA:121,0
DA:126,0
DA:127,0
DA:130,0
DA:132,0
LF:43
LH:0
BRF:0
BRH:0
end_of_record
TN:
SF:frontend/src/services/workflowService.ts
FN:5,(anonymous_14)
FN:6,(anonymous_16)
FN:11,(anonymous_19)
FN:16,(anonymous_22)
FN:21,(anonymous_25)
FN:26,(anonymous_28)
FN:31,(anonymous_31)
FN:36,(anonymous_34)
FN:41,(anonymous_37)
FN:46,(anonymous_40)
FN:51,(anonymous_43)
FN:56,(anonymous_46)
FN:61,(anonymous_49)
FNF:13
FNH:0
FNDA:0,(anonymous_14)
FNDA:0,(anonymous_16)
FNDA:0,(anonymous_19)
FNDA:0,(anonymous_22)
FNDA:0,(anonymous_25)
FNDA:0,(anonymous_28)
FNDA:0,(anonymous_31)
FNDA:0,(anonymous_34)
FNDA:0,(anonymous_37)
FNDA:0,(anonymous_40)
FNDA:0,(anonymous_43)
FNDA:0,(anonymous_46)
FNDA:0,(anonymous_49)
DA:1,0
DA:3,0
DA:5,0
DA:6,0
DA:7,0
DA:8,0
DA:11,0
DA:12,0
DA:13,0
DA:16,0
DA:17,0
DA:18,0
DA:21,0
DA:22,0
DA:23,0
DA:26,0
DA:27,0
DA:28,0
DA:31,0
DA:32,0
DA:33,0
DA:36,0
DA:37,0
DA:38,0
DA:41,0
DA:42,0
DA:43,0
DA:46,0
DA:47,0
DA:48,0
DA:51,0
DA:52,0
DA:53,0
DA:56,0
DA:57,0
DA:58,0
DA:61,0
DA:62,0
DA:63,0
DA:65,0
DA:67,0
LF:41
LH:0
BRDA:7,0,0,0
BRDA:12,1,0,0
BRDA:17,2,0,0
BRDA:22,3,0,0
BRDA:27,4,0,0
BRDA:32,5,0,0
BRDA:37,6,0,0
BRDA:42,7,0,0
BRDA:47,8,0,0
BRDA:52,9,0,0
BRDA:57,10,0,0
BRDA:62,11,0,0
BRF:12
BRH:0
end_of_record
TN:
SF:frontend/src/store/authStore.ts
FN:10,(anonymous_14)
FN:32,(anonymous_15)
FN:54,(anonymous_16)
FN:68,(anonymous_17)
FN:108,(anonymous_18)
FN:119,(anonymous_19)
FN:124,(anonymous_20)
FN:137,(anonymous_21)
FN:137,(anonymous_22)
FN:206,(anonymous_24)
FN:214,(anonymous_25)
FNF:11
FNH:0
FNDA:0,(anonymous_14)
FNDA:0,(anonymous_15)
FNDA:0,(anonymous_16)
FNDA:0,(anonymous_17)
FNDA:0,(anonymous_18)
FNDA:0,(anonymous_19)
FNDA:0,(anonymous_20)
FNDA:0,(anonymous_21)
FNDA:0,(anonymous_22)
FNDA:0,(anonymous_24)
FNDA:0,(anonymous_25)
DA:1,0
DA:2,0
DA:5,0
DA:8,0
DA:11,0
DA:13,0
DA:14,0
DA:18,0
DA:19,0
DA:23,0
DA:24,0
DA:25,0
DA:26,0
DA:28,0
DA:34,0
DA:37,0
DA:38,0
DA:39,0
DA:41,0
DA:42,0
DA:43,0
DA:46,0
DA:51,0
DA:56,0
DA:59,0
DA:60,0
DA:61,0
DA:63,0
DA:70,0
DA:73,0
DA:74,0
DA:75,0
DA:77,0
DA:104,0
DA:105,0
DA:108,0
DA:109,0
DA:110,0
DA:111,0
DA:112,0
DA:114,0
DA:115,0
DA:119,0
DA:120,0
DA:124,0
DA:126,0
DA:127,0
DA:129,0
DA:137,0
DA:138,0
DA:142,0
DA:143,0
DA:144,0
DA:147,0
DA:154,0
DA:157,0
DA:158,0
DA:160,0
DA:166,0
DA:171,0
DA:173,0
DA:174,0
DA:179,0
DA:181,0
DA:185,0
DA:189,0
DA:190,0
DA:192,0
DA:201,0
DA:207,0
DA:208,0
DA:209,0
DA:210,0
DA:215,0
LF:74
LH:0
BRDA:13,0,0,0
BRDA:18,1,0,0
BRDA:34,2,0,0
BRDA:34,2,1,0
BRDA:37,3,0,0
BRDA:41,4,0,0
BRDA:59,5,0,0
BRDA:73,6,0,0
BRDA:111,7,0,0
BRDA:142,8,0,0
BRDA:142,9,0,0
BRDA:142,9,1,0
BRDA:143,10,0,0
BRDA:143,11,0,0
BRDA:143,11,1,0
BRDA:173,12,0,0
BRDA:173,12,1,0
BRDA:173,13,0,0
BRDA:173,13,1,0
BRDA:173,13,2,0
BRDA:189,14,0,0
BRDA:189,14,1,0
BRDA:190,15,0,0
BRDA:190,15,1,0
BRF:24
BRH:0
end_of_record
TN:
SF:frontend/src/store/filters/departmentFilterStore.ts
FN:18,(anonymous_0)
FN:22,(anonymous_1)
FN:28,(anonymous_2)
FN:30,(anonymous_3)
FNF:4
FNH:0
FNDA:0,(anonymous_0)
FNDA:0,(anonymous_1)
FNDA:0,(anonymous_2)
FNDA:0,(anonymous_3)
DA:1,0
DA:2,0
DA:16,0
DA:18,0
DA:22,0
DA:28,0
DA:30,0
DA:41,0
LF:8
LH:0
BRF:0
BRH:0
end_of_record
